Log file open, 09/14/17 20:07:10
LogInit:Display: Running engine for game: MyProject
LogPlatformFile: Not using cached read wrapper
LogInit:Display: RandInit(-1303192078) SRandInit(-1303192078).
LogTaskGraph: Started task graph with 5 named threads and 6 total threads with 1 sets of task threads.
LogStats: Stats thread started at 0.207649
LogInit: Using libcurl 7.47.1
LogInit:  - built for x86_64-pc-win32
LogInit:  - supports SSL with OpenSSL/1.0.2g
LogInit:  - supports HTTP deflate (compression) using libz 1.2.8
LogInit:  - other features:
LogInit:      CURL_VERSION_SSL
LogInit:      CURL_VERSION_LIBZ
LogInit:      CURL_VERSION_IPV6
LogInit:      CURL_VERSION_ASYNCHDNS
LogInit:      CURL_VERSION_LARGEFILE
LogInit:      CURL_VERSION_IDN
LogInit:  CurlRequestOptions (configurable via config and command line):
LogInit:  - bVerifyPeer = false  - Libcurl will NOT verify peer certificate
LogInit:  - bUseHttpProxy = false  - Libcurl will NOT use HTTP proxy
LogInit:  - bDontReuseConnections = false  - Libcurl will reuse connections
LogInit:  - CertBundlePath = nullptr  - Libcurl will use whatever was configured at build time.
LogInit: Build: ++UE4+Release-4.16-CL-3466753
LogInit: Engine Version: 4.16.1-3466753+++UE4+Release-4.16
LogInit: Compatible Engine Version: 4.16.0-3452394+++UE4+Release-4.16
LogInit: Net CL: 3452394
LogDevObjectVersion: Number of dev versions registered: 16
LogDevObjectVersion:   Dev-Blueprints (B0D832E4-1F89-4F0D-ACCF-7EB736FD4AA2): 9
LogDevObjectVersion:   Dev-Build (E1C64328-A22C-4D53-A36C-8E866417BD8C): 0
LogDevObjectVersion:   Dev-Core (375EC13C-06E4-48FB-B500-84F0262A717E): 2
LogDevObjectVersion:   Dev-Editor (E4B068ED-F494-42E9-A231-DA0B2E46BB41): 17
LogDevObjectVersion:   Dev-Framework (CFFC743F-43B0-4480-9391-14DF171D2073): 23
LogDevObjectVersion:   Dev-Mobile (B02B49B5-BB20-44E9-A304-32B752E40360): 0
LogDevObjectVersion:   Dev-Networking (A4E4105C-59A1-49B5-A7C5-40C4547EDFEE): 0
LogDevObjectVersion:   Dev-Online (39C831C9-5AE6-47DC-9A44-9C173E1C8E7C): 0
LogDevObjectVersion:   Dev-Physics (78F01B33-EBEA-4F98-B9B4-84EACCB95AA2): 0
LogDevObjectVersion:   Dev-Platform (6631380F-2D4D-43E0-8009-CF276956A95A): 0
LogDevObjectVersion:   Dev-Rendering (12F88B9F-8875-4AFC-A67C-D90C383ABD29): 15
LogDevObjectVersion:   Dev-Sequencer (7B5AE74C-D270-4C10-A958-57980B212A5A): 4
LogDevObjectVersion:   Dev-VR (D7296918-1DD6-4BDD-9DE2-64A83CC13884): 0
LogDevObjectVersion:   Dev-LoadTimes (C2A15278-BFE7-4AFE-6C17-90FF531DF755): 1
LogDevObjectVersion:   Private-Geometry (6EACA3D4-40EC-4CC1-B786-8BED09428FC5): 1
LogDevObjectVersion:   Dev-AnimPhys (29E575DD-E0A3-4627-9D10-D276232CDCEA): 3
LogInit: Compiled (64-bit): May 31 2017 02:03:30
LogInit: Compiled with Visual C++: 19.00.24215.01
LogInit: Build Configuration: Development
LogInit: Branch Name: ++UE4+Release-4.16
LogInit: Command line:  /Temp/Autosaves/Game/Hamster_Bread/Maps/UEDPCLevel_00 -game -PIEVIACONSOLE -ResX=1280 -ResY=720  -Multiprocess -messaging -SessionName="Play in Standalone Game" -windowed 
LogInit: Base directory: C:/Program Files/Epic Games/UE_4.16/Engine/Binaries/Win64/
LogInit: Installed Engine Build: 1
LogInit: Presizing for max 8388607 objects, including 0 objects not considered by GC, pre-allocating 0 bytes for permanent pool.
LogInit: Object subsystem initialized
[2017.09.15-00.07.14:518][  0]LogInit: Selected Device Profile: [Windows]
[2017.09.15-00.07.14:518][  0]LogInit: Applying CVar settings loaded from the selected device profile: [Windows]
[2017.09.15-00.07.14:541][  0]LogInit: Computer: DESKTOP-UJ1JGH9
[2017.09.15-00.07.14:541][  0]LogInit: User: Kareith
[2017.09.15-00.07.14:541][  0]LogInit: CPU Page size=4096, Cores=2
[2017.09.15-00.07.14:541][  0]LogInit: High frequency timer resolution =2.835941 MHz
[2017.09.15-00.07.14:543][  0]LogMemory: Memory total: Physical=11.9GB (12GB approx)
[2017.09.15-00.07.14:543][  0]LogMemory: Platform Memory Stats for Windows
[2017.09.15-00.07.14:543][  0]LogMemory: Process Physical Memory: 272.06 MB used, 272.06 MB peak
[2017.09.15-00.07.14:543][  0]LogMemory: Process Virtual Memory: 258.35 MB used, 258.35 MB peak
[2017.09.15-00.07.14:543][  0]LogMemory: Physical Memory: 8364.63 MB used,  3792.60 MB free, 12157.23 MB total
[2017.09.15-00.07.14:543][  0]LogMemory: Virtual Memory: 638.80 MB used,  3792.60 MB free, 134217728.00 MB total
[2017.09.15-00.07.15:390][  0]LogInit: Using OS detected language (en-US).
[2017.09.15-00.07.15:390][  0]LogInit: Using OS detected locale (en-US).
[2017.09.15-00.07.15:410][  0]LogTextLocalizationManager: No specific localization for 'en-US' exists, so the 'en' localization will be used.
[2017.09.15-00.07.18:583][  0]LogD3D11RHI: D3D11 adapters:
[2017.09.15-00.07.18:593][  0]LogD3D11RHI:    0. 'Intel(R) HD Graphics 620' (Feature Level 11_0)
[2017.09.15-00.07.18:593][  0]LogD3D11RHI:       128/0/6078 MB DedicatedVideo/DedicatedSystem/SharedSystem, Outputs:1, VendorId:0x8086
[2017.09.15-00.07.18:595][  0]LogD3D11RHI:    1. 'Microsoft Basic Render Driver' (Feature Level 11_0)
[2017.09.15-00.07.18:595][  0]LogD3D11RHI:       0/0/6078 MB DedicatedVideo/DedicatedSystem/SharedSystem, Outputs:0, VendorId:0x1414
[2017.09.15-00.07.18:595][  0]LogD3D11RHI: Chosen D3D11 Adapter: 0
[2017.09.15-00.07.18:604][  0]LogD3D11RHI: Creating new Direct3DDevice
[2017.09.15-00.07.18:605][  0]LogD3D11RHI:     GPU DeviceId: 0x5916 (for the marketing name, search the web for "GPU Device Id")
[2017.09.15-00.07.18:605][  0]LogWindows: EnumDisplayDevices:
[2017.09.15-00.07.18:605][  0]LogWindows:    0. 'Intel(R) HD Graphics 620' (P:1 D:1)
[2017.09.15-00.07.18:605][  0]LogWindows:    1. 'Intel(R) HD Graphics 620' (P:0 D:0)
[2017.09.15-00.07.18:605][  0]LogWindows:    2. 'Intel(R) HD Graphics 620' (P:0 D:0)
[2017.09.15-00.07.18:606][  0]LogWindows: DebugString: FoundDriverCount:3 
[2017.09.15-00.07.18:606][  0]LogD3D11RHI:     Adapter Name: Intel(R) HD Graphics 620
[2017.09.15-00.07.18:606][  0]LogD3D11RHI:   Driver Version: 21.20.16.4574 (internal:21.20.16.4574, unified:21.20.16.4574)
[2017.09.15-00.07.18:606][  0]LogD3D11RHI:      Driver Date: 12-23-2016
[2017.09.15-00.07.18:606][  0]LogRHI: Texture pool is 1361 MB (70% of 1945 MB)
[2017.09.15-00.07.18:615][  0]LogD3D11RHI: Async texture creation enabled
[2017.09.15-00.07.18:627][  0]LogD3D11RHI: GPU Timing Frequency: 12.000000 (Debug: 2 0)
[2017.09.15-00.07.18:629][  0]LogShaderCompilers: Guid format shader working directory is -20 characters bigger than the processId version (../../../../../../Users/Kareith/Documents/Unreal Projects/MyProject/Intermediate/Shaders/WorkingDirectory/12504/).
[2017.09.15-00.07.18:630][  0]LogShaderCompilers: Cleaned the shader compiler working directory 'C:/Users/Kareith/AppData/Local/Temp/UnrealShaderWorkingDir/AEC908BA4A2E74EA4D0CFBA2824BF8E9/'.
[2017.09.15-00.07.18:630][  0]LogShaderCompilers:Display: Using Local Shader Compiler.
[2017.09.15-00.07.24:128][  0]LogTemp:Display: Loaded TP WindowsClientTargetPlatform
[2017.09.15-00.07.24:349][  0]LogTemp:Display: Loaded TP WindowsNoEditorTargetPlatform
[2017.09.15-00.07.24:506][  0]LogTemp:Display: Loaded TP WindowsServerTargetPlatform
[2017.09.15-00.07.24:627][  0]LogTemp:Display: Loaded TP WindowsTargetPlatform
[2017.09.15-00.07.24:627][  0]LogTargetPlatformManager:Display: Building Assets For Windows
[2017.09.15-00.07.26:336][  0]LogDerivedDataCache:Display: Max Cache Size: 512 MB
[2017.09.15-00.07.26:769][  0]LogDerivedDataCache: Loaded boot cache 0.43s 90MB C:/Users/Kareith/AppData/Local/UnrealEngine/4.16/DerivedDataCache/Boot.ddc.
[2017.09.15-00.07.26:769][  0]LogDerivedDataCache:Display: Loaded Boot cache: C:/Users/Kareith/AppData/Local/UnrealEngine/4.16/DerivedDataCache/Boot.ddc
[2017.09.15-00.07.26:770][  0]LogDerivedDataCache: FDerivedDataBackendGraph:  Pak pak cache file ../../../../../../Users/Kareith/Documents/Unreal Projects/MyProject/DerivedDataCache/DDC.ddp not found, will not use a pak cache.
[2017.09.15-00.07.26:770][  0]LogDerivedDataCache: Unable to find inner node Pak for hierarchical cache Hierarchy.
[2017.09.15-00.07.26:770][  0]LogDerivedDataCache: FDerivedDataBackendGraph:  CompressedPak pak cache file ../../../../../../Users/Kareith/Documents/Unreal Projects/MyProject/DerivedDataCache/Compressed.ddp not found, will not use a pak cache.
[2017.09.15-00.07.26:770][  0]LogDerivedDataCache: Unable to find inner node CompressedPak for hierarchical cache Hierarchy.
[2017.09.15-00.07.26:816][  0]LogDerivedDataCache:Display: Pak cache opened for reading ../../../Engine/DerivedDataCache/Compressed.ddp.
[2017.09.15-00.07.26:836][  0]LogDerivedDataCache: Using Local data cache path C:/Users/Kareith/AppData/Local/UnrealEngine/Common/DerivedDataCache: Writable
[2017.09.15-00.07.26:866][  0]LogMaterial: Verifying Global Shaders for PCD3D_SM5
[2017.09.15-00.07.26:867][  0]LogSlate: Using Freetype 2.6.0
[2017.09.15-00.07.26:870][  0]LogSlate: SlateFontCache - WITH_FREETYPE: 1, WITH_HARFBUZZ: 1
[2017.09.15-00.07.26:870][  0]LogSlate: SlateFontCache - WITH_FREETYPE: 1, WITH_HARFBUZZ: 1
[2017.09.15-00.07.28:236][  0]LogAssetRegistry: FAssetRegistry took 0.0065 seconds to start up
[2017.09.15-00.07.28:253][  0]LogPackageLocalizationCache: Processed 4 localized package path(s) for 2 prioritized culture(s) in 0.017218 seconds
[2017.09.15-00.07.28:428][  0]LogInit: Selected Device Profile: [Windows]
[2017.09.15-00.07.28:520][  0]LogContentStreaming: Texture pool size is 1000.00 MB
[2017.09.15-00.07.28:821][  0]LogMeshUtilities: Using QuadricMeshReduction for automatic static mesh reduction
[2017.09.15-00.07.28:922][  0]LogSimplygon: Simplygon DLL not present - disabling.
[2017.09.15-00.07.29:025][  0]LogMeshUtilities: Using SimplygonSwarm for distributed automatic mesh merging
[2017.09.15-00.07.29:025][  0]LogMeshUtilities: No automatic skeletal mesh reduction module available
[2017.09.15-00.07.29:025][  0]LogMeshUtilities: No automatic mesh merging module available
[2017.09.15-00.07.29:784][  0]LogNetVersion: MyProject , NetCL: 3452394, EngineNetVer: 2, GameNetVer: 0 (Checksum: 1111101373)
[2017.09.15-00.07.29:936][  0]LogInit: WinSock: version 1.1 (2.2), MaxSocks=32767, MaxUdp=65467
