Log file open, 09/14/17 19:26:00
LogInit:Display: Running engine for game: MyProject
LogPlatformFile: Not using cached read wrapper
LogInit:Display: RandInit(296327245) SRandInit(296327245).
LogTaskGraph: Started task graph with 5 named threads and 6 total threads with 1 sets of task threads.
LogStats: Stats thread started at 0.081836
LogInit: Using libcurl 7.47.1
LogInit:  - built for x86_64-pc-win32
LogInit:  - supports SSL with OpenSSL/1.0.2g
LogInit:  - supports HTTP deflate (compression) using libz 1.2.8
LogInit:  - other features:
LogInit:      CURL_VERSION_SSL
LogInit:      CURL_VERSION_LIBZ
LogInit:      CURL_VERSION_IPV6
LogInit:      CURL_VERSION_ASYNCHDNS
LogInit:      CURL_VERSION_LARGEFILE
LogInit:      CURL_VERSION_IDN
LogInit:  CurlRequestOptions (configurable via config and command line):
LogInit:  - bVerifyPeer = false  - Libcurl will NOT verify peer certificate
LogInit:  - bUseHttpProxy = false  - Libcurl will NOT use HTTP proxy
LogInit:  - bDontReuseConnections = false  - Libcurl will reuse connections
LogInit:  - CertBundlePath = nullptr  - Libcurl will use whatever was configured at build time.
LogInit: Build: ++UE4+Release-4.16-CL-3466753
LogInit: Engine Version: 4.16.1-3466753+++UE4+Release-4.16
LogInit: Compatible Engine Version: 4.16.0-3452394+++UE4+Release-4.16
LogInit: Net CL: 3452394
LogDevObjectVersion: Number of dev versions registered: 16
LogDevObjectVersion:   Dev-Blueprints (B0D832E4-1F89-4F0D-ACCF-7EB736FD4AA2): 9
LogDevObjectVersion:   Dev-Build (E1C64328-A22C-4D53-A36C-8E866417BD8C): 0
LogDevObjectVersion:   Dev-Core (375EC13C-06E4-48FB-B500-84F0262A717E): 2
LogDevObjectVersion:   Dev-Editor (E4B068ED-F494-42E9-A231-DA0B2E46BB41): 17
LogDevObjectVersion:   Dev-Framework (CFFC743F-43B0-4480-9391-14DF171D2073): 23
LogDevObjectVersion:   Dev-Mobile (B02B49B5-BB20-44E9-A304-32B752E40360): 0
LogDevObjectVersion:   Dev-Networking (A4E4105C-59A1-49B5-A7C5-40C4547EDFEE): 0
LogDevObjectVersion:   Dev-Online (39C831C9-5AE6-47DC-9A44-9C173E1C8E7C): 0
LogDevObjectVersion:   Dev-Physics (78F01B33-EBEA-4F98-B9B4-84EACCB95AA2): 0
LogDevObjectVersion:   Dev-Platform (6631380F-2D4D-43E0-8009-CF276956A95A): 0
LogDevObjectVersion:   Dev-Rendering (12F88B9F-8875-4AFC-A67C-D90C383ABD29): 15
LogDevObjectVersion:   Dev-Sequencer (7B5AE74C-D270-4C10-A958-57980B212A5A): 4
LogDevObjectVersion:   Dev-VR (D7296918-1DD6-4BDD-9DE2-64A83CC13884): 0
LogDevObjectVersion:   Dev-LoadTimes (C2A15278-BFE7-4AFE-6C17-90FF531DF755): 1
LogDevObjectVersion:   Private-Geometry (6EACA3D4-40EC-4CC1-B786-8BED09428FC5): 1
LogDevObjectVersion:   Dev-AnimPhys (29E575DD-E0A3-4627-9D10-D276232CDCEA): 3
LogInit: Compiled (64-bit): May 31 2017 02:03:30
LogInit: Compiled with Visual C++: 19.00.24215.01
LogInit: Build Configuration: Development
LogInit: Branch Name: ++UE4+Release-4.16
LogInit: Command line: -EpicPortal 
LogInit: Base directory: C:/Program Files/Epic Games/UE_4.16/Engine/Binaries/Win64/
LogInit: Installed Engine Build: 1
LogInit: Presizing for max 8388607 objects, including 0 objects not considered by GC, pre-allocating 0 bytes for permanent pool.
LogInit: Object subsystem initialized
[2017.09.14-23.26.01:617][  0]LogInit: Selected Device Profile: [Windows]
[2017.09.14-23.26.01:617][  0]LogInit: Applying CVar settings loaded from the selected device profile: [Windows]
[2017.09.14-23.26.01:676][  0]LogInit: Computer: DESKTOP-UJ1JGH9
[2017.09.14-23.26.01:676][  0]LogInit: User: Kareith
[2017.09.14-23.26.01:676][  0]LogInit: CPU Page size=4096, Cores=2
[2017.09.14-23.26.01:676][  0]LogInit: High frequency timer resolution =2.835941 MHz
[2017.09.14-23.26.01:677][  0]LogMemory: Memory total: Physical=11.9GB (12GB approx)
[2017.09.14-23.26.01:677][  0]LogMemory: Platform Memory Stats for Windows
[2017.09.14-23.26.01:677][  0]LogMemory: Process Physical Memory: 272.56 MB used, 272.56 MB peak
[2017.09.14-23.26.01:677][  0]LogMemory: Process Virtual Memory: 266.43 MB used, 266.43 MB peak
[2017.09.14-23.26.01:677][  0]LogMemory: Physical Memory: 10284.77 MB used,  1872.46 MB free, 12157.23 MB total
[2017.09.14-23.26.01:677][  0]LogMemory: Virtual Memory: 646.80 MB used,  1872.46 MB free, 134217728.00 MB total
[2017.09.14-23.26.01:941][  0]LogInit: Using OS detected language (en-US).
[2017.09.14-23.26.01:941][  0]LogInit: Using OS detected locale (en-US).
[2017.09.14-23.26.01:949][  0]LogTextLocalizationManager: No specific localization for 'en-US' exists, so the 'en' localization will be used.
[2017.09.14-23.26.03:023][  0]LogD3D11RHI: D3D11 adapters:
[2017.09.14-23.26.03:031][  0]LogD3D11RHI:    0. 'Intel(R) HD Graphics 620' (Feature Level 11_0)
[2017.09.14-23.26.03:031][  0]LogD3D11RHI:       128/0/6078 MB DedicatedVideo/DedicatedSystem/SharedSystem, Outputs:1, VendorId:0x8086
[2017.09.14-23.26.03:032][  0]LogD3D11RHI:    1. 'Microsoft Basic Render Driver' (Feature Level 11_0)
[2017.09.14-23.26.03:032][  0]LogD3D11RHI:       0/0/6078 MB DedicatedVideo/DedicatedSystem/SharedSystem, Outputs:0, VendorId:0x1414
[2017.09.14-23.26.03:032][  0]LogD3D11RHI: Chosen D3D11 Adapter: 0
[2017.09.14-23.26.03:040][  0]LogD3D11RHI: Creating new Direct3DDevice
[2017.09.14-23.26.03:040][  0]LogD3D11RHI:     GPU DeviceId: 0x5916 (for the marketing name, search the web for "GPU Device Id")
[2017.09.14-23.26.03:040][  0]LogWindows: EnumDisplayDevices:
[2017.09.14-23.26.03:040][  0]LogWindows:    0. 'Intel(R) HD Graphics 620' (P:1 D:1)
[2017.09.14-23.26.03:040][  0]LogWindows:    1. 'Intel(R) HD Graphics 620' (P:0 D:0)
[2017.09.14-23.26.03:041][  0]LogWindows:    2. 'Intel(R) HD Graphics 620' (P:0 D:0)
[2017.09.14-23.26.03:041][  0]LogWindows: DebugString: FoundDriverCount:3 
[2017.09.14-23.26.03:041][  0]LogD3D11RHI:     Adapter Name: Intel(R) HD Graphics 620
[2017.09.14-23.26.03:041][  0]LogD3D11RHI:   Driver Version: 21.20.16.4574 (internal:21.20.16.4574, unified:21.20.16.4574)
[2017.09.14-23.26.03:041][  0]LogD3D11RHI:      Driver Date: 12-23-2016
[2017.09.14-23.26.03:041][  0]LogRHI: Texture pool is 1361 MB (70% of 1945 MB)
[2017.09.14-23.26.03:046][  0]LogD3D11RHI: Async texture creation enabled
[2017.09.14-23.26.03:050][  0]LogD3D11RHI: GPU Timing Frequency: 12.000000 (Debug: 2 0)
[2017.09.14-23.26.03:051][  0]LogShaderCompilers: Guid format shader working directory is -20 characters bigger than the processId version (../../../../../../Users/Kareith/Documents/Unreal Projects/MyProject/Intermediate/Shaders/WorkingDirectory/15632/).
[2017.09.14-23.26.03:051][  0]LogShaderCompilers: Cleaned the shader compiler working directory 'C:/Users/Kareith/AppData/Local/Temp/UnrealShaderWorkingDir/60B932B34221C9EB36C91FACC4B95978/'.
[2017.09.14-23.26.03:051][  0]LogShaderCompilers:Display: Using Local Shader Compiler.
[2017.09.14-23.26.04:250][  0]LogTemp:Display: Loaded TP AllDesktopTargetPlatform
[2017.09.14-23.26.04:339][  0]LogTemp:Display: Loaded TP MacClientTargetPlatform
[2017.09.14-23.26.04:438][  0]LogTemp:Display: Loaded TP MacNoEditorTargetPlatform
[2017.09.14-23.26.04:530][  0]LogTemp:Display: Loaded TP MacServerTargetPlatform
[2017.09.14-23.26.04:621][  0]LogTemp:Display: Loaded TP MacTargetPlatform
[2017.09.14-23.26.04:710][  0]LogTemp:Display: Loaded TP WindowsClientTargetPlatform
[2017.09.14-23.26.04:804][  0]LogTemp:Display: Loaded TP WindowsNoEditorTargetPlatform
[2017.09.14-23.26.04:894][  0]LogTemp:Display: Loaded TP WindowsServerTargetPlatform
[2017.09.14-23.26.04:978][  0]LogTemp:Display: Loaded TP WindowsTargetPlatform
[2017.09.14-23.26.05:069][  0]LogTemp:Display: Loaded TP AndroidTargetPlatform
[2017.09.14-23.26.05:157][  0]LogTemp:Display: Loaded TP Android_ASTCTargetPlatform
[2017.09.14-23.26.05:245][  0]LogTemp:Display: Loaded TP Android_ATCTargetPlatform
[2017.09.14-23.26.05:333][  0]LogTemp:Display: Loaded TP Android_DXTTargetPlatform
[2017.09.14-23.26.05:430][  0]LogTemp:Display: Loaded TP Android_ETC1TargetPlatform
[2017.09.14-23.26.05:524][  0]LogTemp:Display: Loaded TP Android_ETC2TargetPlatform
[2017.09.14-23.26.05:722][  0]LogTemp:Display: Loaded TP Android_MultiTargetPlatform
[2017.09.14-23.26.05:722][  0]LogTemp:Display: Loaded TP Android_PVRTCTargetPlatform
[2017.09.14-23.26.05:802][  0]LogTemp:Display: Loaded TP HTML5TargetPlatform
[2017.09.14-23.26.05:956][  0]LogTemp:Display: Loaded TP IOSTargetPlatform
[2017.09.14-23.26.06:008][  0]LogTemp:Display: Loaded TP TVOSTargetPlatform
[2017.09.14-23.26.06:108][  0]LogTemp:Display: Loaded TP LinuxClientTargetPlatform
[2017.09.14-23.26.06:214][  0]LogTemp:Display: Loaded TP LinuxNoEditorTargetPlatform
[2017.09.14-23.26.06:309][  0]LogTemp:Display: Loaded TP LinuxServerTargetPlatform
[2017.09.14-23.26.06:408][  0]LogTemp:Display: Loaded TP LinuxTargetPlatform
[2017.09.14-23.26.06:408][  0]LogTargetPlatformManager:Display: Building Assets For Windows
[2017.09.14-23.26.07:428][  0]LogDerivedDataCache:Display: Max Cache Size: 512 MB
[2017.09.14-23.26.07:526][  0]LogDerivedDataCache: Loaded boot cache 0.10s 90MB C:/Users/Kareith/AppData/Local/UnrealEngine/4.16/DerivedDataCache/Boot.ddc.
[2017.09.14-23.26.07:526][  0]LogDerivedDataCache:Display: Loaded Boot cache: C:/Users/Kareith/AppData/Local/UnrealEngine/4.16/DerivedDataCache/Boot.ddc
[2017.09.14-23.26.07:526][  0]LogDerivedDataCache: FDerivedDataBackendGraph:  Pak pak cache file ../../../../../../Users/Kareith/Documents/Unreal Projects/MyProject/DerivedDataCache/DDC.ddp not found, will not use a pak cache.
[2017.09.14-23.26.07:526][  0]LogDerivedDataCache: Unable to find inner node Pak for hierarchical cache Hierarchy.
[2017.09.14-23.26.07:526][  0]LogDerivedDataCache: FDerivedDataBackendGraph:  CompressedPak pak cache file ../../../../../../Users/Kareith/Documents/Unreal Projects/MyProject/DerivedDataCache/Compressed.ddp not found, will not use a pak cache.
[2017.09.14-23.26.07:526][  0]LogDerivedDataCache: Unable to find inner node CompressedPak for hierarchical cache Hierarchy.
[2017.09.14-23.26.07:541][  0]LogDerivedDataCache:Display: Pak cache opened for reading ../../../Engine/DerivedDataCache/Compressed.ddp.
[2017.09.14-23.26.07:553][  0]LogDerivedDataCache: Using Local data cache path C:/Users/Kareith/AppData/Local/UnrealEngine/Common/DerivedDataCache: Writable
[2017.09.14-23.26.07:562][  0]LogMaterial: Verifying Global Shaders for PCD3D_SM5
[2017.09.14-23.26.07:562][  0]LogSlate: Using Freetype 2.6.0
[2017.09.14-23.26.07:563][  0]LogSlate: SlateFontCache - WITH_FREETYPE: 1, WITH_HARFBUZZ: 1
[2017.09.14-23.26.07:563][  0]LogSlate: SlateFontCache - WITH_FREETYPE: 1, WITH_HARFBUZZ: 1
[2017.09.14-23.26.07:936][  0]LogInit: Selected Device Profile: [Windows]
[2017.09.14-23.26.08:025][  0]LogContentStreaming: Texture pool size is 0.00 MB
[2017.09.14-23.26.08:299][  0]LogMeshUtilities: Using QuadricMeshReduction for automatic static mesh reduction
[2017.09.14-23.26.08:402][  0]LogSimplygon: Simplygon DLL not present - disabling.
[2017.09.14-23.26.08:508][  0]LogMeshUtilities: Using SimplygonSwarm for distributed automatic mesh merging
[2017.09.14-23.26.08:508][  0]LogMeshUtilities: No automatic skeletal mesh reduction module available
[2017.09.14-23.26.08:508][  0]LogMeshUtilities: No automatic mesh merging module available
[2017.09.14-23.26.09:311][  0]LogNetVersion: MyProject , NetCL: 3452394, EngineNetVer: 2, GameNetVer: 0 (Checksum: 1111101373)
[2017.09.14-23.26.09:400][  0]LogAssetRegistry: FAssetRegistry took 0.0259 seconds to start up
[2017.09.14-23.26.09:502][  0]LogPackageLocalizationCache: Processed 4 localized package path(s) for 2 prioritized culture(s) in 0.051611 seconds
[2017.09.14-23.26.09:507][  0]LogUObjectArray: 34194 objects as part of root set at end of initial load.
[2017.09.14-23.26.09:507][  0]LogUObjectAllocator: 7260416 out of 0 bytes used by permanent object pool.
[2017.09.14-23.26.09:507][  0]LogUObjectArray: CloseDisregardForGC: 0/0 objects in disregard for GC pool
[2017.09.14-23.26.09:645][  0]LogInit: WinSock: version 1.1 (2.2), MaxSocks=32767, MaxUdp=65467
[2017.09.14-23.26.13:290][  0]LogTcpMessaging: Initializing TcpMessaging bridge
[2017.09.14-23.26.13:356][  0]LogUdpMessaging: Initializing bridge on interface 0.0.0.0:0 to multicast group 230.0.0.1:6666.
[2017.09.14-23.26.14:274][  0]LogMaterial: Uniform references updated for custom material expression Custom.
[2017.09.14-23.26.14:981][  0]SourceControl: Info Source control is disabled
[2017.09.14-23.26.15:053][  0]SourceControl: Info Source control is disabled
[2017.09.14-23.26.15:147][  0]SourceControl: Info Source control is disabled
[2017.09.14-23.26.15:238][  0]SourceControl: Info Source control is disabled
[2017.09.14-23.26.16:534][  0]LogAndroidPermission: UAndroidPermissionCallbackProxy::GetInstance
[2017.09.14-23.26.17:607][  0]LogEngine: Initializing Engine...
[2017.09.14-23.26.17:608][  0]LogHMD: Failed to initialize OpenVR with code 110
[2017.09.14-23.26.17:834][  0]LogStats: UGameplayTagsManager::ConstructGameplayTagTree: Construct from data asset -  0.000 s
[2017.09.14-23.26.17:834][  0]LogStats: UGameplayTagsManager::ConstructGameplayTagTree: GameplayTagTreeChangedEvent.Broadcast -  0.000 s
[2017.09.14-23.26.18:095][  0]LogAIModule: Creating AISystem for world Untitled
[2017.09.14-23.26.18:107][  0]LogInit: XAudio2 using 'Speakers / Headphones (Realtek Audio)' : 2 channels at 48 kHz using 32 bits per sample (channel mask 0x3)
[2017.09.14-23.26.18:180][  0]LogInit: FAudioDevice initialized.
[2017.09.14-23.26.18:222][  0]LogDerivedDataCache: Saved boot cache 0.04s 90MB C:/Users/Kareith/AppData/Local/UnrealEngine/4.16/DerivedDataCache/Boot.ddc.
[2017.09.14-23.26.18:236][  0]LogInit: Texture streaming: Enabled
[2017.09.14-23.26.18:433][  0]LogEngineSessionManager: EngineSessionManager initialized
[2017.09.14-23.26.18:848][  0]LogInit: Transaction tracking system initialized
[2017.09.14-23.26.19:465][  0]BlueprintLog: New page: Editor Load
[2017.09.14-23.26.21:311][  0]LocalizationService: Info Localization service is disabled
[2017.09.14-23.26.22:623][  0]LogConsoleResponse:Display: 
[2017.09.14-23.26.22:817][  0]LogCook:Display: Max memory allowance for cook 16384mb min free memory 0mb
[2017.09.14-23.26.22:817][  0]LogCook:Display: Mobile HDR setting 1
[2017.09.14-23.26.23:584][  0]LogFileCache: Scanning file cache for directory 'C:/Users/Kareith/Documents/Unreal Projects/MyProject/Content/' took 0.02s
[2017.09.14-23.26.24:823][  0]SourceControl: Info Source control is disabled
[2017.09.14-23.26.24:823][  0]Cmd: MAP LOAD FILE="../../../../../../Users/Kareith/Documents/Unreal Projects/MyProject/Content/Hamster_Bread/Maps/Level_00.umap" TEMPLATE=0 SHOWPROGRESS=1 FEATURELEVEL=3
[2017.09.14-23.26.24:823][  0]LightingResults: New page: Lighting Build
[2017.09.14-23.26.24:903][  0]MapCheck: New page: Map Check
[2017.09.14-23.26.24:904][  0]LightingResults: New page: Lighting Build
[2017.09.14-23.26.25:243][  0]LogAIModule: Creating AISystem for world Level_00
[2017.09.14-23.26.25:248][  0]LogEditorServer: Finished looking for orphan Actors (0.000 secs)
[2017.09.14-23.26.25:274][  0]Cmd: MAP CHECKDEP NOCLEARLOG
[2017.09.14-23.26.25:365][  0]MapCheck: Info Map check complete: 0 Error(s), 0 Warning(s), took 90.789ms to complete.
[2017.09.14-23.26.25:365][  0]LogFileHelpers: Loading map 'Level_00' took 0.542
[2017.09.14-23.26.25:429][  0]LogWindowsTextInputMethodSystem:Display: IME system now deactivated.
[2017.09.14-23.26.25:429][  0]LogWindowsTextInputMethodSystem:Display: IME system now deactivated.
[2017.09.14-23.26.25:535][  0]LogCollectionManager: Loaded 0 collections in 0.001781 seconds
[2017.09.14-23.26.25:808][  0]LogFileCache: Scanning file cache for directory 'C:/Users/Kareith/Documents/Unreal Projects/MyProject/Saved/Collections/' took 0.01s
[2017.09.14-23.26.25:808][  0]LogFileCache: Scanning file cache for directory 'C:/Users/Kareith/Documents/Unreal Projects/MyProject/Content/Developers/Kareith/Collections/' took 0.01s
[2017.09.14-23.26.25:808][  0]LogFileCache: Scanning file cache for directory 'C:/Users/Kareith/Documents/Unreal Projects/MyProject/Content/Collections/' took 0.01s
[2017.09.14-23.26.25:808][  0]LogCollectionManager: Rebuilt the GUID cache for 0 collections in 0.000003 seconds
[2017.09.14-23.26.25:832][  0]LogContentBrowser: Native class hierarchy populated in 0.0237 seconds. Added 2329 classes and 491 folders.
[2017.09.14-23.26.26:172][  0]LogContentBrowser: Native class hierarchy updated for 'WidgetCarousel' in 0.0012 seconds. Added 0 classes and 0 folders.
[2017.09.14-23.26.26:302][  0]LogContentBrowser: Native class hierarchy updated for 'AddContentDialog' in 0.0012 seconds. Added 0 classes and 0 folders.
[2017.09.14-23.26.26:485][  0]LogCrashTracker: Crashtracker disabled due to settings.
[2017.09.14-23.26.26:492][  0]LogSlate: Took 0.000289 seconds to synchronously load lazily loaded font '../../../Engine/Content/Slate/Fonts/Roboto-Regular.ttf' (155K)
[2017.09.14-23.26.26:496][  0]LogSlate: Took 0.000312 seconds to synchronously load lazily loaded font '../../../Engine/Content/Slate/Fonts/Roboto-Bold.ttf' (160K)
[2017.09.14-23.26.26:504][  0]LogSlate: Took 0.000228 seconds to synchronously load lazily loaded font '../../../Engine/Content/Editor/Slate/Fonts/FontAwesome.ttf' (139K)
[2017.09.14-23.26.26:628][  0]LogRenderer: Reallocating scene render targets to support 804x340 NumSamples 1 (Frame:1).
[2017.09.14-23.26.27:382][  0]LogUObjectGlobals:Warning: Failed to find object 'Class None.'
[2017.09.14-23.26.27:496][  0]LogContentBrowser: Native class hierarchy updated for 'HierarchicalLODOutliner' in 0.0009 seconds. Added 1 classes and 2 folders.
[2017.09.14-23.26.27:497][  0]LogLoad: (Engine Initialization) Total time: 28.22 seconds
[2017.09.14-23.26.27:497][  0]LogLoad: (Engine Initialization) Total Blueprint compile time: 0.15 seconds
[2017.09.14-23.26.27:497][  0]LogExternalProfiler: No external profilers were discovered.  External profiling features will not be available.
[2017.09.14-23.26.27:517][  0]LogOcInput: OculusInput pre-init called
[2017.09.14-23.26.27:517][  0]LogHMD: Starting GearVRController plugin
[2017.09.14-23.26.27:536][  0]LogContentStreaming: Texture pool size now 1000 MB
[2017.09.14-23.26.27:558][  0]LogSlate: Took 0.000247 seconds to synchronously load lazily loaded font '../../../Engine/Content/Slate/Fonts/Roboto-Light.ttf' (159K)
[2017.09.14-23.26.27:578][  1]LogAssetRegistry: Asset discovery search completed in 18.1999 seconds
[2017.09.14-23.26.27:580][  1]LogCollectionManager: Rebuilt the object cache for 0 collections in 0.000000 seconds (found 0 objects)
[2017.09.14-23.26.27:580][  1]LogCollectionManager: Fixed up redirectors for 0 collections in 0.000023 seconds (updated 0 objects)
[2017.09.14-23.26.29:398][ 90]LogTemp: Repeting last play command: New Editor Window (PIE)
[2017.09.14-23.26.29:469][ 90]LogPlayLevel: PlayLevel: No blueprints needed recompiling
[2017.09.14-23.26.29:473][ 90]PIE: New page: PIE session: Level_00 (Sep 14, 2017, 3:26:29 PM)
[2017.09.14-23.26.29:474][ 90]LogPlayLevel: Creating play world package: /Game/Hamster_Bread/Maps/UEDPIE_0_Level_00
[2017.09.14-23.26.29:482][ 90]LogPlayLevel: PIE: StaticDuplicateObject took: (0.007436s)
[2017.09.14-23.26.29:483][ 90]LogAIModule: Creating AISystem for world Level_00
[2017.09.14-23.26.29:483][ 90]LogPlayLevel: PIE: World Init took: (0.000947s)
[2017.09.14-23.26.29:485][ 90]LogPlayLevel: PIE: Created PIE world by copying editor world from /Game/Hamster_Bread/Maps/Level_00.Level_00 to /Game/Hamster_Bread/Maps/UEDPIE_0_Level_00.Level_00 (0.010518s)
[2017.09.14-23.26.29:510][ 90]LogInit: XAudio2 using 'Speakers / Headphones (Realtek Audio)' : 2 channels at 48 kHz using 32 bits per sample (channel mask 0x3)
[2017.09.14-23.26.29:601][ 90]LogInit: FAudioDevice initialized.
[2017.09.14-23.26.29:689][ 90]LogLoad: Game class is '2DSideScrollerGameMode_C'
[2017.09.14-23.26.29:710][ 90]LogWorld: Bringing World /Game/Hamster_Bread/Maps/UEDPIE_0_Level_00.Level_00 up for play (max tick rate 60) at 2017.09.14-19.26.29
[2017.09.14-23.26.29:718][ 90]LogWorld: Bringing up level for play took: 0.012017
[2017.09.14-23.26.29:985][ 90]LogContentBrowser: Native class hierarchy updated for 'MovieSceneCapture' in 0.0012 seconds. Added 11 classes and 0 folders.
[2017.09.14-23.26.30:006][ 90]PIE: Info Play in editor start time for /Game/Hamster_Bread/Maps/UEDPIE_0_Level_00 -0.359
[2017.09.14-23.26.30:054][ 90]LogRenderer: Reallocating scene render targets to support 1164x684 NumSamples 1 (Frame:1).
[2017.09.14-23.27.44:371][476]LogSlate: Took 0.000544 seconds to synchronously load lazily loaded font '../../../Engine/Content/Slate/Fonts/Roboto-Light.ttf' (159K)
[2017.09.14-23.27.44:922][476]LogSlate: Took 0.000194 seconds to synchronously load lazily loaded font '../../../Engine/Content/Slate/Fonts/Roboto-Regular.ttf' (155K)
[2017.09.14-23.27.45:225][476]LogContentBrowser: Native class hierarchy updated for 'BlueprintGraph' in 0.0010 seconds. Added 112 classes and 0 folders.
[2017.09.14-23.27.46:063][476]LogSlate: Took 0.008103 seconds to synchronously load lazily loaded font '../../../Engine/Content/Editor/Slate/Fonts/Roboto-BoldCondensed.ttf' (158K)
[2017.09.14-23.27.46:312][477]LogSlate: Took 0.008137 seconds to synchronously load lazily loaded font '../../../Engine/Content/Editor/Slate/Fonts/Roboto-Italic.ttf' (157K)
[2017.09.14-23.48.22:129][109]BlueprintLog: New page: Compile Hamster_Bread
[2017.09.14-23.53.33:564][683]LogTemp: Repeting last play command: New Editor Window (PIE)
[2017.09.14-23.53.33:606][683]LogPlayLevel: PlayLevel: No blueprints needed recompiling
[2017.09.14-23.53.33:606][683]PIE: New page: PIE session: Level_00 (Sep 14, 2017, 3:53:33 PM)
[2017.09.14-23.53.33:606][683]LogPlayLevel: Creating play world package: /Game/Hamster_Bread/Maps/UEDPIE_0_Level_00
[2017.09.14-23.53.33:610][683]LogPlayLevel: PIE: StaticDuplicateObject took: (0.003713s)
[2017.09.14-23.53.33:611][683]LogAIModule: Creating AISystem for world Level_00
[2017.09.14-23.53.33:611][683]LogPlayLevel: PIE: World Init took: (0.001068s)
[2017.09.14-23.53.33:611][683]LogPlayLevel: PIE: Created PIE world by copying editor world from /Game/Hamster_Bread/Maps/Level_00.Level_00 to /Game/Hamster_Bread/Maps/UEDPIE_0_Level_00.Level_00 (0.005016s)
[2017.09.14-23.53.33:647][683]LogInit: XAudio2 using 'Speakers / Headphones (Realtek Audio)' : 2 channels at 48 kHz using 32 bits per sample (channel mask 0x3)
[2017.09.14-23.53.33:719][683]LogInit: FAudioDevice initialized.
[2017.09.14-23.53.33:764][683]LogLoad: Game class is '2DSideScrollerGameMode_C'
[2017.09.14-23.53.33:766][683]LogWorld: Bringing World /Game/Hamster_Bread/Maps/UEDPIE_0_Level_00.Level_00 up for play (max tick rate 60) at 2017.09.14-19.53.33
[2017.09.14-23.53.33:766][683]LogWorld: Bringing up level for play took: 0.002081
[2017.09.14-23.53.33:773][683]PIE: Info Play in editor start time for /Game/Hamster_Bread/Maps/UEDPIE_0_Level_00 -0.592
[2017.09.14-23.54.25:121][231]LogEditorViewport: Clicking on Actor (LMB): PaperSpriteActor (lvl_1_left_wall_0_Sprite2)
[2017.09.14-23.54.30:547][438]LogEditorViewport: Clicking on Actor (LMB): PaperSpriteActor (lvl_1_floor_0_Sprite_1)
[2017.09.14-23.57.31:323][427]LogTemp: Repeting last play command: New Editor Window (PIE)
[2017.09.14-23.57.31:358][427]LogPlayLevel: PlayLevel: No blueprints needed recompiling
[2017.09.14-23.57.31:358][427]PIE: New page: PIE session: Level_00 (Sep 14, 2017, 3:57:31 PM)
[2017.09.14-23.57.31:358][427]LogPlayLevel: Creating play world package: /Game/Hamster_Bread/Maps/UEDPIE_0_Level_00
[2017.09.14-23.57.31:364][427]LogPlayLevel: PIE: StaticDuplicateObject took: (0.006171s)
[2017.09.14-23.57.31:365][427]LogAIModule: Creating AISystem for world Level_00
[2017.09.14-23.57.31:366][427]LogPlayLevel: PIE: World Init took: (0.001497s)
[2017.09.14-23.57.31:366][427]LogPlayLevel: PIE: Created PIE world by copying editor world from /Game/Hamster_Bread/Maps/Level_00.Level_00 to /Game/Hamster_Bread/Maps/UEDPIE_0_Level_00.Level_00 (0.008078s)
[2017.09.14-23.57.31:436][427]LogInit: XAudio2 using 'Speakers / Headphones (Realtek Audio)' : 2 channels at 48 kHz using 32 bits per sample (channel mask 0x3)
[2017.09.14-23.57.31:528][427]LogInit: FAudioDevice initialized.
[2017.09.14-23.57.31:586][427]LogLoad: Game class is '2DSideScrollerGameMode_C'
[2017.09.14-23.57.31:590][427]LogWorld: Bringing World /Game/Hamster_Bread/Maps/UEDPIE_0_Level_00.Level_00 up for play (max tick rate 60) at 2017.09.14-19.57.31
[2017.09.14-23.57.31:590][427]LogWorld: Bringing up level for play took: 0.002785
[2017.09.14-23.57.31:599][427]PIE: Info Play in editor start time for /Game/Hamster_Bread/Maps/UEDPIE_0_Level_00 1.234
[2017.09.15-00.03.00:357][945]LogEditorViewport: Clicking on Actor (LMB): PaperSpriteActor (lvl_1_outer_corner_right_0_Sprite)
[2017.09.15-00.03.02:409][ 24]Cmd: DELETE
[2017.09.15-00.03.02:409][ 24]Cmd: ACTOR DELETE
[2017.09.15-00.03.02:433][ 24]LogEditorActor: Deleted Actor: PaperSpriteActor
[2017.09.15-00.03.02:490][ 24]LogEditorActor: Deleted 1 Actors (0.068 secs)
[2017.09.15-00.03.03:550][ 67]LogEditorViewport: Clicking on Actor (LMB): PaperSpriteActor (lvl_1_right_wall_0_Sprite3)
[2017.09.15-00.03.04:249][ 93]Cmd: DELETE
[2017.09.15-00.03.04:249][ 93]Cmd: ACTOR DELETE
[2017.09.15-00.03.04:250][ 93]LogEditorActor: Deleted Actor: PaperSpriteActor
[2017.09.15-00.03.04:314][ 93]LogEditorActor: Deleted 1 Actors (0.065 secs)
[2017.09.15-00.03.05:231][130]LogEditorViewport: Clicking on Actor (LMB): PaperSpriteActor (lvl_1_right_wall_0_Sprite2)
[2017.09.15-00.03.05:695][146]Cmd: DELETE
[2017.09.15-00.03.05:695][146]Cmd: ACTOR DELETE
[2017.09.15-00.03.05:697][146]LogEditorActor: Deleted Actor: PaperSpriteActor
[2017.09.15-00.03.05:754][146]LogEditorActor: Deleted 1 Actors (0.058 secs)
[2017.09.15-00.03.09:921][307]LogTemp: Repeting last play command: New Editor Window (PIE)
[2017.09.15-00.03.09:958][307]LogPlayLevel: PlayLevel: No blueprints needed recompiling
[2017.09.15-00.03.09:958][307]PIE: New page: PIE session: Level_00 (Sep 14, 2017, 4:03:09 PM)
[2017.09.15-00.03.09:958][307]LogPlayLevel: Creating play world package: /Game/Hamster_Bread/Maps/UEDPIE_0_Level_00
[2017.09.15-00.03.09:964][307]LogPlayLevel: PIE: StaticDuplicateObject took: (0.005453s)
[2017.09.15-00.03.09:965][307]LogAIModule: Creating AISystem for world Level_00
[2017.09.15-00.03.09:965][307]LogPlayLevel: PIE: World Init took: (0.001437s)
[2017.09.15-00.03.09:966][307]LogPlayLevel: PIE: Created PIE world by copying editor world from /Game/Hamster_Bread/Maps/Level_00.Level_00 to /Game/Hamster_Bread/Maps/UEDPIE_0_Level_00.Level_00 (0.007271s)
[2017.09.15-00.03.10:023][307]LogInit: XAudio2 using 'Speakers / Headphones (Realtek Audio)' : 2 channels at 48 kHz using 32 bits per sample (channel mask 0x3)
[2017.09.15-00.03.10:110][307]LogInit: FAudioDevice initialized.
[2017.09.15-00.03.10:160][307]LogLoad: Game class is '2DSideScrollerGameMode_C'
[2017.09.15-00.03.10:163][307]LogWorld: Bringing World /Game/Hamster_Bread/Maps/UEDPIE_0_Level_00.Level_00 up for play (max tick rate 60) at 2017.09.14-20.03.10
[2017.09.15-00.03.10:163][307]LogWorld: Bringing up level for play took: 0.002357
[2017.09.15-00.03.10:174][307]PIE: Info Play in editor start time for /Game/Hamster_Bread/Maps/UEDPIE_0_Level_00 -0.191
[2017.09.15-00.05.02:343][ 83]LogSlate: Took 0.000633 seconds to synchronously load lazily loaded font '../../../Engine/Content/Slate/Fonts/Roboto-Light.ttf' (159K)
[2017.09.15-00.05.11:676][435]LogSavePackage: Save=116.67ms
[2017.09.15-00.05.11:676][435]LogSavePackage: Moving '../../../../../../Users/Kareith/Documents/Unreal Projects/MyProject/Saved/Level_00_Auto115E414C9408AA10F17465EB9100251E9.tmp' to '../../../../../../Users/Kareith/Documents/Unreal Projects/MyProject/Saved/Autosaves/Game/Hamster_Bread/Maps/Level_00_Auto1.umap'
[2017.09.15-00.05.11:680][435]LogSavePackage:Display: Finished SavePackage ../../../../../../Users/Kareith/Documents/Unreal Projects/MyProject/Saved/Autosaves/Game/Hamster_Bread/Maps/Level_00_Auto1.umap
[2017.09.15-00.05.11:685][435]LogFileHelpers: Editor autosave (incl. sublevels) for '/Game/Hamster_Bread/Maps/Level_00' took 0.285
[2017.09.15-00.05.11:685][435]LogFileHelpers: Editor autosave (incl. sublevels) for all levels took 0.285
[2017.09.15-00.06.39:319][562]LogSlate:Warning: Prevented a slow task dialog from being summoned while a context menu was open
[2017.09.15-00.06.48:630][922]LogSavePackage: Save=59.22ms
[2017.09.15-00.06.48:630][922]LogSavePackage: Moving '../../../../../../Users/Kareith/Documents/Unreal Projects/MyProject/Saved/UEDPCLevel_001E26400A4C05F6585BA4789C936A76B9.tmp' to '../../../../../../Users/Kareith/Documents/Unreal Projects/MyProject/Saved/Autosaves/Game/Hamster_Bread/Maps/UEDPCLevel_00.umap'
[2017.09.15-00.06.48:635][922]LogSavePackage:Display: Finished SavePackage ../../../../../../Users/Kareith/Documents/Unreal Projects/MyProject/Saved/Autosaves/Game/Hamster_Bread/Maps/UEDPCLevel_00.umap
[2017.09.15-00.06.48:641][922]LogEditorTransaction: Undo Spawn Play From Here Start
[2017.09.15-00.07.03:580][367]LogTemp: Repeting last play command: Standalone Game
[2017.09.15-00.07.03:968][367]LogSavePackage: Save=65.81ms
[2017.09.15-00.07.03:968][367]LogSavePackage: Moving '../../../../../../Users/Kareith/Documents/Unreal Projects/MyProject/Saved/UEDPCLevel_00D2D387B24C429F5CE3CDA9AEB656CDDB.tmp' to '../../../../../../Users/Kareith/Documents/Unreal Projects/MyProject/Saved/Autosaves/Game/Hamster_Bread/Maps/UEDPCLevel_00.umap'
[2017.09.15-00.07.03:971][367]LogSavePackage:Display: Finished SavePackage ../../../../../../Users/Kareith/Documents/Unreal Projects/MyProject/Saved/Autosaves/Game/Hamster_Bread/Maps/UEDPCLevel_00.umap
[2017.09.15-00.07.03:979][367]LogEditorTransaction: Undo Spawn Play From Here Start
[2017.09.15-00.07.24:105][975]LogActorComponent: UnregisterComponent: (/Engine/Transient.EditorFloorComp) Not registered. Aborting.
[2017.09.15-00.07.30:568][ 82]Cmd: QUIT_EDITOR
[2017.09.15-00.07.30:877][ 82]LogWindowsTextInputMethodSystem:Display: IME system now deactivated.
[2017.09.15-00.07.30:877][ 82]LogWindowsTextInputMethodSystem:Display: IME system now deactivated.
[2017.09.15-00.07.30:951][ 82]LogExit: Preparing to exit.
[2017.09.15-00.07.32:369][ 82]LogDirectoryWatcher: A directory notification for 'C:/Users/Kareith/Documents/Unreal Projects/MyProject/Content/' was aborted.
[2017.09.15-00.07.32:494][ 82]LogExit: Editor shut down
[2017.09.15-00.07.32:527][ 82]LogExit: Transaction tracking system shut down
[2017.09.15-00.07.32:679][ 82]LogObj: Freed 0b from 0 cluster array pools.
[2017.09.15-00.07.32:680][ 82]LogExit: Object subsystem successfully closed.
[2017.09.15-00.07.32:701][ 82]LogD3D11RHI: Shutdown
[2017.09.15-00.07.32:701][ 82]LogD3D11RHI: CleanupD3DDevice
[2017.09.15-00.07.32:785][ 82]LogD3D11RHI: ~FD3D11DynamicRHI
[2017.09.15-00.07.32:816][ 82]LogModuleManager: Shutting down and abandoning module BlueprintGraph (528)
[2017.09.15-00.07.32:816][ 82]LogModuleManager: Shutting down and abandoning module BlueprintProfiler (526)
[2017.09.15-00.07.32:819][ 82]LogModuleManager: Shutting down and abandoning module MovieSceneCapture (524)
[2017.09.15-00.07.32:819][ 82]LogModuleManager: Shutting down and abandoning module HierarchicalLODOutliner (522)
[2017.09.15-00.07.32:819][ 82]LogModuleManager: Shutting down and abandoning module CrashTracker (520)
[2017.09.15-00.07.32:819][ 82]LogModuleManager: Shutting down and abandoning module AddContentDialog (518)
[2017.09.15-00.07.32:819][ 82]LogDirectoryWatcher: A directory notification for 'C:/Program Files/Epic Games/UE_4.16/FeaturePacks/' was aborted.
[2017.09.15-00.07.32:824][ 82]LogModuleManager: Shutting down and abandoning module WidgetCarousel (517)
[2017.09.15-00.07.32:825][ 82]LogModuleManager: Shutting down and abandoning module EditorWidgets (514)
[2017.09.15-00.07.32:825][ 82]LogModuleManager: Shutting down and abandoning module CollectionManager (512)
[2017.09.15-00.07.32:825][ 82]LogDirectoryWatcher: A directory notification for 'C:/Users/Kareith/Documents/Unreal Projects/MyProject/Content/Collections/' was aborted.
[2017.09.15-00.07.32:825][ 82]LogDirectoryWatcher: A directory notification for 'C:/Users/Kareith/Documents/Unreal Projects/MyProject/Content/Developers/Kareith/Collections/' was aborted.
[2017.09.15-00.07.32:825][ 82]LogDirectoryWatcher: A directory notification for 'C:/Users/Kareith/Documents/Unreal Projects/MyProject/Saved/Collections/' was aborted.
[2017.09.15-00.07.32:825][ 82]LogModuleManager: Shutting down and abandoning module StatsViewer (510)
[2017.09.15-00.07.32:825][ 82]LogModuleManager: Shutting down and abandoning module FoliageEdit (508)
[2017.09.15-00.07.32:825][ 82]LogModuleManager: Shutting down and abandoning module LandscapeEditor (506)
[2017.09.15-00.07.32:825][ 82]LogModuleManager: Shutting down and abandoning module MeshPaintMode (504)
[2017.09.15-00.07.32:825][ 82]LogModuleManager: Shutting down and abandoning module SceneDepthPickerMode (502)
[2017.09.15-00.07.32:825][ 82]LogModuleManager: Shutting down and abandoning module ActorPickerMode (500)
[2017.09.15-00.07.32:825][ 82]LogModuleManager: Shutting down and abandoning module GeometryMode (498)
[2017.09.15-00.07.32:825][ 82]LogModuleManager: Shutting down and abandoning module TextureAlignMode (496)
[2017.09.15-00.07.32:825][ 82]LogModuleManager: Shutting down and abandoning module BspMode (494)
[2017.09.15-00.07.32:825][ 82]LogModuleManager: Shutting down and abandoning module HardwareSurvey (492)
[2017.09.15-00.07.32:825][ 82]LogModuleManager: Shutting down and abandoning module SequenceRecorderSections (490)
[2017.09.15-00.07.32:825][ 82]LogModuleManager: Shutting down and abandoning module AutomationWorker (488)
[2017.09.15-00.07.32:825][ 82]LogModuleManager: Shutting down and abandoning module MatineeToLevelSequence (486)
[2017.09.15-00.07.32:825][ 82]LogModuleManager: Shutting down and abandoning module LevelSequenceEditor (484)
[2017.09.15-00.07.32:825][ 82]LogModuleManager: Shutting down and abandoning module PlacementMode (483)
[2017.09.15-00.07.32:825][ 82]LogModuleManager: Shutting down and abandoning module WmfMediaFactory (480)
[2017.09.15-00.07.32:825][ 82]LogModuleManager: Shutting down and abandoning module WmfMediaEditor (478)
[2017.09.15-00.07.32:825][ 82]LogModuleManager: Shutting down and abandoning module AvfMediaFactory (476)
[2017.09.15-00.07.32:825][ 82]LogModuleManager: Shutting down and abandoning module AvfMediaEditor (474)
[2017.09.15-00.07.32:825][ 82]LogModuleManager: Shutting down and abandoning module AndroidMediaFactory (472)
[2017.09.15-00.07.32:825][ 82]LogModuleManager: Shutting down and abandoning module Media (471)
[2017.09.15-00.07.32:825][ 82]LogModuleManager: Shutting down and abandoning module AndroidMediaEditor (468)
[2017.09.15-00.07.32:825][ 82]LogModuleManager: Shutting down and abandoning module CharacterAI (466)
[2017.09.15-00.07.32:825][ 82]LogModuleManager: Shutting down and abandoning module AudioCapture (464)
[2017.09.15-00.07.32:825][ 82]LogModuleManager: Shutting down and abandoning module SequenceRecorder (463)
[2017.09.15-00.07.32:825][ 82]LogModuleManager: Shutting down and abandoning module SmartSnapping (460)
[2017.09.15-00.07.32:825][ 82]LogModuleManager: Shutting down and abandoning module SessionServices (458)
[2017.09.15-00.07.32:825][ 82]LogModuleManager: Shutting down and abandoning module ViewportSnapping (456)
[2017.09.15-00.07.32:825][ 82]LogModuleManager: Shutting down and abandoning module ViewportInteraction (454)
[2017.09.15-00.07.32:825][ 82]LogModuleManager: Shutting down and abandoning module ClothPainter (452)
[2017.09.15-00.07.32:825][ 82]LogModuleManager: Shutting down and abandoning module LogVisualizer (450)
[2017.09.15-00.07.32:825][ 82]LogModuleManager: Shutting down and abandoning module IntroTutorials (448)
[2017.09.15-00.07.32:825][ 82]LogModuleManager: Shutting down and abandoning module GameProjectGeneration (447)
[2017.09.15-00.07.32:825][ 82]LogModuleManager: Shutting down and abandoning module EditorLiveStreaming (444)
[2017.09.15-00.07.32:825][ 82]LogModuleManager: Shutting down and abandoning module IOSPlatformEditor (442)
[2017.09.15-00.07.32:825][ 82]LogModuleManager: Shutting down and abandoning module HTML5PlatformEditor (440)
[2017.09.15-00.07.32:825][ 82]LogModuleManager: Shutting down and abandoning module AndroidPlatformEditor (438)
[2017.09.15-00.07.32:825][ 82]LogModuleManager: Shutting down and abandoning module AndroidDeviceDetection (437)
[2017.09.15-00.07.32:964][ 82]LogModuleManager: Shutting down and abandoning module IOSRuntimeSettings (434)
[2017.09.15-00.07.32:964][ 82]LogModuleManager: Shutting down and abandoning module AndroidRuntimeSettings (432)
[2017.09.15-00.07.32:969][ 82]LogModuleManager: Shutting down and abandoning module InputBindingEditor (430)
[2017.09.15-00.07.32:969][ 82]LogModuleManager: Shutting down and abandoning module MergeActors (428)
[2017.09.15-00.07.32:969][ 82]LogModuleManager: Shutting down and abandoning module SizeMap (426)
[2017.09.15-00.07.32:969][ 82]LogModuleManager: Shutting down and abandoning module TreeMap (424)
[2017.09.15-00.07.32:969][ 82]LogModuleManager: Shutting down and abandoning module ReferenceViewer (422)
[2017.09.15-00.07.32:970][ 82]LogModuleManager: Shutting down and abandoning module LocalizationDashboard (420)
[2017.09.15-00.07.32:970][ 82]LogModuleManager: Shutting down and abandoning module LocalizationService (419)
[2017.09.15-00.07.32:970][ 82]LogModuleManager: Shutting down and abandoning module HardwareTargeting (416)
[2017.09.15-00.07.32:970][ 82]LogModuleManager: Shutting down and abandoning module DeviceProfileEditor (414)
[2017.09.15-00.07.32:970][ 82]LogModuleManager: Shutting down and abandoning module UndoHistory (412)
[2017.09.15-00.07.32:970][ 82]LogModuleManager: Shutting down and abandoning module UserFeedback (410)
[2017.09.15-00.07.32:970][ 82]LogModuleManager: Shutting down and abandoning module XmlParser (408)
[2017.09.15-00.07.32:970][ 82]LogModuleManager: Shutting down and abandoning module Blutility (406)
[2017.09.15-00.07.32:970][ 82]LogModuleManager: Shutting down and abandoning module ProjectSettingsViewer (404)
[2017.09.15-00.07.32:970][ 82]LogModuleManager: Shutting down and abandoning module ProjectTargetPlatformEditor (403)
[2017.09.15-00.07.32:970][ 82]LogModuleManager: Shutting down and abandoning module EditorSettingsViewer (400)
[2017.09.15-00.07.32:970][ 82]LogModuleManager: Shutting down and abandoning module SettingsEditor (398)
[2017.09.15-00.07.32:970][ 82]LogModuleManager: Shutting down and abandoning module ProjectLauncher (396)
[2017.09.15-00.07.32:970][ 82]LogModuleManager: Shutting down and abandoning module SessionFrontend (394)
[2017.09.15-00.07.32:970][ 82]LogModuleManager: Shutting down and abandoning module ProfilerClient (392)
[2017.09.15-00.07.32:970][ 82]LogModuleManager: Shutting down and abandoning module DeviceManager (390)
[2017.09.15-00.07.32:970][ 82]LogModuleManager: Shutting down and abandoning module TargetDeviceServices (389)
[2017.09.15-00.07.33:027][ 82]LogModuleManager: Shutting down and abandoning module AutomationController (386)
[2017.09.15-00.07.33:027][ 82]LogModuleManager: Shutting down and abandoning module AutomationWindow (384)
[2017.09.15-00.07.33:027][ 82]LogModuleManager: Shutting down and abandoning module Layers (382)
[2017.09.15-00.07.33:027][ 82]LogModuleManager: Shutting down and abandoning module ComponentVisualizers (380)
[2017.09.15-00.07.33:027][ 82]LogModuleManager: Shutting down and abandoning module DetailCustomizations (378)
[2017.09.15-00.07.33:027][ 82]LogModuleManager: Shutting down and abandoning module PackagesDialog (376)
[2017.09.15-00.07.33:027][ 82]LogModuleManager: Shutting down and abandoning module Persona (374)
[2017.09.15-00.07.33:027][ 82]LogModuleManager: Shutting down and abandoning module AdvancedPreviewScene (373)
[2017.09.15-00.07.33:027][ 82]LogModuleManager: Shutting down and abandoning module AnimGraph (371)
[2017.09.15-00.07.33:027][ 82]LogModuleManager: Shutting down and abandoning module Kismet (368)
[2017.09.15-00.07.33:033][ 82]LogModuleManager: Shutting down and abandoning module ClassViewer (366)
[2017.09.15-00.07.33:033][ 82]LogModuleManager: Shutting down and abandoning module Toolbox (364)
[2017.09.15-00.07.33:033][ 82]LogModuleManager: Shutting down and abandoning module ModuleUI (362)
[2017.09.15-00.07.33:033][ 82]LogModuleManager: Shutting down and abandoning module MovieSceneTools (360)
[2017.09.15-00.07.33:034][ 82]LogModuleManager: Shutting down and abandoning module OutputLog (358)
[2017.09.15-00.07.33:034][ 82]LogModuleManager: Shutting down and abandoning module GammaUI (356)
[2017.09.15-00.07.33:034][ 82]LogModuleManager: Shutting down and abandoning module Documentation (354)
[2017.09.15-00.07.33:034][ 82]LogModuleManager: Shutting down and abandoning module MovieSceneTracks (352)
[2017.09.15-00.07.33:034][ 82]LogModuleManager: Shutting down and abandoning module MovieScene (350)
[2017.09.15-00.07.33:034][ 82]LogModuleManager: Shutting down and abandoning module Niagara (348)
[2017.09.15-00.07.33:034][ 82]LogModuleManager: Shutting down and abandoning module NiagaraEditor (347)
[2017.09.15-00.07.33:034][ 82]LogModuleManager: Shutting down and abandoning module StreamingPauseRendering (344)
[2017.09.15-00.07.33:034][ 82]LogModuleManager: Shutting down and abandoning module AnalyticsET (342)
[2017.09.15-00.07.33:034][ 82]LogModuleManager: Shutting down and abandoning module PortalServices (340)
[2017.09.15-00.07.33:034][ 82]LogModuleManager: Shutting down and abandoning module PortalRpc (338)
[2017.09.15-00.07.33:034][ 82]LogModuleManager: Shutting down and abandoning module MessagingRpc (336)
[2017.09.15-00.07.33:034][ 82]LogModuleManager: Shutting down and abandoning module AIModule (334)
[2017.09.15-00.07.33:034][ 82]LogModuleManager: Shutting down and abandoning module GameplayDebugger (333)
[2017.09.15-00.07.33:034][ 82]LogModuleManager: Shutting down and abandoning module AITestSuite (331)
[2017.09.15-00.07.33:034][ 82]LogModuleManager: Shutting down and abandoning module ProfilerService (328)
[2017.09.15-00.07.33:166][ 82]LogModuleManager: Shutting down and abandoning module TaskGraph (326)
[2017.09.15-00.07.33:166][ 82]LogModuleManager: Shutting down and abandoning module SteamVRController (324)
[2017.09.15-00.07.33:166][ 82]LogModuleManager: Shutting down and abandoning module SteamVR (322)
[2017.09.15-00.07.33:166][ 82]LogModuleManager: Shutting down and abandoning module ProceduralMeshComponentEditor (320)
[2017.09.15-00.07.33:166][ 82]LogModuleManager: Shutting down and abandoning module ProceduralMeshComponent (318)
[2017.09.15-00.07.33:166][ 82]LogModuleManager: Shutting down and abandoning module OculusLibrary (316)
[2017.09.15-00.07.33:166][ 82]LogModuleManager: Shutting down and abandoning module OculusInput (314)
[2017.09.15-00.07.33:166][ 82]LogModuleManager: Shutting down and abandoning module MobilePatchingUtils (312)
[2017.09.15-00.07.33:166][ 82]LogModuleManager: Shutting down and abandoning module CustomMeshComponent (310)
[2017.09.15-00.07.33:166][ 82]LogModuleManager: Shutting down and abandoning module CableComponent (308)
[2017.09.15-00.07.33:166][ 82]LogModuleManager: Shutting down and abandoning module ArchVisCharacter (306)
[2017.09.15-00.07.33:166][ 82]LogModuleManager: Shutting down and abandoning module AndroidPermission (304)
[2017.09.15-00.07.33:166][ 82]LogModuleManager: Shutting down and abandoning module MediaPlayerEditor (300)
[2017.09.15-00.07.33:167][ 82]LogModuleManager: Shutting down and abandoning module HTML5Networking (298)
[2017.09.15-00.07.33:167][ 82]LogModuleManager: Shutting down and abandoning module AlembicImporter (296)
[2017.09.15-00.07.33:167][ 82]LogModuleManager: Shutting down and abandoning module AlembicLibrary (295)
[2017.09.15-00.07.33:167][ 82]LogModuleManager: Shutting down and abandoning module GeometryCache (294)
[2017.09.15-00.07.33:167][ 82]LogModuleManager: Shutting down and abandoning module GeometryCacheEd (293)
[2017.09.15-00.07.33:167][ 82]LogModuleManager: Shutting down and abandoning module SuperSearchEditor (288)
[2017.09.15-00.07.33:167][ 82]LogModuleManager: Shutting down and abandoning module SuperSearch (287)
[2017.09.15-00.07.33:167][ 82]LogModuleManager: Shutting down and abandoning module SpeedTreeImporter (284)
[2017.09.15-00.07.33:167][ 82]LogModuleManager: Shutting down and abandoning module PluginBrowser (282)
[2017.09.15-00.07.33:167][ 82]LogModuleManager: Shutting down and abandoning module MobileLauncherProfileWizard (280)
[2017.09.15-00.07.33:167][ 82]LogModuleManager: Shutting down and abandoning module VisualStudioSourceCodeAccess (278)
[2017.09.15-00.07.33:168][ 82]LogModuleManager: Shutting down and abandoning module DesktopPlatform (277)
[2017.09.15-00.07.33:168][ 82]LogModuleManager: Shutting down and abandoning module UObjectPlugin (274)
[2017.09.15-00.07.33:168][ 82]LogModuleManager: Shutting down and abandoning module SubversionSourceControl (272)
[2017.09.15-00.07.33:168][ 82]LogModuleManager: Shutting down and abandoning module PerforceSourceControl (270)
[2017.09.15-00.07.33:168][ 82]LogModuleManager: Shutting down and abandoning module GitSourceControl (268)
[2017.09.15-00.07.33:168][ 82]LogModuleManager: Shutting down and abandoning module SourceControl (267)
[2017.09.15-00.07.33:168][ 82]LogModuleManager: Shutting down and abandoning module LightPropagationVolumeEditor (264)
[2017.09.15-00.07.33:168][ 82]LogModuleManager: Shutting down and abandoning module PaperTiledImporter (262)
[2017.09.15-00.07.33:168][ 82]LogModuleManager: Shutting down and abandoning module PaperSpriteSheetImporter (260)
[2017.09.15-00.07.33:168][ 82]LogModuleManager: Shutting down and abandoning module Paper2DEditor (258)
[2017.09.15-00.07.33:168][ 82]LogModuleManager: Shutting down and abandoning module MeshPaint (257)
[2017.09.15-00.07.33:168][ 82]LogModuleManager: Shutting down and abandoning module LevelEditor (255)
[2017.09.15-00.07.33:172][ 82]LogModuleManager: Shutting down and abandoning module PixelInspectorModule (254)
[2017.09.15-00.07.33:172][ 82]LogModuleManager: Shutting down and abandoning module MainFrame (252)
[2017.09.15-00.07.33:172][ 82]LogModuleManager: Shutting down and abandoning module HotReload (251)
[2017.09.15-00.07.33:174][ 82]LogModuleManager: Shutting down and abandoning module PhysXVehiclesEditor (246)
[2017.09.15-00.07.33:174][ 82]LogModuleManager: Shutting down and abandoning module PhysXVehicles (244)
[2017.09.15-00.07.33:174][ 82]LogModuleManager: Shutting down and abandoning module LocationServicesBPLibrary (242)
[2017.09.15-00.07.33:174][ 82]LogModuleManager: Shutting down and abandoning module ImmediatePhysicsEditor (240)
[2017.09.15-00.07.33:174][ 82]LogModuleManager: Shutting down and abandoning module ImmediatePhysics (238)
[2017.09.15-00.07.33:174][ 82]LogModuleManager: Shutting down and abandoning module UdpMessaging (236)
[2017.09.15-00.07.33:276][ 82]LogModuleManager: Shutting down and abandoning module TcpMessaging (234)
[2017.09.15-00.07.33:376][ 82]LogModuleManager: Shutting down and abandoning module GameplayTagsEditor (232)
[2017.09.15-00.07.33:376][ 82]LogModuleManager: Shutting down and abandoning module FacialAnimationEditor (230)
[2017.09.15-00.07.33:376][ 82]LogModuleManager: Shutting down and abandoning module FacialAnimation (228)
[2017.09.15-00.07.33:376][ 82]LogModuleManager: Shutting down and abandoning module AssetManagerEditor (226)
[2017.09.15-00.07.33:376][ 82]LogModuleManager: Shutting down and abandoning module GraphEditor (225)
[2017.09.15-00.07.33:376][ 82]LogModuleManager: Shutting down and abandoning module ContentBrowser (223)
[2017.09.15-00.07.33:393][ 82]LogModuleManager: Shutting down and abandoning module LightPropagationVolumeRuntime (220)
[2017.09.15-00.07.33:393][ 82]LogModuleManager: Shutting down and abandoning module Paper2D (218)
[2017.09.15-00.07.33:393][ 82]LogModuleManager: Shutting down and abandoning module WindowsMoviePlayer (216)
[2017.09.15-00.07.33:393][ 82]LogModuleManager: Shutting down and abandoning module WmfMedia (214)
[2017.09.15-00.07.33:396][ 82]LogModuleManager: Shutting down and abandoning module ClothingSystemEditor (212)
[2017.09.15-00.07.33:396][ 82]LogModuleManager: Shutting down and abandoning module ClothingSystemRuntime (210)
[2017.09.15-00.07.33:396][ 82]LogModuleManager: Shutting down and abandoning module MediaAssets (208)
[2017.09.15-00.07.33:397][ 82]LogModuleManager: Shutting down and abandoning module GameLiveStreaming (206)
[2017.09.15-00.07.33:397][ 82]LogModuleManager: Shutting down and abandoning module VREditor (204)
[2017.09.15-00.07.33:397][ 82]LogModuleManager: Shutting down and abandoning module StringTableEditor (202)
[2017.09.15-00.07.33:397][ 82]LogModuleManager: Shutting down and abandoning module GameplayTasksEditor (200)
[2017.09.15-00.07.33:397][ 82]LogModuleManager: Shutting down and abandoning module BehaviorTreeEditor (198)
[2017.09.15-00.07.33:397][ 82]LogModuleManager: Shutting down and abandoning module FunctionalTesting (196)
[2017.09.15-00.07.33:398][ 82]LogModuleManager: Shutting down and abandoning module CollisionAnalyzer (194)
[2017.09.15-00.07.33:398][ 82]LogModuleManager: Shutting down and abandoning module UMG (192)
[2017.09.15-00.07.33:398][ 82]LogModuleManager: Shutting down and abandoning module UMGEditor (191)
[2017.09.15-00.07.33:398][ 82]LogModuleManager: Shutting down and abandoning module Sequencer (190)
[2017.09.15-00.07.33:398][ 82]LogModuleManager: Shutting down and abandoning module AssetTools (188)
[2017.09.15-00.07.33:398][ 82]LogModuleManager: Shutting down and abandoning module MessageLog (187)
[2017.09.15-00.07.33:398][ 82]LogModuleManager: Shutting down and abandoning module WorkspaceMenuStructure (186)
[2017.09.15-00.07.33:399][ 82]LogModuleManager: Shutting down and abandoning module SlateReflector (180)
[2017.09.15-00.07.33:399][ 82]LogModuleManager: Shutting down and abandoning module Slate (178)
[2017.09.15-00.07.33:399][ 82]LogModuleManager: Shutting down and abandoning module EditorStyle (176)
[2017.09.15-00.07.33:409][ 82]LogModuleManager: Shutting down and abandoning module SourceCodeAccess (174)
[2017.09.15-00.07.33:409][ 82]LogModuleManager: Shutting down and abandoning module HeadMountedDisplay (172)
[2017.09.15-00.07.33:409][ 82]LogModuleManager: Shutting down and abandoning module XAudio2 (170)
[2017.09.15-00.07.33:409][ 82]LogModuleManager: Shutting down and abandoning module Networking (168)
[2017.09.15-00.07.33:409][ 82]LogModuleManager: Shutting down and abandoning module Core (164)
[2017.09.15-00.07.33:409][ 82]LogModuleManager: Shutting down and abandoning module AssetRegistry (162)
[2017.09.15-00.07.33:726][ 82]LogDirectoryWatcher: A directory notification for '../../../Engine/Content/' was aborted.
[2017.09.15-00.07.33:727][ 82]LogDirectoryWatcher: A directory notification for '../../../../../../Users/Kareith/Documents/Unreal Projects/MyProject/Content/' was aborted.
[2017.09.15-00.07.33:727][ 82]LogDirectoryWatcher: A directory notification for '../../../Engine/Plugins/2D/Paper2D/Content/' was aborted.
[2017.09.15-00.07.33:727][ 82]LogDirectoryWatcher: A directory notification for '../../../Engine/Plugins/Runtime/GearVR/Content/' was aborted.
[2017.09.15-00.07.33:746][ 82]LogModuleManager: Shutting down and abandoning module DirectoryWatcher (161)
[2017.09.15-00.07.33:768][ 82]LogModuleManager: Shutting down and abandoning module KismetCompiler (158)
[2017.09.15-00.07.33:769][ 82]LogModuleManager: Shutting down and abandoning module LevelSequence (156)
[2017.09.15-00.07.33:769][ 82]LogModuleManager: Shutting down and abandoning module PhysXFormats (154)
[2017.09.15-00.07.33:769][ 82]LogModuleManager: Shutting down and abandoning module MeshUtilities (152)
[2017.09.15-00.07.33:769][ 82]LogModuleManager: Shutting down and abandoning module SimplygonSwarm (151)
[2017.09.15-00.07.33:769][ 82]LogModuleManager: Shutting down and abandoning module SimplygonMeshReduction (149)
[2017.09.15-00.07.33:769][ 82]LogModuleManager: Shutting down and abandoning module QuadricMeshReduction (147)
[2017.09.15-00.07.33:769][ 82]LogModuleManager: Shutting down and abandoning module DerivedDataCache (144)
[2017.09.15-00.07.33:781][ 82]LogDerivedDataCache: Shutdown
[2017.09.15-00.07.33:781][ 82]LogModuleManager: Shutting down and abandoning module TargetPlatform (142)
[2017.09.15-00.07.33:783][ 82]LogModuleManager: Shutting down and abandoning module VulkanShaderFormat (141)
[2017.09.15-00.07.33:783][ 82]LogModuleManager: Shutting down and abandoning module ShaderFormatVectorVM (139)
[2017.09.15-00.07.33:783][ 82]LogModuleManager: Shutting down and abandoning module ShaderFormatOpenGL (137)
[2017.09.15-00.07.33:783][ 82]LogModuleManager: Shutting down and abandoning module ShaderFormatD3D (135)
[2017.09.15-00.07.33:783][ 82]LogModuleManager: Shutting down and abandoning module MetalShaderFormat (133)
[2017.09.15-00.07.33:783][ 82]LogModuleManager: Shutting down and abandoning module TextureFormatUncompressed (131)
[2017.09.15-00.07.33:783][ 82]LogModuleManager: Shutting down and abandoning module TextureFormatPVR (129)
[2017.09.15-00.07.33:783][ 82]LogModuleManager: Shutting down and abandoning module TextureFormatDXT (127)
[2017.09.15-00.07.33:783][ 82]LogModuleManager: Shutting down and abandoning module TextureFormatIntelISPCTexComp (125)
[2017.09.15-00.07.33:783][ 82]LogModuleManager: Shutting down and abandoning module TextureFormatASTC (123)
[2017.09.15-00.07.33:783][ 82]LogModuleManager: Shutting down and abandoning module ImageWrapper (122)
[2017.09.15-00.07.33:783][ 82]LogModuleManager: Shutting down and abandoning module TextureFormatAndroid (119)
[2017.09.15-00.07.33:783][ 82]LogModuleManager: Shutting down and abandoning module AudioFormatOpus (117)
[2017.09.15-00.07.33:783][ 82]LogModuleManager: Shutting down and abandoning module AudioFormatOgg (115)
[2017.09.15-00.07.33:784][ 82]LogModuleManager: Shutting down and abandoning module AudioFormatADPCM (113)
[2017.09.15-00.07.33:784][ 82]LogModuleManager: Shutting down and abandoning module LinuxTargetPlatform (111)
[2017.09.15-00.07.33:784][ 82]LogModuleManager: Shutting down and abandoning module LinuxServerTargetPlatform (109)
[2017.09.15-00.07.33:784][ 82]LogModuleManager: Shutting down and abandoning module LinuxNoEditorTargetPlatform (107)
[2017.09.15-00.07.33:784][ 82]LogModuleManager: Shutting down and abandoning module LinuxClientTargetPlatform (105)
[2017.09.15-00.07.33:784][ 82]LogModuleManager: Shutting down and abandoning module TVOSTargetPlatform (103)
[2017.09.15-00.07.33:784][ 82]LogModuleManager: Shutting down and abandoning module Messaging (101)
[2017.09.15-00.07.33:784][ 82]LogModuleManager: Shutting down and abandoning module IOSTargetPlatform (99)
[2017.09.15-00.07.33:784][ 82]LogModuleManager: Shutting down and abandoning module HTML5TargetPlatform (97)
[2017.09.15-00.07.33:785][ 82]LogModuleManager: Shutting down and abandoning module Android_PVRTCTargetPlatform (95)
[2017.09.15-00.07.33:785][ 82]LogModuleManager: Shutting down and abandoning module Android_MultiTargetPlatform (93)
[2017.09.15-00.07.33:785][ 82]LogModuleManager: Shutting down and abandoning module Android_ETC2TargetPlatform (91)
[2017.09.15-00.07.33:785][ 82]LogModuleManager: Shutting down and abandoning module Android_ETC1TargetPlatform (89)
[2017.09.15-00.07.33:785][ 82]LogModuleManager: Shutting down and abandoning module Android_DXTTargetPlatform (87)
[2017.09.15-00.07.33:785][ 82]LogModuleManager: Shutting down and abandoning module Android_ATCTargetPlatform (85)
[2017.09.15-00.07.33:785][ 82]LogModuleManager: Shutting down and abandoning module Android_ASTCTargetPlatform (83)
[2017.09.15-00.07.33:786][ 82]LogModuleManager: Shutting down and abandoning module AndroidTargetPlatform (81)
[2017.09.15-00.07.33:786][ 82]LogModuleManager: Shutting down and abandoning module WindowsTargetPlatform (79)
[2017.09.15-00.07.33:786][ 82]LogModuleManager: Shutting down and abandoning module WindowsServerTargetPlatform (77)
[2017.09.15-00.07.33:787][ 82]LogModuleManager: Shutting down and abandoning module WindowsNoEditorTargetPlatform (75)
[2017.09.15-00.07.33:787][ 82]LogModuleManager: Shutting down and abandoning module WindowsClientTargetPlatform (73)
[2017.09.15-00.07.33:787][ 82]LogModuleManager: Shutting down and abandoning module MacTargetPlatform (71)
[2017.09.15-00.07.33:787][ 82]LogModuleManager: Shutting down and abandoning module MacServerTargetPlatform (69)
[2017.09.15-00.07.33:788][ 82]LogModuleManager: Shutting down and abandoning module MacNoEditorTargetPlatform (67)
[2017.09.15-00.07.33:788][ 82]LogModuleManager: Shutting down and abandoning module MacClientTargetPlatform (65)
[2017.09.15-00.07.33:788][ 82]LogModuleManager: Shutting down and abandoning module AllDesktopTargetPlatform (63)
[2017.09.15-00.07.33:788][ 82]LogModuleManager: Shutting down and abandoning module InputCore (60)
[2017.09.15-00.07.33:788][ 82]LogModuleManager: Shutting down and abandoning module Settings (58)
[2017.09.15-00.07.33:789][ 82]LogModuleManager: Shutting down and abandoning module OculusRift (56)
[2017.09.15-00.07.33:789][ 82]LogModuleManager: Shutting down and abandoning module GearVRController (54)
[2017.09.15-00.07.33:789][ 82]LogModuleManager: Shutting down and abandoning module GearVR (52)
[2017.09.15-00.07.33:789][ 82]LogModuleManager: Shutting down and abandoning module ExampleDeviceProfileSelector (50)
[2017.09.15-00.07.33:789][ 82]LogModuleManager: Shutting down and abandoning module OnlineBlueprintSupport (48)
[2017.09.15-00.07.33:789][ 82]LogModuleManager: Shutting down and abandoning module OnlineSubsystem (44)
[2017.09.15-00.07.33:789][ 82]LogOnline:Display: Unloading online subsystem: NULL
[2017.09.15-00.07.33:789][ 82]LogModuleManager: Shutting down and abandoning module XMPP (43)
[2017.09.15-00.07.33:790][ 82]LogModuleManager: Shutting down and abandoning module HTTP (41)
[2017.09.15-00.07.33:790][ 82]LogHttp:Display: Http module shutting down, but needs to wait on 1 outstanding Http requests:
[2017.09.15-00.07.33:790][ 82]LogHttp:Display: 	verb=[POST] url=[https://datarouter.ol.epicgames.com/datarouter/api/v1/public/data?SessionID=%7B8A213620-4C82-9284-A090-E3BD3A33566D%7D&AppID=UEEditor.Rocket.Release&AppVersion=4.16.1-3466753%2B%2B%2BUE4%2BRelease-4.16&UserID=96ce0a5d40005eaa82a29885b3edfbb3%7C417d7a39926e438086d0d891ce86dcc8%7Cdaac4de8-8bec-471c-b840-517f8d95a2ea&AppEnvironment=datacollector-binary&UploadType=eteventstream] status=Processing
[2017.09.15-00.07.33:808][ 82]LogModuleManager: Shutting down and abandoning module SSL (40)
[2017.09.15-00.07.33:815][ 82]LogModuleManager: Shutting down and abandoning module HTTPChunkInstaller (36)
[2017.09.15-00.07.33:816][ 82]LogModuleManager: Shutting down and abandoning module AnimationModifiers (34)
[2017.09.15-00.07.33:816][ 82]LogModuleManager: Shutting down and abandoning module PropertyEditor (33)
[2017.09.15-00.07.33:817][ 82]LogModuleManager: Shutting down and abandoning module AudioEditor (30)
[2017.09.15-00.07.33:817][ 82]LogModuleManager: Shutting down and abandoning module TextureCompressor (28)
[2017.09.15-00.07.33:817][ 82]LogModuleManager: Shutting down and abandoning module ShaderCore (26)
[2017.09.15-00.07.33:817][ 82]LogModuleManager: Shutting down and abandoning module Landscape (24)
[2017.09.15-00.07.33:817][ 82]LogModuleManager: Shutting down and abandoning module SlateRHIRenderer (22)
[2017.09.15-00.07.33:832][ 82]LogModuleManager: Shutting down and abandoning module OpenGLDrv (20)
[2017.09.15-00.07.33:832][ 82]LogModuleManager: Shutting down and abandoning module D3D11RHI (18)
[2017.09.15-00.07.33:832][ 82]LogModuleManager: Shutting down and abandoning module AnimGraphRuntime (16)
[2017.09.15-00.07.33:833][ 82]LogModuleManager: Shutting down and abandoning module Renderer (14)
[2017.09.15-00.07.33:833][ 82]LogModuleManager: Shutting down and abandoning module Engine (12)
[2017.09.15-00.07.33:833][ 82]LogModuleManager: Shutting down and abandoning module CoreUObject (10)
[2017.09.15-00.07.33:833][ 82]LogModuleManager: Shutting down and abandoning module NetworkFile (8)
[2017.09.15-00.07.33:833][ 82]LogModuleManager: Shutting down and abandoning module StreamingFile (6)
[2017.09.15-00.07.33:833][ 82]LogModuleManager: Shutting down and abandoning module SandboxFile (4)
[2017.09.15-00.07.33:833][ 82]LogModuleManager: Shutting down and abandoning module PakFile (2)
[2017.09.15-00.07.33:836][ 82]LogExit: Exiting.
[2017.09.15-00.07.33:935][ 82]Log file closed, 09/14/17 20:07:33
