Log file open, 10/19/17 20:38:54
LogWindows: Failed to load 'aqProf.dll' (GetLastError=126)
LogWindows: File 'aqProf.dll' does not exist
LogWindows: Failed to load 'VSPerf140.dll' (GetLastError=126)
LogWindows: File 'VSPerf140.dll' does not exist
LogWindows: Failed to load 'VtuneApi.dll' (GetLastError=126)
LogWindows: File 'VtuneApi.dll' does not exist
LogWindows: Failed to load 'VtuneApi32e.dll' (GetLastError=126)
LogWindows: File 'VtuneApi32e.dll' does not exist
LogInit: Display: Running engine for game: MyProject
LogPlatformFile: Not using cached read wrapper
LogInit: Display: RandInit(949375554) SRandInit(949375554).
LogTaskGraph: Started task graph with 5 named threads and 8 total threads with 3 sets of task threads.
LogStats: Stats thread started at 0.151586
LogD3D11RHI: Aftermath initialized
LogPluginManager: Mounting plugin Paper2D
LogPluginManager: Mounting plugin LightPropagationVolume
LogPluginManager: Mounting plugin CodeLiteSourceCodeAccess
LogPluginManager: Mounting plugin GitSourceControl
LogPluginManager: Mounting plugin KDevelopSourceCodeAccess
LogPluginManager: Mounting plugin NullSourceCodeAccess
LogPluginManager: Mounting plugin PerforceSourceControl
LogPluginManager: Mounting plugin SubversionSourceControl
LogPluginManager: Mounting plugin UObjectPlugin
LogPluginManager: Mounting plugin VisualStudioSourceCodeAccess
LogPluginManager: Mounting plugin XCodeSourceCodeAccess
LogPluginManager: Mounting plugin AssetManagerEditor
LogPluginManager: Mounting plugin AudioCapture
LogPluginManager: Mounting plugin FacialAnimation
LogPluginManager: Mounting plugin GameplayTagsEditor
LogPluginManager: Mounting plugin MobileLauncherProfileWizard
LogPluginManager: Mounting plugin PluginBrowser
LogPluginManager: Mounting plugin SpeedTreeImporter
LogPluginManager: Mounting plugin AlembicImporter
LogPluginManager: Mounting plugin CharacterAI
LogPluginManager: Mounting plugin HTML5Networking
LogPluginManager: Mounting plugin AndroidMedia
LogPluginManager: Mounting plugin AvfMedia
LogPluginManager: Mounting plugin MediaPlayerEditor
LogPluginManager: Mounting plugin WmfMedia
LogPluginManager: Mounting plugin TcpMessaging
LogPluginManager: Mounting plugin UdpMessaging
LogPluginManager: Mounting plugin LevelSequenceEditor
LogPluginManager: Mounting plugin MatineeToLevelSequence
LogPluginManager: Mounting plugin OnlineSubsystemGooglePlay
LogPluginManager: Mounting plugin OnlineSubsystemIOS
LogPluginManager: Mounting plugin OnlineSubsystem
LogPluginManager: Mounting plugin OnlineSubsystemNull
LogPluginManager: Mounting plugin OnlineSubsystemUtils
LogPluginManager: Mounting plugin AndroidDeviceProfileSelector
LogPluginManager: Mounting plugin AndroidMoviePlayer
LogPluginManager: Mounting plugin AndroidPermission
LogPluginManager: Mounting plugin AppleMoviePlayer
LogPluginManager: Mounting plugin ArchVisCharacter
LogPluginManager: Mounting plugin CableComponent
LogPluginManager: Mounting plugin CustomMeshComponent
LogPluginManager: Mounting plugin ExampleDeviceProfileSelector
LogPluginManager: Mounting plugin GoogleCloudMessaging
LogPluginManager: Mounting plugin ImmediatePhysics
LogPluginManager: Mounting plugin IOSDeviceProfileSelector
LogPluginManager: Mounting plugin LinuxDeviceProfileSelector
LogPluginManager: Mounting plugin LocationServicesBPLibrary
LogPluginManager: Mounting plugin MobilePatchingUtils
LogPluginManager: Mounting plugin OculusVR
LogPluginManager: Mounting plugin PhysXVehicles
LogPluginManager: Mounting plugin ProceduralMeshComponent
LogPluginManager: Mounting plugin RuntimePhysXCooking
LogPluginManager: Mounting plugin SteamVR
LogPluginManager: Mounting plugin WindowsMoviePlayer
LogInit: Using libcurl 7.47.1
LogInit:  - built for x86_64-pc-win32
LogInit:  - supports SSL with OpenSSL/1.0.2g
LogInit:  - supports HTTP deflate (compression) using libz 1.2.8
LogInit:  - other features:
LogInit:      CURL_VERSION_SSL
LogInit:      CURL_VERSION_LIBZ
LogInit:      CURL_VERSION_IPV6
LogInit:      CURL_VERSION_ASYNCHDNS
LogInit:      CURL_VERSION_LARGEFILE
LogInit:      CURL_VERSION_IDN
LogInit:  CurlRequestOptions (configurable via config and command line):
LogInit:  - bVerifyPeer = false  - Libcurl will NOT verify peer certificate
LogInit:  - bUseHttpProxy = false  - Libcurl will NOT use HTTP proxy
LogInit:  - bDontReuseConnections = false  - Libcurl will reuse connections
LogInit:  - CertBundlePath = nullptr  - Libcurl will use whatever was configured at build time.
LogInit: Build: ++UE4+Release-4.17-CL-3658906
LogInit: Engine Version: 4.17.2-3658906+++UE4+Release-4.17
LogInit: Compatible Engine Version: 4.17.0-3573198+++UE4+Release-4.17
LogInit: Net CL: 3573198
LogDevObjectVersion: Number of dev versions registered: 16
LogDevObjectVersion:   Dev-Blueprints (B0D832E4-1F89-4F0D-ACCF-7EB736FD4AA2): 10
LogDevObjectVersion:   Dev-Build (E1C64328-A22C-4D53-A36C-8E866417BD8C): 0
LogDevObjectVersion:   Dev-Core (375EC13C-06E4-48FB-B500-84F0262A717E): 2
LogDevObjectVersion:   Dev-Editor (E4B068ED-F494-42E9-A231-DA0B2E46BB41): 20
LogDevObjectVersion:   Dev-Framework (CFFC743F-43B0-4480-9391-14DF171D2073): 28
LogDevObjectVersion:   Dev-Mobile (B02B49B5-BB20-44E9-A304-32B752E40360): 0
LogDevObjectVersion:   Dev-Networking (A4E4105C-59A1-49B5-A7C5-40C4547EDFEE): 0
LogDevObjectVersion:   Dev-Online (39C831C9-5AE6-47DC-9A44-9C173E1C8E7C): 0
LogDevObjectVersion:   Dev-Physics (78F01B33-EBEA-4F98-B9B4-84EACCB95AA2): 0
LogDevObjectVersion:   Dev-Platform (6631380F-2D4D-43E0-8009-CF276956A95A): 0
LogDevObjectVersion:   Dev-Rendering (12F88B9F-8875-4AFC-A67C-D90C383ABD29): 19
LogDevObjectVersion:   Dev-Sequencer (7B5AE74C-D270-4C10-A958-57980B212A5A): 4
LogDevObjectVersion:   Dev-VR (D7296918-1DD6-4BDD-9DE2-64A83CC13884): 0
LogDevObjectVersion:   Dev-LoadTimes (C2A15278-BFE7-4AFE-6C17-90FF531DF755): 1
LogDevObjectVersion:   Private-Geometry (6EACA3D4-40EC-4CC1-B786-8BED09428FC5): 1
LogDevObjectVersion:   Dev-AnimPhys (29E575DD-E0A3-4627-9D10-D276232CDCEA): 7
LogInit: Compiled (64-bit): Sep 22 2017 13:47:16
LogInit: Compiled with Visual C++: 19.00.24215.01
LogInit: Build Configuration: Development
LogInit: Branch Name: ++UE4+Release-4.17
LogInit: Command line: 
LogInit: Base directory: C:/Users/Ethan/Documents/UE_4.17/Engine/Binaries/Win64/
LogInit: Installed Engine Build: 1
LogInit: Presizing for max 8388607 objects, including 0 objects not considered by GC, pre-allocating 0 bytes for permanent pool.
LogInit: Object subsystem initialized
[2017.10.20-01.38.54:961][  0]LogInit: Selected Device Profile: [Windows]
[2017.10.20-01.38.54:961][  0]LogInit: Applying CVar settings loaded from the selected device profile: [Windows]
[2017.10.20-01.38.54:970][  0]LogInit: Computer: MRBRANDLOYAL
[2017.10.20-01.38.54:970][  0]LogInit: User: Ethan
[2017.10.20-01.38.54:970][  0]LogInit: CPU Page size=4096, Cores=2
[2017.10.20-01.38.54:970][  0]LogInit: High frequency timer resolution =2.338339 MHz
[2017.10.20-01.38.54:971][  0]LogMemory: Memory total: Physical=11.9GB (12GB approx)
[2017.10.20-01.38.54:971][  0]LogMemory: Platform Memory Stats for Windows
[2017.10.20-01.38.54:971][  0]LogMemory: Process Physical Memory: 276.27 MB used, 276.27 MB peak
[2017.10.20-01.38.54:971][  0]LogMemory: Process Virtual Memory: 273.61 MB used, 273.61 MB peak
[2017.10.20-01.38.54:971][  0]LogMemory: Physical Memory: 4869.81 MB used,  7340.45 MB free, 12210.27 MB total
[2017.10.20-01.38.54:971][  0]LogMemory: Virtual Memory: 669.46 MB used,  7340.45 MB free, 134217728.00 MB total
[2017.10.20-01.38.55:195][  0]LogInit: Using OS detected language (en-US).
[2017.10.20-01.38.55:195][  0]LogInit: Using OS detected locale (en-US).
[2017.10.20-01.38.55:200][  0]LogTextLocalizationManager: No specific localization for 'en-US' exists, so the 'en' localization will be used.
[2017.10.20-01.38.56:137][  0]LogD3D11RHI: D3D11 adapters:
[2017.10.20-01.38.56:146][  0]LogD3D11RHI:    0. 'Intel(R) HD Graphics 5500' (Feature Level 11_0)
[2017.10.20-01.38.56:146][  0]LogD3D11RHI:       128/0/6105 MB DedicatedVideo/DedicatedSystem/SharedSystem, Outputs:1, VendorId:0x8086
[2017.10.20-01.38.56:149][  0]LogD3D11RHI:    1. 'Microsoft Basic Render Driver' (Feature Level 11_0)
[2017.10.20-01.38.56:149][  0]LogD3D11RHI:       0/0/6105 MB DedicatedVideo/DedicatedSystem/SharedSystem, Outputs:0, VendorId:0x1414
[2017.10.20-01.38.56:149][  0]LogD3D11RHI: Chosen D3D11 Adapter: 0
[2017.10.20-01.38.56:158][  0]LogD3D11RHI: Creating new Direct3DDevice
[2017.10.20-01.38.56:158][  0]LogD3D11RHI:     GPU DeviceId: 0x1616 (for the marketing name, search the web for "GPU Device Id")
[2017.10.20-01.38.56:158][  0]LogWindows: EnumDisplayDevices:
[2017.10.20-01.38.56:159][  0]LogWindows:    0. 'Intel(R) HD Graphics 5500' (P:1 D:1)
[2017.10.20-01.38.56:159][  0]LogWindows:    1. 'Intel(R) HD Graphics 5500' (P:0 D:0)
[2017.10.20-01.38.56:160][  0]LogWindows:    2. 'Intel(R) HD Graphics 5500' (P:0 D:0)
[2017.10.20-01.38.56:160][  0]LogWindows: DebugString: FoundDriverCount:3 
[2017.10.20-01.38.56:160][  0]LogD3D11RHI:     Adapter Name: Intel(R) HD Graphics 5500
[2017.10.20-01.38.56:160][  0]LogD3D11RHI:   Driver Version: 20.19.15.4531 (internal:20.19.15.4531, unified:20.19.15.4531)
[2017.10.20-01.38.56:160][  0]LogD3D11RHI:      Driver Date: 9-29-2016
[2017.10.20-01.38.56:160][  0]LogRHI: Texture pool is 1361 MB (70% of 1945 MB)
[2017.10.20-01.38.56:168][  0]LogD3D11RHI: Async texture creation enabled
[2017.10.20-01.38.56:174][  0]LogD3D11RHI: GPU Timing Frequency: 12.500000 (Debug: 2 0)
[2017.10.20-01.38.56:175][  0]LogShaderCompilers: Guid format shader working directory is 14 characters bigger than the processId version (../../../../GitHub/Flare_BlitzU/Intermediate/Shaders/WorkingDirectory/11680/).
[2017.10.20-01.38.56:176][  0]LogShaderCompilers: Cleaned the shader compiler working directory 'C:/Users/Ethan/AppData/Local/Temp/UnrealShaderWorkingDir/76D41844470E73A3E122E4A877B47F3E/'.
[2017.10.20-01.38.56:176][  0]LogShaderCompilers: Display: Using Local Shader Compiler.
[2017.10.20-01.38.57:429][  0]LogTemp: Display: Loaded TP AllDesktopTargetPlatform
[2017.10.20-01.38.57:506][  0]LogTemp: Display: Loaded TP MacClientTargetPlatform
[2017.10.20-01.38.57:580][  0]LogTemp: Display: Loaded TP MacNoEditorTargetPlatform
[2017.10.20-01.38.57:651][  0]LogTemp: Display: Loaded TP MacServerTargetPlatform
[2017.10.20-01.38.57:730][  0]LogTemp: Display: Loaded TP MacTargetPlatform
[2017.10.20-01.38.57:806][  0]LogTemp: Display: Loaded TP WindowsClientTargetPlatform
[2017.10.20-01.38.57:883][  0]LogTemp: Display: Loaded TP WindowsNoEditorTargetPlatform
[2017.10.20-01.38.57:953][  0]LogTemp: Display: Loaded TP WindowsServerTargetPlatform
[2017.10.20-01.38.58:017][  0]LogTemp: Display: Loaded TP WindowsTargetPlatform
[2017.10.20-01.38.58:081][  0]LogTemp: Display: Loaded TP AndroidTargetPlatform
[2017.10.20-01.38.58:143][  0]LogTemp: Display: Loaded TP Android_ASTCTargetPlatform
[2017.10.20-01.38.58:213][  0]LogTemp: Display: Loaded TP Android_ATCTargetPlatform
[2017.10.20-01.38.58:286][  0]LogTemp: Display: Loaded TP Android_DXTTargetPlatform
[2017.10.20-01.38.58:357][  0]LogTemp: Display: Loaded TP Android_ETC1TargetPlatform
[2017.10.20-01.38.58:421][  0]LogTemp: Display: Loaded TP Android_ETC2TargetPlatform
[2017.10.20-01.38.58:563][  0]LogTemp: Display: Loaded TP Android_MultiTargetPlatform
[2017.10.20-01.38.58:563][  0]LogTemp: Display: Loaded TP Android_PVRTCTargetPlatform
[2017.10.20-01.38.58:623][  0]LogTemp: Display: Loaded TP HTML5TargetPlatform
[2017.10.20-01.38.58:747][  0]LogTemp: Display: Loaded TP IOSTargetPlatform
[2017.10.20-01.38.58:791][  0]LogTemp: Display: Loaded TP TVOSTargetPlatform
[2017.10.20-01.38.58:855][  0]LogTemp: Display: Loaded TP LinuxClientTargetPlatform
[2017.10.20-01.38.58:924][  0]LogTemp: Display: Loaded TP LinuxNoEditorTargetPlatform
[2017.10.20-01.38.58:992][  0]LogTemp: Display: Loaded TP LinuxServerTargetPlatform
[2017.10.20-01.38.59:067][  0]LogTemp: Display: Loaded TP LinuxTargetPlatform
[2017.10.20-01.38.59:067][  0]LogTargetPlatformManager: Display: Building Assets For Windows
[2017.10.20-01.38.59:769][  0]LogDerivedDataCache: Display: Max Cache Size: 512 MB
[2017.10.20-01.38.59:895][  0]LogDerivedDataCache: Loaded boot cache 0.13s 93MB C:/Users/Ethan/AppData/Local/UnrealEngine/4.17/DerivedDataCache/Boot.ddc.
[2017.10.20-01.38.59:895][  0]LogDerivedDataCache: Display: Loaded Boot cache: C:/Users/Ethan/AppData/Local/UnrealEngine/4.17/DerivedDataCache/Boot.ddc
[2017.10.20-01.38.59:895][  0]LogDerivedDataCache: FDerivedDataBackendGraph:  Pak pak cache file ../../../../GitHub/Flare_BlitzU/DerivedDataCache/DDC.ddp not found, will not use a pak cache.
[2017.10.20-01.38.59:895][  0]LogDerivedDataCache: Unable to find inner node Pak for hierarchical cache Hierarchy.
[2017.10.20-01.38.59:895][  0]LogDerivedDataCache: FDerivedDataBackendGraph:  CompressedPak pak cache file ../../../../GitHub/Flare_BlitzU/DerivedDataCache/Compressed.ddp not found, will not use a pak cache.
[2017.10.20-01.38.59:895][  0]LogDerivedDataCache: Unable to find inner node CompressedPak for hierarchical cache Hierarchy.
[2017.10.20-01.38.59:913][  0]LogDerivedDataCache: Display: Pak cache opened for reading ../../../Engine/DerivedDataCache/Compressed.ddp.
[2017.10.20-01.38.59:926][  0]LogDerivedDataCache: Using Local data cache path C:/Users/Ethan/AppData/Local/UnrealEngine/Common/DerivedDataCache: Writable
[2017.10.20-01.38.59:939][  0]LogMaterial: Verifying Global Shaders for PCD3D_SM5
[2017.10.20-01.38.59:939][  0]LogSlate: Using Freetype 2.6.0
[2017.10.20-01.38.59:940][  0]LogSlate: SlateFontCache - WITH_FREETYPE: 1, WITH_HARFBUZZ: 1
[2017.10.20-01.38.59:940][  0]LogSlate: SlateFontCache - WITH_FREETYPE: 1, WITH_HARFBUZZ: 1
[2017.10.20-01.39.00:263][  0]LogAssetRegistry: FAssetRegistry took 0.0273 seconds to start up
[2017.10.20-01.39.00:464][  0]LogInit: Selected Device Profile: [Windows]
[2017.10.20-01.39.00:688][  0]LogContentStreaming: Texture pool size is 0.00 MB
[2017.10.20-01.39.01:280][  0]LogSimplygon: Simplygon DLL not present - disabling.
[2017.10.20-01.39.01:355][  0]LogMeshReduction: Using SimplygonSwarm for distributed automatic mesh merging
[2017.10.20-01.39.01:355][  0]LogMeshReduction: Using QuadricMeshReduction for automatic static mesh reduction
[2017.10.20-01.39.01:355][  0]LogMeshReduction: No automatic skeletal mesh reduction module available
[2017.10.20-01.39.01:355][  0]LogMeshReduction: No automatic mesh merging module available
[2017.10.20-01.39.01:355][  0]LogMeshMerging: No automatic mesh merging module available
[2017.10.20-01.39.01:857][  0]LogNetVersion: MyProject , NetCL: 3573198, EngineNetVer: 2, GameNetVer: 0 (Checksum: 3113362612)
[2017.10.20-01.39.02:174][  0]LogPackageLocalizationCache: Processed 5 localized package path(s) for 2 prioritized culture(s) in 0.059862 seconds
[2017.10.20-01.39.02:183][  0]LogUObjectArray: 35825 objects as part of root set at end of initial load.
[2017.10.20-01.39.02:183][  0]LogUObjectAllocator: 7529112 out of 0 bytes used by permanent object pool.
[2017.10.20-01.39.02:184][  0]LogUObjectArray: CloseDisregardForGC: 0/0 objects in disregard for GC pool
[2017.10.20-01.39.02:287][  0]LogInit: WinSock: version 1.1 (2.2), MaxSocks=32767, MaxUdp=65467
[2017.10.20-01.39.06:202][  0]LogTcpMessaging: Initializing TcpMessaging bridge
[2017.10.20-01.39.06:252][  0]LogUdpMessaging: Initializing bridge on interface 0.0.0.0:0 to multicast group 230.0.0.1:6666.
[2017.10.20-01.39.07:181][  0]LogMaterial: Uniform references updated for custom material expression Custom.
[2017.10.20-01.39.07:750][  0]SourceControl: Source control is disabled
[2017.10.20-01.39.07:750][  0]SourceControl: Source control is disabled
[2017.10.20-01.39.07:822][  0]SourceControl: Source control is disabled
[2017.10.20-01.39.07:900][  0]SourceControl: Source control is disabled
[2017.10.20-01.39.08:788][  0]LogAndroidPermission: UAndroidPermissionCallbackProxy::GetInstance
[2017.10.20-01.39.09:150][  0]LogOcInput: OculusInput pre-init called
[2017.10.20-01.39.09:505][  0]LogEngine: Initializing Engine...
[2017.10.20-01.39.09:508][  0]LogHMD: Failed to initialize OpenVR with code 110
[2017.10.20-01.39.09:818][  0]LogStats: UGameplayTagsManager::ConstructGameplayTagTree: Construct from data asset -  0.000 s
[2017.10.20-01.39.09:818][  0]LogStats: UGameplayTagsManager::ConstructGameplayTagTree: GameplayTagTreeChangedEvent.Broadcast -  0.000 s
[2017.10.20-01.39.10:002][  0]LogAIModule: Creating AISystem for world Untitled
[2017.10.20-01.39.10:014][  0]LogInit: XAudio2 using 'Speaker/HP (Realtek High Definition Audio)' : 2 channels at 48 kHz using 32 bits per sample (channel mask 0x3)
[2017.10.20-01.39.10:159][  0]LogInit: FAudioDevice initialized.
[2017.10.20-01.39.10:456][  0]LogDerivedDataCache: Saved boot cache 0.30s 93MB C:/Users/Ethan/AppData/Local/UnrealEngine/4.17/DerivedDataCache/Boot.ddc.
[2017.10.20-01.39.10:473][  0]LogInit: Texture streaming: Enabled
[2017.10.20-01.39.10:650][  0]LogEngineSessionManager: EngineSessionManager initialized
[2017.10.20-01.39.10:967][  0]LogInit: Transaction tracking system initialized
[2017.10.20-01.39.11:451][  0]BlueprintLog: New page: Editor Load
[2017.10.20-01.39.12:733][  0]LocalizationService: Localization service is disabled
[2017.10.20-01.39.13:733][  0]LogConsoleResponse: Display: 
[2017.10.20-01.39.14:007][  0]LogCook: Display: Max memory allowance for cook 16384mb min free memory 0mb
[2017.10.20-01.39.14:008][  0]LogCook: Display: Mobile HDR setting 1
[2017.10.20-01.39.14:008][  0]LogGameplayTags: Display: UGameplayTagsManager::DoneAddingNativeTags. DelegateIsBound: 0
[2017.10.20-01.39.14:508][  0]LogFileCache: Scanning file cache for directory 'C:/Users/Ethan/Documents/GitHub/Flare_BlitzU/Content/' took 0.02s
[2017.10.20-01.39.15:568][  0]SourceControl: Source control is disabled
[2017.10.20-01.39.15:568][  0]Cmd: MAP LOAD FILE="../../../Engine/Content/Maps/Templates/Template_Default.umap" TEMPLATE=1 SHOWPROGRESS=1 FEATURELEVEL=3
[2017.10.20-01.39.15:569][  0]LightingResults: New page: Lighting Build
[2017.10.20-01.39.15:631][  0]MapCheck: New page: Map Check
[2017.10.20-01.39.15:631][  0]LightingResults: New page: Lighting Build
[2017.10.20-01.39.15:858][  0]LogAIModule: Creating AISystem for world Untitled_1
[2017.10.20-01.39.15:864][  0]LogEditorServer: Finished looking for orphan Actors (0.000 secs)
[2017.10.20-01.39.15:887][  0]Cmd: MAP CHECKDEP NOCLEARLOG
[2017.10.20-01.39.15:946][  0]MapCheck: Map check complete: 0 Error(s), 0 Warning(s), took 58.714ms to complete.
[2017.10.20-01.39.15:946][  0]LogFileHelpers: Loading map 'Template_Default' took 0.377
[2017.10.20-01.39.16:003][  0]LogWindowsTextInputMethodSystem: Display: IME system now deactivated.
[2017.10.20-01.39.16:003][  0]LogWindowsTextInputMethodSystem: Display: IME system now deactivated.
[2017.10.20-01.39.16:116][  0]LogCollectionManager: Loaded 0 collections in 0.002201 seconds
[2017.10.20-01.39.16:210][  0]LogFileCache: Scanning file cache for directory 'C:/Users/Ethan/Documents/GitHub/Flare_BlitzU/Saved/Collections/' took 0.01s
[2017.10.20-01.39.16:210][  0]LogFileCache: Scanning file cache for directory 'C:/Users/Ethan/Documents/GitHub/Flare_BlitzU/Content/Developers/Ethan/Collections/' took 0.01s
[2017.10.20-01.39.16:210][  0]LogFileCache: Scanning file cache for directory 'C:/Users/Ethan/Documents/GitHub/Flare_BlitzU/Content/Collections/' took 0.01s
[2017.10.20-01.39.16:210][  0]LogCollectionManager: Rebuilt the GUID cache for 0 collections in 0.000000 seconds
[2017.10.20-01.39.16:220][  0]LogContentBrowser: Native class hierarchy populated in 0.0095 seconds. Added 2386 classes and 500 folders.
[2017.10.20-01.39.16:315][  0]LogContentBrowser: Native class hierarchy updated for 'WidgetCarousel' in 0.0010 seconds. Added 0 classes and 0 folders.
[2017.10.20-01.39.16:365][  0]LogContentBrowser: Native class hierarchy updated for 'AddContentDialog' in 0.0007 seconds. Added 0 classes and 0 folders.
[2017.10.20-01.39.16:435][  0]LogContentBrowser: Native class hierarchy updated for 'SceneOutliner' in 0.0008 seconds. Added 1 classes and 2 folders.
[2017.10.20-01.39.16:558][  0]LogContentBrowser: Native class hierarchy updated for 'HierarchicalLODOutliner' in 0.0009 seconds. Added 1 classes and 2 folders.
[2017.10.20-01.39.16:558][  0]LogLoad: (Engine Initialization) Total time: 23.75 seconds
[2017.10.20-01.39.16:558][  0]LogLoad: (Engine Initialization) Total Blueprint compile time: 0.00 seconds
[2017.10.20-01.39.16:558][  0]LogExternalProfiler: No external profilers were discovered.  External profiling features will not be available.
[2017.10.20-01.39.16:588][  0]LogContentStreaming: Texture pool size now 1000 MB
[2017.10.20-01.39.16:589][  0]LogSlate: Took 0.000213 seconds to synchronously load lazily loaded font '../../../Engine/Content/Slate/Fonts/Roboto-Regular.ttf' (155K)
[2017.10.20-01.39.16:593][  0]LogSlate: Took 0.001016 seconds to synchronously load lazily loaded font '../../../Engine/Content/Slate/Fonts/Roboto-Bold.ttf' (160K)
[2017.10.20-01.39.16:595][  0]LogSlate: Took 0.000172 seconds to synchronously load lazily loaded font '../../../Engine/Content/Editor/Slate/Fonts/FontAwesome.ttf' (139K)
[2017.10.20-01.39.16:649][  0]LogSlate: Took 0.000243 seconds to synchronously load lazily loaded font '../../../Engine/Content/Slate/Fonts/Roboto-Light.ttf' (159K)
[2017.10.20-01.39.16:690][  1]LogAssetRegistry: Asset discovery search completed in 16.4495 seconds
[2017.10.20-01.39.16:695][  1]LogCollectionManager: Rebuilt the object cache for 0 collections in 0.000001 seconds (found 0 objects)
[2017.10.20-01.39.16:695][  1]LogCollectionManager: Fixed up redirectors for 0 collections in 0.000083 seconds (updated 0 objects)
[2017.10.20-01.39.16:745][  2]LogRenderer: Reallocating scene render targets to support 1016x360 Format 10 NumSamples 1 (Frame:1).
[2017.10.20-01.39.21:242][175]LogSlate: Took 0.000299 seconds to synchronously load lazily loaded font '../../../Engine/Content/Slate/Fonts/Roboto-Light.ttf' (159K)
[2017.10.20-01.39.21:555][175]LogAIModule: Creating AISystem for world Level_00
[2017.10.20-01.39.21:582][175]Cmd: MAP LOAD FILE="../../../../GitHub/Flare_BlitzU/Content/Hamster_Bread/Maps/Level_00.umap" TEMPLATE=0 SHOWPROGRESS=1 FEATURELEVEL=3
[2017.10.20-01.39.21:582][175]LightingResults: New page: Lighting Build
[2017.10.20-01.39.21:583][175]LoadErrors: New page: Loading map: Level_00.umap
[2017.10.20-01.39.21:583][175]MapCheck: New page: Map Check
[2017.10.20-01.39.21:583][175]LightingResults: New page: Lighting Build
[2017.10.20-01.39.21:603][175]LogEditorServer: Finished looking for orphan Actors (0.000 secs)
[2017.10.20-01.39.21:658][175]Cmd: MAP CHECKDEP NOCLEARLOG
[2017.10.20-01.39.21:741][175]MapCheck: Map check complete: 0 Error(s), 0 Warning(s), took 82.48ms to complete.
[2017.10.20-01.39.21:741][175]LogFileHelpers: Loading map 'Level_00' took 0.159
[2017.10.20-01.39.23:751][262]LogTemp: Repeating last play command: Selected Viewport
[2017.10.20-01.39.23:869][262]LogPlayLevel: PlayLevel: No blueprints needed recompiling
[2017.10.20-01.39.23:869][262]PIE: New page: PIE session: Level_00 (Oct 19, 2017, 3:39:23 PM)
[2017.10.20-01.39.23:870][262]LogPlayLevel: Creating play world package: /Game/Hamster_Bread/Maps/UEDPIE_0_Level_00
[2017.10.20-01.39.23:872][262]LogPlayLevel: PIE: StaticDuplicateObject took: (0.002738s)
[2017.10.20-01.39.23:873][262]LogAIModule: Creating AISystem for world Level_00
[2017.10.20-01.39.23:874][262]LogPlayLevel: PIE: World Init took: (0.001212s)
[2017.10.20-01.39.23:874][262]LogPlayLevel: PIE: Created PIE world by copying editor world from /Game/Hamster_Bread/Maps/Level_00.Level_00 to /Game/Hamster_Bread/Maps/UEDPIE_0_Level_00.Level_00 (0.004359s)
[2017.10.20-01.39.23:893][262]LogInit: XAudio2 using 'Speaker/HP (Realtek High Definition Audio)' : 2 channels at 48 kHz using 32 bits per sample (channel mask 0x3)
[2017.10.20-01.39.23:910][262]LogInit: FAudioDevice initialized.
[2017.10.20-01.39.23:952][262]LogLoad: Game class is '2DSideScrollerGameMode_C'
[2017.10.20-01.39.23:954][262]LogWorld: Bringing World /Game/Hamster_Bread/Maps/UEDPIE_0_Level_00.Level_00 up for play (max tick rate 0) at 2017.10.19-20.39.23
[2017.10.20-01.39.23:955][262]LogWorld: Bringing up level for play took: 0.002019
[2017.10.20-01.39.24:016][262]LogContentBrowser: Native class hierarchy updated for 'MovieSceneCapture' in 0.0007 seconds. Added 11 classes and 0 folders.
[2017.10.20-01.39.24:018][262]PIE: Play in editor start time for /Game/Hamster_Bread/Maps/UEDPIE_0_Level_00 1.066
[2017.10.20-01.39.46:627][173]LogContentBrowser: Native class hierarchy updated for 'BlueprintGraph' in 0.0017 seconds. Added 113 classes and 0 folders.
[2017.10.20-01.39.47:443][173]LogSlate: Took 0.000192 seconds to synchronously load lazily loaded font '../../../Engine/Content/Slate/Fonts/Roboto-Regular.ttf' (155K)
[2017.10.20-01.39.47:520][173]LogSlate: Took 0.000287 seconds to synchronously load lazily loaded font '../../../Engine/Content/Editor/Slate/Fonts/Roboto-BoldCondensed.ttf' (158K)
[2017.10.20-01.40.01:913][618]BlueprintLog: New page: Compile Hamster_Bread
[2017.10.20-01.40.05:275][696]LogTemp: Repeating last play command: Selected Viewport
[2017.10.20-01.40.05:328][696]LogPlayLevel: PlayLevel: No blueprints needed recompiling
[2017.10.20-01.40.05:328][696]PIE: New page: PIE session: Level_00 (Oct 19, 2017, 3:40:05 PM)
[2017.10.20-01.40.05:328][696]LogPlayLevel: Creating play world package: /Game/Hamster_Bread/Maps/UEDPIE_0_Level_00
[2017.10.20-01.40.05:339][696]LogPlayLevel: PIE: StaticDuplicateObject took: (0.010539s)
[2017.10.20-01.40.05:341][696]LogAIModule: Creating AISystem for world Level_00
[2017.10.20-01.40.05:341][696]LogPlayLevel: PIE: World Init took: (0.002094s)
[2017.10.20-01.40.05:342][696]LogPlayLevel: PIE: Created PIE world by copying editor world from /Game/Hamster_Bread/Maps/Level_00.Level_00 to /Game/Hamster_Bread/Maps/UEDPIE_0_Level_00.Level_00 (0.013217s)
[2017.10.20-01.40.05:384][696]LogInit: XAudio2 using 'Speaker/HP (Realtek High Definition Audio)' : 2 channels at 48 kHz using 32 bits per sample (channel mask 0x3)
[2017.10.20-01.40.05:404][696]LogInit: FAudioDevice initialized.
[2017.10.20-01.40.05:441][696]LogLoad: Game class is '2DSideScrollerGameMode_C'
[2017.10.20-01.40.05:443][696]LogWorld: Bringing World /Game/Hamster_Bread/Maps/UEDPIE_0_Level_00.Level_00 up for play (max tick rate 0) at 2017.10.19-20.40.05
[2017.10.20-01.40.05:444][696]LogWorld: Bringing up level for play took: 0.002256
[2017.10.20-01.40.05:445][696]PIE: Play in editor start time for /Game/Hamster_Bread/Maps/UEDPIE_0_Level_00 0.494
[2017.10.20-01.40.18:675][ 94]BlueprintLog: New page: Compile Hamster_Bread
[2017.10.20-01.40.22:773][171]LogTemp: Repeating last play command: Selected Viewport
[2017.10.20-01.40.22:813][171]LogPlayLevel: PlayLevel: No blueprints needed recompiling
[2017.10.20-01.40.22:814][171]PIE: New page: PIE session: Level_00 (Oct 19, 2017, 3:40:22 PM)
[2017.10.20-01.40.22:814][171]LogPlayLevel: Creating play world package: /Game/Hamster_Bread/Maps/UEDPIE_0_Level_00
[2017.10.20-01.40.22:825][171]LogPlayLevel: PIE: StaticDuplicateObject took: (0.010667s)
[2017.10.20-01.40.22:826][171]LogAIModule: Creating AISystem for world Level_00
[2017.10.20-01.40.22:827][171]LogPlayLevel: PIE: World Init took: (0.002134s)
[2017.10.20-01.40.22:827][171]LogPlayLevel: PIE: Created PIE world by copying editor world from /Game/Hamster_Bread/Maps/Level_00.Level_00 to /Game/Hamster_Bread/Maps/UEDPIE_0_Level_00.Level_00 (0.013609s)
[2017.10.20-01.40.22:863][171]LogInit: XAudio2 using 'Speaker/HP (Realtek High Definition Audio)' : 2 channels at 48 kHz using 32 bits per sample (channel mask 0x3)
[2017.10.20-01.40.22:882][171]LogInit: FAudioDevice initialized.
[2017.10.20-01.40.22:912][171]LogLoad: Game class is '2DSideScrollerGameMode_C'
[2017.10.20-01.40.22:914][171]LogWorld: Bringing World /Game/Hamster_Bread/Maps/UEDPIE_0_Level_00.Level_00 up for play (max tick rate 0) at 2017.10.19-20.40.22
[2017.10.20-01.40.22:914][171]LogWorld: Bringing up level for play took: 0.001972
[2017.10.20-01.40.22:916][171]PIE: Play in editor start time for /Game/Hamster_Bread/Maps/UEDPIE_0_Level_00 -0.036
[2017.10.20-01.40.36:024][580]BlueprintLog: New page: Compile Hamster_Bread
[2017.10.20-01.40.40:613][694]LogTemp: Repeating last play command: Selected Viewport
[2017.10.20-01.40.40:651][694]LogPlayLevel: PlayLevel: No blueprints needed recompiling
[2017.10.20-01.40.40:651][694]PIE: New page: PIE session: Level_00 (Oct 19, 2017, 3:40:40 PM)
[2017.10.20-01.40.40:651][694]LogPlayLevel: Creating play world package: /Game/Hamster_Bread/Maps/UEDPIE_0_Level_00
[2017.10.20-01.40.40:658][694]LogPlayLevel: PIE: StaticDuplicateObject took: (0.006925s)
[2017.10.20-01.40.40:659][694]LogAIModule: Creating AISystem for world Level_00
[2017.10.20-01.40.40:659][694]LogPlayLevel: PIE: World Init took: (0.001162s)
[2017.10.20-01.40.40:660][694]LogPlayLevel: PIE: Created PIE world by copying editor world from /Game/Hamster_Bread/Maps/Level_00.Level_00 to /Game/Hamster_Bread/Maps/UEDPIE_0_Level_00.Level_00 (0.008551s)
[2017.10.20-01.40.40:697][694]LogInit: XAudio2 using 'Speaker/HP (Realtek High Definition Audio)' : 2 channels at 48 kHz using 32 bits per sample (channel mask 0x3)
[2017.10.20-01.40.40:716][694]LogInit: FAudioDevice initialized.
[2017.10.20-01.40.40:747][694]LogLoad: Game class is '2DSideScrollerGameMode_C'
[2017.10.20-01.40.40:749][694]LogWorld: Bringing World /Game/Hamster_Bread/Maps/UEDPIE_0_Level_00.Level_00 up for play (max tick rate 0) at 2017.10.19-20.40.40
[2017.10.20-01.40.40:750][694]LogWorld: Bringing up level for play took: 0.001623
[2017.10.20-01.40.40:751][694]PIE: Play in editor start time for /Game/Hamster_Bread/Maps/UEDPIE_0_Level_00 -0.2
[2017.10.20-01.40.56:160][175]BlueprintLog: New page: Compile Hamster_Bread
[2017.10.20-01.40.58:307][217]LogTemp: Repeating last play command: Selected Viewport
[2017.10.20-01.40.58:343][217]LogPlayLevel: PlayLevel: No blueprints needed recompiling
[2017.10.20-01.40.58:344][217]PIE: New page: PIE session: Level_00 (Oct 19, 2017, 3:40:58 PM)
[2017.10.20-01.40.58:344][217]LogPlayLevel: Creating play world package: /Game/Hamster_Bread/Maps/UEDPIE_0_Level_00
[2017.10.20-01.40.58:354][217]LogPlayLevel: PIE: StaticDuplicateObject took: (0.009123s)
[2017.10.20-01.40.58:356][217]LogAIModule: Creating AISystem for world Level_00
[2017.10.20-01.40.58:357][217]LogPlayLevel: PIE: World Init took: (0.003094s)
[2017.10.20-01.40.58:358][217]LogPlayLevel: PIE: Created PIE world by copying editor world from /Game/Hamster_Bread/Maps/Level_00.Level_00 to /Game/Hamster_Bread/Maps/UEDPIE_0_Level_00.Level_00 (0.013791s)
[2017.10.20-01.40.58:395][217]LogInit: XAudio2 using 'Speaker/HP (Realtek High Definition Audio)' : 2 channels at 48 kHz using 32 bits per sample (channel mask 0x3)
[2017.10.20-01.40.58:413][217]LogInit: FAudioDevice initialized.
[2017.10.20-01.40.58:447][217]LogLoad: Game class is '2DSideScrollerGameMode_C'
[2017.10.20-01.40.58:449][217]LogWorld: Bringing World /Game/Hamster_Bread/Maps/UEDPIE_0_Level_00.Level_00 up for play (max tick rate 0) at 2017.10.19-20.40.58
[2017.10.20-01.40.58:449][217]LogWorld: Bringing up level for play took: 0.001828
[2017.10.20-01.40.58:451][217]PIE: Play in editor start time for /Game/Hamster_Bread/Maps/UEDPIE_0_Level_00 -0.501
[2017.10.20-01.41.15:966][762]LogTemp: Repeating last play command: Selected Viewport
[2017.10.20-01.41.16:002][762]BlueprintLog: New page: Pre-Play auto-recompile
[2017.10.20-01.41.16:030][762]LogPlayLevel: [PlayLevel] Compiling Hamster_Bread before play...
[2017.10.20-01.41.16:303][762]LogPlayLevel: PlayLevel: Blueprint regeneration took 302 ms (1 blueprints)
[2017.10.20-01.41.16:304][762]PIE: New page: PIE session: Level_00 (Oct 19, 2017, 3:41:16 PM)
[2017.10.20-01.41.16:304][762]LogPlayLevel: Creating play world package: /Game/Hamster_Bread/Maps/UEDPIE_0_Level_00
[2017.10.20-01.41.16:307][762]LogPlayLevel: PIE: StaticDuplicateObject took: (0.002882s)
[2017.10.20-01.41.16:308][762]LogAIModule: Creating AISystem for world Level_00
[2017.10.20-01.41.16:308][762]LogPlayLevel: PIE: World Init took: (0.000987s)
[2017.10.20-01.41.16:308][762]LogPlayLevel: PIE: Created PIE world by copying editor world from /Game/Hamster_Bread/Maps/Level_00.Level_00 to /Game/Hamster_Bread/Maps/UEDPIE_0_Level_00.Level_00 (0.004216s)
[2017.10.20-01.41.16:337][762]LogInit: XAudio2 using 'Speaker/HP (Realtek High Definition Audio)' : 2 channels at 48 kHz using 32 bits per sample (channel mask 0x3)
[2017.10.20-01.41.16:354][762]LogInit: FAudioDevice initialized.
[2017.10.20-01.41.16:392][762]LogLoad: Game class is '2DSideScrollerGameMode_C'
[2017.10.20-01.41.16:395][762]LogWorld: Bringing World /Game/Hamster_Bread/Maps/UEDPIE_0_Level_00.Level_00 up for play (max tick rate 0) at 2017.10.19-20.41.16
[2017.10.20-01.41.16:395][762]LogWorld: Bringing up level for play took: 0.001985
[2017.10.20-01.41.16:397][762]PIE: Play in editor start time for /Game/Hamster_Bread/Maps/UEDPIE_0_Level_00 -0.555
[2017.10.20-01.41.25:532][ 28]LogTemp: Repeating last play command: Selected Viewport
[2017.10.20-01.41.25:567][ 28]LogPlayLevel: PlayLevel: No blueprints needed recompiling
[2017.10.20-01.41.25:567][ 28]PIE: New page: PIE session: Level_00 (Oct 19, 2017, 3:41:25 PM)
[2017.10.20-01.41.25:567][ 28]LogPlayLevel: Creating play world package: /Game/Hamster_Bread/Maps/UEDPIE_0_Level_00
[2017.10.20-01.41.25:575][ 28]LogPlayLevel: PIE: StaticDuplicateObject took: (0.007549s)
[2017.10.20-01.41.25:576][ 28]LogAIModule: Creating AISystem for world Level_00
[2017.10.20-01.41.25:577][ 28]LogPlayLevel: PIE: World Init took: (0.001589s)
[2017.10.20-01.41.25:577][ 28]LogPlayLevel: PIE: Created PIE world by copying editor world from /Game/Hamster_Bread/Maps/Level_00.Level_00 to /Game/Hamster_Bread/Maps/UEDPIE_0_Level_00.Level_00 (0.009642s)
[2017.10.20-01.41.25:617][ 28]LogInit: XAudio2 using 'Speaker/HP (Realtek High Definition Audio)' : 2 channels at 48 kHz using 32 bits per sample (channel mask 0x3)
[2017.10.20-01.41.25:635][ 28]LogInit: FAudioDevice initialized.
[2017.10.20-01.41.25:669][ 28]LogLoad: Game class is '2DSideScrollerGameMode_C'
[2017.10.20-01.41.25:672][ 28]LogWorld: Bringing World /Game/Hamster_Bread/Maps/UEDPIE_0_Level_00.Level_00 up for play (max tick rate 0) at 2017.10.19-20.41.25
[2017.10.20-01.41.25:672][ 28]LogWorld: Bringing up level for play took: 0.002357
[2017.10.20-01.41.25:674][ 28]PIE: Play in editor start time for /Game/Hamster_Bread/Maps/UEDPIE_0_Level_00 0.722
[2017.10.20-01.41.57:667][ 25]LogEditorViewport: Clicking Background
[2017.10.20-01.41.59:316][ 82]BlueprintLog: New page: Compile Hamster_Bread
[2017.10.20-01.42.00:776][119]LogTemp: Repeating last play command: Selected Viewport
[2017.10.20-01.42.00:815][119]LogPlayLevel: PlayLevel: No blueprints needed recompiling
[2017.10.20-01.42.00:815][119]PIE: New page: PIE session: Level_00 (Oct 19, 2017, 3:42:00 PM)
[2017.10.20-01.42.00:815][119]LogPlayLevel: Creating play world package: /Game/Hamster_Bread/Maps/UEDPIE_0_Level_00
[2017.10.20-01.42.00:821][119]LogPlayLevel: PIE: StaticDuplicateObject took: (0.005720s)
[2017.10.20-01.42.00:822][119]LogAIModule: Creating AISystem for world Level_00
[2017.10.20-01.42.00:822][119]LogPlayLevel: PIE: World Init took: (0.001134s)
[2017.10.20-01.42.00:822][119]LogPlayLevel: PIE: Created PIE world by copying editor world from /Game/Hamster_Bread/Maps/Level_00.Level_00 to /Game/Hamster_Bread/Maps/UEDPIE_0_Level_00.Level_00 (0.007248s)
[2017.10.20-01.42.00:860][119]LogInit: XAudio2 using 'Speaker/HP (Realtek High Definition Audio)' : 2 channels at 48 kHz using 32 bits per sample (channel mask 0x3)
[2017.10.20-01.42.00:879][119]LogInit: FAudioDevice initialized.
[2017.10.20-01.42.00:909][119]LogLoad: Game class is '2DSideScrollerGameMode_C'
[2017.10.20-01.42.00:911][119]LogWorld: Bringing World /Game/Hamster_Bread/Maps/UEDPIE_0_Level_00.Level_00 up for play (max tick rate 0) at 2017.10.19-20.42.00
[2017.10.20-01.42.00:911][119]LogWorld: Bringing up level for play took: 0.001931
[2017.10.20-01.42.00:913][119]PIE: Play in editor start time for /Game/Hamster_Bread/Maps/UEDPIE_0_Level_00 -0.039
[2017.10.20-01.42.20:412][740]BlueprintLog: New page: Compile Hamster_Bread
[2017.10.20-01.42.22:210][771]LogTemp: Repeating last play command: Selected Viewport
[2017.10.20-01.42.22:254][771]LogPlayLevel: PlayLevel: No blueprints needed recompiling
[2017.10.20-01.42.22:255][771]PIE: New page: PIE session: Level_00 (Oct 19, 2017, 3:42:22 PM)
[2017.10.20-01.42.22:255][771]LogPlayLevel: Creating play world package: /Game/Hamster_Bread/Maps/UEDPIE_0_Level_00
[2017.10.20-01.42.22:262][771]LogPlayLevel: PIE: StaticDuplicateObject took: (0.006614s)
[2017.10.20-01.42.22:263][771]LogAIModule: Creating AISystem for world Level_00
[2017.10.20-01.42.22:263][771]LogPlayLevel: PIE: World Init took: (0.001206s)
[2017.10.20-01.42.22:263][771]LogPlayLevel: PIE: Created PIE world by copying editor world from /Game/Hamster_Bread/Maps/Level_00.Level_00 to /Game/Hamster_Bread/Maps/UEDPIE_0_Level_00.Level_00 (0.008264s)
[2017.10.20-01.42.22:303][771]LogInit: XAudio2 using 'Speaker/HP (Realtek High Definition Audio)' : 2 channels at 48 kHz using 32 bits per sample (channel mask 0x3)
[2017.10.20-01.42.22:319][771]LogInit: FAudioDevice initialized.
[2017.10.20-01.42.22:352][771]LogLoad: Game class is '2DSideScrollerGameMode_C'
[2017.10.20-01.42.22:355][771]LogWorld: Bringing World /Game/Hamster_Bread/Maps/UEDPIE_0_Level_00.Level_00 up for play (max tick rate 0) at 2017.10.19-20.42.22
[2017.10.20-01.42.22:355][771]LogWorld: Bringing up level for play took: 0.001839
[2017.10.20-01.42.22:356][771]PIE: Play in editor start time for /Game/Hamster_Bread/Maps/UEDPIE_0_Level_00 -0.595
[2017.10.20-01.42.40:340][341]BlueprintLog: New page: Compile Hamster_Bread
[2017.10.20-01.42.42:273][380]LogTemp: Repeating last play command: Selected Viewport
[2017.10.20-01.42.42:315][380]LogPlayLevel: PlayLevel: No blueprints needed recompiling
[2017.10.20-01.42.42:315][380]PIE: New page: PIE session: Level_00 (Oct 19, 2017, 3:42:42 PM)
[2017.10.20-01.42.42:316][380]LogPlayLevel: Creating play world package: /Game/Hamster_Bread/Maps/UEDPIE_0_Level_00
[2017.10.20-01.42.42:326][380]LogPlayLevel: PIE: StaticDuplicateObject took: (0.009845s)
[2017.10.20-01.42.42:328][380]LogAIModule: Creating AISystem for world Level_00
[2017.10.20-01.42.42:329][380]LogPlayLevel: PIE: World Init took: (0.002821s)
[2017.10.20-01.42.42:329][380]LogPlayLevel: PIE: Created PIE world by copying editor world from /Game/Hamster_Bread/Maps/Level_00.Level_00 to /Game/Hamster_Bread/Maps/UEDPIE_0_Level_00.Level_00 (0.013273s)
[2017.10.20-01.42.42:365][380]LogInit: XAudio2 using 'Speaker/HP (Realtek High Definition Audio)' : 2 channels at 48 kHz using 32 bits per sample (channel mask 0x3)
[2017.10.20-01.42.42:385][380]LogInit: FAudioDevice initialized.
[2017.10.20-01.42.42:417][380]LogLoad: Game class is '2DSideScrollerGameMode_C'
[2017.10.20-01.42.42:419][380]LogWorld: Bringing World /Game/Hamster_Bread/Maps/UEDPIE_0_Level_00.Level_00 up for play (max tick rate 0) at 2017.10.19-20.42.42
[2017.10.20-01.42.42:419][380]LogWorld: Bringing up level for play took: 0.001850
[2017.10.20-01.42.42:421][380]PIE: Play in editor start time for /Game/Hamster_Bread/Maps/UEDPIE_0_Level_00 -0.53
[2017.10.20-01.43.11:532][362]Cmd: OBJ SAVEPACKAGE PACKAGE="/Game/Hamster_Bread/Hamster_Bread" FILE="../../../../GitHub/Flare_BlitzU/Content/Hamster_Bread/Hamster_Bread.uasset" SILENT=true
[2017.10.20-01.43.11:657][362]LogSavePackage: Save=118.07ms
[2017.10.20-01.43.11:657][362]LogSavePackage: Moving '../../../../GitHub/Flare_BlitzU/Saved/Hamster_Bread90EC122C4A30D586C96082BAE738A5A5.tmp' to '../../../../GitHub/Flare_BlitzU/Content/Hamster_Bread/Hamster_Bread.uasset'
[2017.10.20-01.43.11:661][362]LogSavePackage: Display: Finished SavePackage ../../../../GitHub/Flare_BlitzU/Content/Hamster_Bread/Hamster_Bread.uasset
[2017.10.20-01.43.18:138][612]Cmd: OBJ SAVEPACKAGE PACKAGE="/Game/Hamster_Bread/Maps/Level_00" FILE="../../../../GitHub/Flare_BlitzU/Content/Hamster_Bread/Maps/Level_00.umap" SILENT=true AUTOSAVING=false KEEPDIRTY=false
[2017.10.20-01.43.18:240][612]LogSavePackage: Save=61.64ms
[2017.10.20-01.43.18:240][612]LogSavePackage: Moving '../../../../GitHub/Flare_BlitzU/Saved/Level_0028CFCDF243BD84B62FE8D986BE1EF9D8.tmp' to '../../../../GitHub/Flare_BlitzU/Content/Hamster_Bread/Maps/Level_00.umap'
[2017.10.20-01.43.18:242][612]LogSavePackage: Display: Finished SavePackage ../../../../GitHub/Flare_BlitzU/Content/Hamster_Bread/Maps/Level_00.umap
[2017.10.20-01.43.19:854][672]LogWindowsTextInputMethodSystem: Display: IME system now deactivated.
[2017.10.20-01.43.19:854][672]LogWindowsTextInputMethodSystem: Display: IME system now deactivated.
[2017.10.20-01.43.20:039][673]Cmd: QUIT_EDITOR
[2017.10.20-01.43.20:151][673]LogExit: Preparing to exit.
[2017.10.20-01.43.20:558][673]LogDirectoryWatcher: A directory notification for 'C:/Users/Ethan/Documents/GitHub/Flare_BlitzU/Content/' was aborted.
[2017.10.20-01.43.20:614][673]LogExit: Editor shut down
[2017.10.20-01.43.20:620][673]LogExit: Transaction tracking system shut down
[2017.10.20-01.43.20:822][673]LogDirectoryWatcher: A directory notification for '../../../Engine/Content/' was aborted.
[2017.10.20-01.43.20:822][673]LogDirectoryWatcher: A directory notification for '../../../../GitHub/Flare_BlitzU/Content/' was aborted.
[2017.10.20-01.43.20:822][673]LogDirectoryWatcher: A directory notification for '../../../Engine/Plugins/2D/Paper2D/Content/' was aborted.
[2017.10.20-01.43.20:822][673]LogDirectoryWatcher: A directory notification for '../../../Engine/Plugins/Runtime/Oculus/OculusVR/Content/' was aborted.
[2017.10.20-01.43.20:822][673]LogDirectoryWatcher: A directory notification for '../../../Engine/Plugins/Runtime/Steam/SteamVR/Content/' was aborted.
[2017.10.20-01.43.20:910][673]LogExit: Object subsystem successfully closed.
[2017.10.20-01.43.20:927][673]LogD3D11RHI: Shutdown
[2017.10.20-01.43.20:927][673]LogD3D11RHI: CleanupD3DDevice
[2017.10.20-01.43.21:025][673]LogD3D11RHI: ~FD3D11DynamicRHI
[2017.10.20-01.43.21:048][673]LogModuleManager: Shutting down and abandoning module BlueprintGraph (536)
[2017.10.20-01.43.21:048][673]LogModuleManager: Shutting down and abandoning module BlueprintProfiler (534)
[2017.10.20-01.43.21:049][673]LogModuleManager: Shutting down and abandoning module MovieSceneCapture (532)
[2017.10.20-01.43.21:049][673]LogModuleManager: Shutting down and abandoning module HierarchicalLODOutliner (530)
[2017.10.20-01.43.21:049][673]LogModuleManager: Shutting down and abandoning module SceneOutliner (528)
[2017.10.20-01.43.21:049][673]LogModuleManager: Shutting down and abandoning module AddContentDialog (526)
[2017.10.20-01.43.21:049][673]LogDirectoryWatcher: A directory notification for 'C:/Users/Ethan/Documents/UE_4.17/FeaturePacks/' was aborted.
[2017.10.20-01.43.21:050][673]LogModuleManager: Shutting down and abandoning module WidgetCarousel (525)
[2017.10.20-01.43.21:050][673]LogModuleManager: Shutting down and abandoning module EditorWidgets (522)
[2017.10.20-01.43.21:050][673]LogModuleManager: Shutting down and abandoning module CollectionManager (520)
[2017.10.20-01.43.21:050][673]LogDirectoryWatcher: A directory notification for 'C:/Users/Ethan/Documents/GitHub/Flare_BlitzU/Content/Collections/' was aborted.
[2017.10.20-01.43.21:050][673]LogDirectoryWatcher: A directory notification for 'C:/Users/Ethan/Documents/GitHub/Flare_BlitzU/Content/Developers/Ethan/Collections/' was aborted.
[2017.10.20-01.43.21:050][673]LogDirectoryWatcher: A directory notification for 'C:/Users/Ethan/Documents/GitHub/Flare_BlitzU/Saved/Collections/' was aborted.
[2017.10.20-01.43.21:050][673]LogModuleManager: Shutting down and abandoning module StatsViewer (518)
[2017.10.20-01.43.21:050][673]LogModuleManager: Shutting down and abandoning module FoliageEdit (516)
[2017.10.20-01.43.21:050][673]LogModuleManager: Shutting down and abandoning module LandscapeEditor (514)
[2017.10.20-01.43.21:050][673]LogModuleManager: Shutting down and abandoning module MeshPaintMode (512)
[2017.10.20-01.43.21:050][673]LogModuleManager: Shutting down and abandoning module SceneDepthPickerMode (510)
[2017.10.20-01.43.21:050][673]LogModuleManager: Shutting down and abandoning module ActorPickerMode (508)
[2017.10.20-01.43.21:050][673]LogModuleManager: Shutting down and abandoning module GeometryMode (506)
[2017.10.20-01.43.21:050][673]LogModuleManager: Shutting down and abandoning module TextureAlignMode (504)
[2017.10.20-01.43.21:050][673]LogModuleManager: Shutting down and abandoning module BspMode (502)
[2017.10.20-01.43.21:050][673]LogModuleManager: Shutting down and abandoning module PIEPreviewDeviceProfileSelector (500)
[2017.10.20-01.43.21:050][673]LogModuleManager: Shutting down and abandoning module HardwareSurvey (498)
[2017.10.20-01.43.21:050][673]LogModuleManager: Shutting down and abandoning module SequenceRecorderSections (496)
[2017.10.20-01.43.21:050][673]LogModuleManager: Shutting down and abandoning module AutomationWorker (494)
[2017.10.20-01.43.21:050][673]LogModuleManager: Shutting down and abandoning module MatineeToLevelSequence (492)
[2017.10.20-01.43.21:050][673]LogModuleManager: Shutting down and abandoning module LevelSequenceEditor (490)
[2017.10.20-01.43.21:050][673]LogModuleManager: Shutting down and abandoning module PlacementMode (489)
[2017.10.20-01.43.21:051][673]LogModuleManager: Shutting down and abandoning module WmfMediaFactory (486)
[2017.10.20-01.43.21:051][673]LogModuleManager: Shutting down and abandoning module WmfMediaEditor (484)
[2017.10.20-01.43.21:051][673]LogModuleManager: Shutting down and abandoning module AvfMediaFactory (482)
[2017.10.20-01.43.21:051][673]LogModuleManager: Shutting down and abandoning module AvfMediaEditor (480)
[2017.10.20-01.43.21:051][673]LogModuleManager: Shutting down and abandoning module AndroidMediaFactory (478)
[2017.10.20-01.43.21:051][673]LogModuleManager: Shutting down and abandoning module Media (477)
[2017.10.20-01.43.21:051][673]LogModuleManager: Shutting down and abandoning module AndroidMediaEditor (474)
[2017.10.20-01.43.21:051][673]LogModuleManager: Shutting down and abandoning module CharacterAI (472)
[2017.10.20-01.43.21:051][673]LogModuleManager: Shutting down and abandoning module AudioCapture (470)
[2017.10.20-01.43.21:051][673]LogModuleManager: Shutting down and abandoning module SequenceRecorder (469)
[2017.10.20-01.43.21:051][673]LogModuleManager: Shutting down and abandoning module SmartSnapping (466)
[2017.10.20-01.43.21:051][673]LogModuleManager: Shutting down and abandoning module SessionServices (464)
[2017.10.20-01.43.21:051][673]LogModuleManager: Shutting down and abandoning module ViewportSnapping (462)
[2017.10.20-01.43.21:051][673]LogModuleManager: Shutting down and abandoning module ViewportInteraction (460)
[2017.10.20-01.43.21:051][673]LogModuleManager: Shutting down and abandoning module ClothPainter (458)
[2017.10.20-01.43.21:051][673]LogModuleManager: Shutting down and abandoning module LogVisualizer (456)
[2017.10.20-01.43.21:051][673]LogModuleManager: Shutting down and abandoning module IntroTutorials (454)
[2017.10.20-01.43.21:051][673]LogModuleManager: Shutting down and abandoning module GameProjectGeneration (453)
[2017.10.20-01.43.21:051][673]LogModuleManager: Shutting down and abandoning module IOSPlatformEditor (450)
[2017.10.20-01.43.21:051][673]LogModuleManager: Shutting down and abandoning module HTML5PlatformEditor (448)
[2017.10.20-01.43.21:051][673]LogModuleManager: Shutting down and abandoning module AndroidPlatformEditor (446)
[2017.10.20-01.43.21:051][673]LogModuleManager: Shutting down and abandoning module AndroidDeviceDetection (445)
[2017.10.20-01.43.21:377][673]LogModuleManager: Shutting down and abandoning module WindowsPlatformEditor (442)
[2017.10.20-01.43.21:377][673]LogModuleManager: Shutting down and abandoning module IOSRuntimeSettings (440)
[2017.10.20-01.43.21:377][673]LogModuleManager: Shutting down and abandoning module AndroidRuntimeSettings (438)
[2017.10.20-01.43.21:377][673]LogModuleManager: Shutting down and abandoning module InputBindingEditor (436)
[2017.10.20-01.43.21:377][673]LogModuleManager: Shutting down and abandoning module MergeActors (434)
[2017.10.20-01.43.21:377][673]LogModuleManager: Shutting down and abandoning module SizeMap (432)
[2017.10.20-01.43.21:377][673]LogModuleManager: Shutting down and abandoning module TreeMap (430)
[2017.10.20-01.43.21:377][673]LogModuleManager: Shutting down and abandoning module ReferenceViewer (428)
[2017.10.20-01.43.21:377][673]LogModuleManager: Shutting down and abandoning module LocalizationDashboard (426)
[2017.10.20-01.43.21:377][673]LogModuleManager: Shutting down and abandoning module LocalizationService (425)
[2017.10.20-01.43.21:378][673]LogModuleManager: Shutting down and abandoning module HardwareTargeting (422)
[2017.10.20-01.43.21:378][673]LogModuleManager: Shutting down and abandoning module DeviceProfileEditor (420)
[2017.10.20-01.43.21:378][673]LogModuleManager: Shutting down and abandoning module UndoHistory (418)
[2017.10.20-01.43.21:378][673]LogModuleManager: Shutting down and abandoning module XmlParser (416)
[2017.10.20-01.43.21:378][673]LogModuleManager: Shutting down and abandoning module Blutility (414)
[2017.10.20-01.43.21:378][673]LogModuleManager: Shutting down and abandoning module ProjectSettingsViewer (412)
[2017.10.20-01.43.21:378][673]LogModuleManager: Shutting down and abandoning module ProjectTargetPlatformEditor (411)
[2017.10.20-01.43.21:378][673]LogModuleManager: Shutting down and abandoning module EditorSettingsViewer (408)
[2017.10.20-01.43.21:378][673]LogModuleManager: Shutting down and abandoning module SettingsEditor (406)
[2017.10.20-01.43.21:378][673]LogModuleManager: Shutting down and abandoning module ProjectLauncher (404)
[2017.10.20-01.43.21:378][673]LogModuleManager: Shutting down and abandoning module SessionFrontend (402)
[2017.10.20-01.43.21:378][673]LogModuleManager: Shutting down and abandoning module ProfilerClient (400)
[2017.10.20-01.43.21:378][673]LogModuleManager: Shutting down and abandoning module DeviceManager (398)
[2017.10.20-01.43.21:378][673]LogModuleManager: Shutting down and abandoning module TargetDeviceServices (397)
[2017.10.20-01.43.21:433][673]LogModuleManager: Shutting down and abandoning module AutomationController (394)
[2017.10.20-01.43.21:433][673]LogModuleManager: Shutting down and abandoning module AutomationWindow (392)
[2017.10.20-01.43.21:433][673]LogModuleManager: Shutting down and abandoning module Layers (390)
[2017.10.20-01.43.21:433][673]LogModuleManager: Shutting down and abandoning module ComponentVisualizers (388)
[2017.10.20-01.43.21:433][673]LogModuleManager: Shutting down and abandoning module DetailCustomizations (386)
[2017.10.20-01.43.21:433][673]LogModuleManager: Shutting down and abandoning module PackagesDialog (384)
[2017.10.20-01.43.21:433][673]LogModuleManager: Shutting down and abandoning module Persona (382)
[2017.10.20-01.43.21:433][673]LogModuleManager: Shutting down and abandoning module AdvancedPreviewScene (381)
[2017.10.20-01.43.21:433][673]LogModuleManager: Shutting down and abandoning module AnimGraph (379)
[2017.10.20-01.43.21:433][673]LogModuleManager: Shutting down and abandoning module Kismet (376)
[2017.10.20-01.43.21:441][673]LogModuleManager: Shutting down and abandoning module ClassViewer (374)
[2017.10.20-01.43.21:441][673]LogModuleManager: Shutting down and abandoning module Toolbox (372)
[2017.10.20-01.43.21:441][673]LogModuleManager: Shutting down and abandoning module ModuleUI (370)
[2017.10.20-01.43.21:441][673]LogModuleManager: Shutting down and abandoning module MovieSceneTools (368)
[2017.10.20-01.43.21:441][673]LogModuleManager: Shutting down and abandoning module OutputLog (366)
[2017.10.20-01.43.21:441][673]LogModuleManager: Shutting down and abandoning module GammaUI (364)
[2017.10.20-01.43.21:441][673]LogModuleManager: Shutting down and abandoning module Documentation (362)
[2017.10.20-01.43.21:441][673]LogModuleManager: Shutting down and abandoning module MovieSceneTracks (360)
[2017.10.20-01.43.21:441][673]LogModuleManager: Shutting down and abandoning module MovieScene (358)
[2017.10.20-01.43.21:441][673]LogModuleManager: Shutting down and abandoning module Niagara (356)
[2017.10.20-01.43.21:441][673]LogModuleManager: Shutting down and abandoning module NiagaraEditor (355)
[2017.10.20-01.43.21:441][673]LogModuleManager: Shutting down and abandoning module StreamingPauseRendering (352)
[2017.10.20-01.43.21:441][673]LogModuleManager: Shutting down and abandoning module LauncherPlatform (350)
[2017.10.20-01.43.21:441][673]LogModuleManager: Shutting down and abandoning module AnalyticsET (348)
[2017.10.20-01.43.21:441][673]LogModuleManager: Shutting down and abandoning module PortalServices (346)
[2017.10.20-01.43.21:441][673]LogModuleManager: Shutting down and abandoning module PortalRpc (344)
[2017.10.20-01.43.21:441][673]LogModuleManager: Shutting down and abandoning module MessagingRpc (342)
[2017.10.20-01.43.21:441][673]LogModuleManager: Shutting down and abandoning module AIModule (340)
[2017.10.20-01.43.21:441][673]LogModuleManager: Shutting down and abandoning module GameplayDebugger (339)
[2017.10.20-01.43.21:442][673]LogModuleManager: Shutting down and abandoning module AITestSuite (337)
[2017.10.20-01.43.21:442][673]LogModuleManager: Shutting down and abandoning module ProfilerService (334)
[2017.10.20-01.43.21:509][673]LogModuleManager: Shutting down and abandoning module TaskGraph (332)
[2017.10.20-01.43.21:509][673]LogModuleManager: Shutting down and abandoning module SteamVRController (330)
[2017.10.20-01.43.21:509][673]LogModuleManager: Shutting down and abandoning module ProceduralMeshComponentEditor (328)
[2017.10.20-01.43.21:509][673]LogModuleManager: Shutting down and abandoning module ProceduralMeshComponent (326)
[2017.10.20-01.43.21:509][673]LogModuleManager: Shutting down and abandoning module OculusInput (324)
[2017.10.20-01.43.21:509][673]LogModuleManager: Shutting down and abandoning module MobilePatchingUtils (322)
[2017.10.20-01.43.21:509][673]LogModuleManager: Shutting down and abandoning module CustomMeshComponent (320)
[2017.10.20-01.43.21:509][673]LogModuleManager: Shutting down and abandoning module CableComponent (318)
[2017.10.20-01.43.21:509][673]LogModuleManager: Shutting down and abandoning module ArchVisCharacter (316)
[2017.10.20-01.43.21:509][673]LogModuleManager: Shutting down and abandoning module AndroidPermission (314)
[2017.10.20-01.43.21:509][673]LogModuleManager: Shutting down and abandoning module MediaPlayerEditor (310)
[2017.10.20-01.43.21:509][673]LogModuleManager: Shutting down and abandoning module HTML5Networking (308)
[2017.10.20-01.43.21:509][673]LogModuleManager: Shutting down and abandoning module AlembicImporter (306)
[2017.10.20-01.43.21:509][673]LogModuleManager: Shutting down and abandoning module AlembicLibrary (305)
[2017.10.20-01.43.21:509][673]LogModuleManager: Shutting down and abandoning module GeometryCache (304)
[2017.10.20-01.43.21:509][673]LogModuleManager: Shutting down and abandoning module GeometryCacheEd (303)
[2017.10.20-01.43.21:509][673]LogModuleManager: Shutting down and abandoning module SpeedTreeImporter (298)
[2017.10.20-01.43.21:509][673]LogModuleManager: Shutting down and abandoning module PluginBrowser (296)
[2017.10.20-01.43.21:510][673]LogModuleManager: Shutting down and abandoning module MobileLauncherProfileWizard (294)
[2017.10.20-01.43.21:510][673]LogModuleManager: Shutting down and abandoning module VisualStudioSourceCodeAccess (292)
[2017.10.20-01.43.21:510][673]LogModuleManager: Shutting down and abandoning module DesktopPlatform (291)
[2017.10.20-01.43.21:510][673]LogModuleManager: Shutting down and abandoning module UObjectPlugin (288)
[2017.10.20-01.43.21:510][673]LogModuleManager: Shutting down and abandoning module SubversionSourceControl (286)
[2017.10.20-01.43.21:510][673]LogModuleManager: Shutting down and abandoning module PerforceSourceControl (284)
[2017.10.20-01.43.21:510][673]LogModuleManager: Shutting down and abandoning module GitSourceControl (282)
[2017.10.20-01.43.21:510][673]LogModuleManager: Shutting down and abandoning module SourceControl (281)
[2017.10.20-01.43.21:510][673]LogModuleManager: Shutting down and abandoning module LightPropagationVolumeEditor (278)
[2017.10.20-01.43.21:510][673]LogModuleManager: Shutting down and abandoning module PaperTiledImporter (276)
[2017.10.20-01.43.21:510][673]LogModuleManager: Shutting down and abandoning module PaperSpriteSheetImporter (274)
[2017.10.20-01.43.21:510][673]LogModuleManager: Shutting down and abandoning module Paper2DEditor (272)
[2017.10.20-01.43.21:510][673]LogModuleManager: Shutting down and abandoning module MeshPaint (271)
[2017.10.20-01.43.21:510][673]LogModuleManager: Shutting down and abandoning module LevelEditor (269)
[2017.10.20-01.43.21:511][673]LogModuleManager: Shutting down and abandoning module PixelInspectorModule (268)
[2017.10.20-01.43.21:511][673]LogModuleManager: Shutting down and abandoning module MainFrame (266)
[2017.10.20-01.43.21:511][673]LogModuleManager: Shutting down and abandoning module HotReload (265)
[2017.10.20-01.43.21:511][673]LogModuleManager: Shutting down and abandoning module RuntimePhysXCooking (260)
[2017.10.20-01.43.21:512][673]LogModuleManager: Shutting down and abandoning module PhysXVehiclesEditor (258)
[2017.10.20-01.43.21:512][673]LogModuleManager: Shutting down and abandoning module PhysXVehicles (256)
[2017.10.20-01.43.21:512][673]LogModuleManager: Shutting down and abandoning module OculusEditor (254)
[2017.10.20-01.43.21:512][673]LogModuleManager: Shutting down and abandoning module LocationServicesBPLibrary (252)
[2017.10.20-01.43.21:512][673]LogModuleManager: Shutting down and abandoning module ImmediatePhysicsEditor (250)
[2017.10.20-01.43.21:512][673]LogModuleManager: Shutting down and abandoning module ImmediatePhysics (248)
[2017.10.20-01.43.21:512][673]LogModuleManager: Shutting down and abandoning module UdpMessaging (246)
[2017.10.20-01.43.21:613][673]LogModuleManager: Shutting down and abandoning module TcpMessaging (244)
[2017.10.20-01.43.21:714][673]LogModuleManager: Shutting down and abandoning module GameplayTagsEditor (242)
[2017.10.20-01.43.21:714][673]LogModuleManager: Shutting down and abandoning module FacialAnimationEditor (240)
[2017.10.20-01.43.21:714][673]LogModuleManager: Shutting down and abandoning module FacialAnimation (238)
[2017.10.20-01.43.21:714][673]LogModuleManager: Shutting down and abandoning module AssetManagerEditor (236)
[2017.10.20-01.43.21:714][673]LogModuleManager: Shutting down and abandoning module GraphEditor (235)
[2017.10.20-01.43.21:714][673]LogModuleManager: Shutting down and abandoning module ContentBrowser (233)
[2017.10.20-01.43.21:715][673]LogModuleManager: Shutting down and abandoning module LightPropagationVolumeRuntime (230)
[2017.10.20-01.43.21:715][673]LogModuleManager: Shutting down and abandoning module Paper2D (228)
[2017.10.20-01.43.21:715][673]LogModuleManager: Shutting down and abandoning module WindowsMoviePlayer (226)
[2017.10.20-01.43.21:716][673]LogModuleManager: Shutting down and abandoning module WmfMedia (224)
[2017.10.20-01.43.21:716][673]LogModuleManager: Shutting down and abandoning module PacketHandler (222)
[2017.10.20-01.43.21:716][673]LogModuleManager: Shutting down and abandoning module ClothingSystemEditor (220)
[2017.10.20-01.43.21:716][673]LogModuleManager: Shutting down and abandoning module ClothingSystemRuntime (218)
[2017.10.20-01.43.21:716][673]LogModuleManager: Shutting down and abandoning module Overlay (216)
[2017.10.20-01.43.21:716][673]LogModuleManager: Shutting down and abandoning module OverlayEditor (215)
[2017.10.20-01.43.21:716][673]LogModuleManager: Shutting down and abandoning module MediaAssets (212)
[2017.10.20-01.43.21:716][673]LogModuleManager: Shutting down and abandoning module VREditor (210)
[2017.10.20-01.43.21:716][673]LogModuleManager: Shutting down and abandoning module StringTableEditor (208)
[2017.10.20-01.43.21:716][673]LogModuleManager: Shutting down and abandoning module GameplayTasksEditor (206)
[2017.10.20-01.43.21:716][673]LogModuleManager: Shutting down and abandoning module BehaviorTreeEditor (204)
[2017.10.20-01.43.21:716][673]LogModuleManager: Shutting down and abandoning module FunctionalTesting (202)
[2017.10.20-01.43.21:716][673]LogModuleManager: Shutting down and abandoning module CollisionAnalyzer (200)
[2017.10.20-01.43.21:716][673]LogModuleManager: Shutting down and abandoning module WorkspaceMenuStructure (199)
[2017.10.20-01.43.21:716][673]LogModuleManager: Shutting down and abandoning module UMG (196)
[2017.10.20-01.43.21:716][673]LogModuleManager: Shutting down and abandoning module UMGEditor (195)
[2017.10.20-01.43.21:716][673]LogModuleManager: Shutting down and abandoning module Sequencer (194)
[2017.10.20-01.43.21:716][673]LogModuleManager: Shutting down and abandoning module MessageLog (191)
[2017.10.20-01.43.21:716][673]LogModuleManager: Shutting down and abandoning module SlateReflector (186)
[2017.10.20-01.43.21:716][673]LogModuleManager: Shutting down and abandoning module Slate (184)
[2017.10.20-01.43.21:716][673]LogModuleManager: Shutting down and abandoning module EditorStyle (182)
[2017.10.20-01.43.21:719][673]LogModuleManager: Shutting down and abandoning module MRMesh (180)
[2017.10.20-01.43.21:719][673]LogModuleManager: Shutting down and abandoning module SourceCodeAccess (178)
[2017.10.20-01.43.21:719][673]LogModuleManager: Shutting down and abandoning module HeadMountedDisplay (176)
[2017.10.20-01.43.21:719][673]LogModuleManager: Shutting down and abandoning module XAudio2 (174)
[2017.10.20-01.43.21:719][673]LogModuleManager: Shutting down and abandoning module Networking (172)
[2017.10.20-01.43.21:719][673]LogModuleManager: Shutting down and abandoning module Core (168)
[2017.10.20-01.43.21:719][673]LogModuleManager: Shutting down and abandoning module KismetCompiler (164)
[2017.10.20-01.43.21:719][673]LogModuleManager: Shutting down and abandoning module LevelSequence (162)
[2017.10.20-01.43.21:719][673]LogModuleManager: Shutting down and abandoning module MeshUtilities (160)
[2017.10.20-01.43.21:719][673]LogModuleManager: Shutting down and abandoning module MeshMergeUtilities (159)
[2017.10.20-01.43.21:719][673]LogModuleManager: Shutting down and abandoning module MeshReductionInterface (158)
[2017.10.20-01.43.21:719][673]LogModuleManager: Shutting down and abandoning module SimplygonSwarm (157)
[2017.10.20-01.43.21:719][673]LogModuleManager: Shutting down and abandoning module SimplygonMeshReduction (155)
[2017.10.20-01.43.21:719][673]LogModuleManager: Shutting down and abandoning module QuadricMeshReduction (153)
[2017.10.20-01.43.21:719][673]LogModuleManager: Shutting down and abandoning module MaterialBaking (149)
[2017.10.20-01.43.21:719][673]LogModuleManager: Shutting down and abandoning module DirectoryWatcher (146)
[2017.10.20-01.43.21:720][673]LogModuleManager: Shutting down and abandoning module DerivedDataCache (144)
[2017.10.20-01.43.21:729][673]LogDerivedDataCache: Shutdown
[2017.10.20-01.43.21:729][673]LogModuleManager: Shutting down and abandoning module TargetPlatform (142)
[2017.10.20-01.43.21:729][673]LogModuleManager: Shutting down and abandoning module VulkanShaderFormat (141)
[2017.10.20-01.43.21:729][673]LogModuleManager: Shutting down and abandoning module ShaderFormatVectorVM (139)
[2017.10.20-01.43.21:729][673]LogModuleManager: Shutting down and abandoning module ShaderFormatOpenGL (137)
[2017.10.20-01.43.21:729][673]LogModuleManager: Shutting down and abandoning module ShaderFormatD3D (135)
[2017.10.20-01.43.21:729][673]LogModuleManager: Shutting down and abandoning module MetalShaderFormat (133)
[2017.10.20-01.43.21:729][673]LogModuleManager: Shutting down and abandoning module TextureFormatUncompressed (131)
[2017.10.20-01.43.21:729][673]LogModuleManager: Shutting down and abandoning module TextureFormatPVR (129)
[2017.10.20-01.43.21:729][673]LogModuleManager: Shutting down and abandoning module TextureFormatDXT (127)
[2017.10.20-01.43.21:729][673]LogModuleManager: Shutting down and abandoning module TextureFormatIntelISPCTexComp (125)
[2017.10.20-01.43.21:729][673]LogModuleManager: Shutting down and abandoning module TextureFormatASTC (123)
[2017.10.20-01.43.21:729][673]LogModuleManager: Shutting down and abandoning module ImageWrapper (122)
[2017.10.20-01.43.21:729][673]LogModuleManager: Shutting down and abandoning module TextureFormatAndroid (119)
[2017.10.20-01.43.21:729][673]LogModuleManager: Shutting down and abandoning module AudioFormatOpus (117)
[2017.10.20-01.43.21:729][673]LogModuleManager: Shutting down and abandoning module AudioFormatOgg (115)
[2017.10.20-01.43.21:729][673]LogModuleManager: Shutting down and abandoning module AudioFormatADPCM (113)
[2017.10.20-01.43.21:729][673]LogModuleManager: Shutting down and abandoning module LinuxTargetPlatform (111)
[2017.10.20-01.43.21:729][673]LogModuleManager: Shutting down and abandoning module LinuxServerTargetPlatform (109)
[2017.10.20-01.43.21:729][673]LogModuleManager: Shutting down and abandoning module LinuxNoEditorTargetPlatform (107)
[2017.10.20-01.43.21:730][673]LogModuleManager: Shutting down and abandoning module LinuxClientTargetPlatform (105)
[2017.10.20-01.43.21:730][673]LogModuleManager: Shutting down and abandoning module TVOSTargetPlatform (103)
[2017.10.20-01.43.21:730][673]LogModuleManager: Shutting down and abandoning module Messaging (101)
[2017.10.20-01.43.21:730][673]LogModuleManager: Shutting down and abandoning module IOSTargetPlatform (99)
[2017.10.20-01.43.21:730][673]LogModuleManager: Shutting down and abandoning module HTML5TargetPlatform (97)
[2017.10.20-01.43.21:730][673]LogModuleManager: Shutting down and abandoning module Android_PVRTCTargetPlatform (95)
[2017.10.20-01.43.21:730][673]LogModuleManager: Shutting down and abandoning module Android_MultiTargetPlatform (93)
[2017.10.20-01.43.21:730][673]LogModuleManager: Shutting down and abandoning module Android_ETC2TargetPlatform (91)
[2017.10.20-01.43.21:730][673]LogModuleManager: Shutting down and abandoning module Android_ETC1TargetPlatform (89)
[2017.10.20-01.43.21:730][673]LogModuleManager: Shutting down and abandoning module Android_DXTTargetPlatform (87)
[2017.10.20-01.43.21:730][673]LogModuleManager: Shutting down and abandoning module Android_ATCTargetPlatform (85)
[2017.10.20-01.43.21:730][673]LogModuleManager: Shutting down and abandoning module Android_ASTCTargetPlatform (83)
[2017.10.20-01.43.21:730][673]LogModuleManager: Shutting down and abandoning module AndroidTargetPlatform (81)
[2017.10.20-01.43.21:730][673]LogModuleManager: Shutting down and abandoning module WindowsTargetPlatform (79)
[2017.10.20-01.43.21:730][673]LogModuleManager: Shutting down and abandoning module WindowsServerTargetPlatform (77)
[2017.10.20-01.43.21:730][673]LogModuleManager: Shutting down and abandoning module WindowsNoEditorTargetPlatform (75)
[2017.10.20-01.43.21:730][673]LogModuleManager: Shutting down and abandoning module WindowsClientTargetPlatform (73)
[2017.10.20-01.43.21:730][673]LogModuleManager: Shutting down and abandoning module MacTargetPlatform (71)
[2017.10.20-01.43.21:730][673]LogModuleManager: Shutting down and abandoning module MacServerTargetPlatform (69)
[2017.10.20-01.43.21:730][673]LogModuleManager: Shutting down and abandoning module MacNoEditorTargetPlatform (67)
[2017.10.20-01.43.21:730][673]LogModuleManager: Shutting down and abandoning module MacClientTargetPlatform (65)
[2017.10.20-01.43.21:730][673]LogModuleManager: Shutting down and abandoning module AllDesktopTargetPlatform (63)
[2017.10.20-01.43.21:730][673]LogModuleManager: Shutting down and abandoning module InputCore (60)
[2017.10.20-01.43.21:730][673]LogModuleManager: Shutting down and abandoning module Settings (58)
[2017.10.20-01.43.21:730][673]LogModuleManager: Shutting down and abandoning module PhysXCooking (56)
[2017.10.20-01.43.21:730][673]LogModuleManager: Shutting down and abandoning module SteamVR (54)
[2017.10.20-01.43.21:730][673]LogModuleManager: Shutting down and abandoning module OculusHMD (52)
[2017.10.20-01.43.21:730][673]LogModuleManager: Shutting down and abandoning module ExampleDeviceProfileSelector (50)
[2017.10.20-01.43.21:730][673]LogModuleManager: Shutting down and abandoning module OnlineBlueprintSupport (48)
[2017.10.20-01.43.21:730][673]LogModuleManager: Shutting down and abandoning module OnlineSubsystem (44)
[2017.10.20-01.43.21:730][673]LogOnline: Display: Unloading online subsystem: NULL
[2017.10.20-01.43.21:730][673]LogModuleManager: Shutting down and abandoning module XMPP (43)
[2017.10.20-01.43.21:731][673]LogModuleManager: Shutting down and abandoning module HTTP (41)
[2017.10.20-01.43.21:731][673]LogHttp: Display: Http module shutting down, but needs to wait on 1 outstanding Http requests:
[2017.10.20-01.43.21:731][673]LogHttp: Display: 	verb=[POST] url=[https://datarouter.ol.epicgames.com/datarouter/api/v1/public/data?SessionID=%7B79D4727E-4523-8D3C-BB3B-21ADD23DB491%7D&AppID=UEEditor.Rocket.Release&AppVersion=4.17.2-3658906%2B%2B%2BUE4%2BRelease-4.17&UserID=d3d74efc47da2793eb8da9b07620659a%7Cf9ba8167d65544789592f0624a931062%7C735fb740-dd00-473a-b138-f05197622829&AppEnvironment=datacollector-binary&UploadType=eteventstream] status=Processing
[2017.10.20-01.43.21:762][673]LogModuleManager: Shutting down and abandoning module SSL (40)
[2017.10.20-01.43.21:763][673]LogModuleManager: Shutting down and abandoning module AnimationModifiers (36)
[2017.10.20-01.43.21:763][673]LogModuleManager: Shutting down and abandoning module PropertyEditor (35)
[2017.10.20-01.43.21:763][673]LogModuleManager: Shutting down and abandoning module AudioEditor (32)
[2017.10.20-01.43.21:764][673]LogModuleManager: Shutting down and abandoning module TextureCompressor (30)
[2017.10.20-01.43.21:764][673]LogModuleManager: Shutting down and abandoning module ShaderCore (28)
[2017.10.20-01.43.21:764][673]LogModuleManager: Shutting down and abandoning module Landscape (26)
[2017.10.20-01.43.21:764][673]LogModuleManager: Shutting down and abandoning module SlateRHIRenderer (24)
[2017.10.20-01.43.21:765][673]LogModuleManager: Shutting down and abandoning module OpenGLDrv (22)
[2017.10.20-01.43.21:765][673]LogModuleManager: Shutting down and abandoning module D3D11RHI (20)
[2017.10.20-01.43.21:765][673]LogModuleManager: Shutting down and abandoning module AnimGraphRuntime (18)
[2017.10.20-01.43.21:765][673]LogModuleManager: Shutting down and abandoning module Renderer (16)
[2017.10.20-01.43.21:765][673]LogModuleManager: Shutting down and abandoning module Engine (14)
[2017.10.20-01.43.21:765][673]LogModuleManager: Shutting down and abandoning module CoreUObject (12)
[2017.10.20-01.43.21:765][673]LogModuleManager: Shutting down and abandoning module NetworkFile (10)
[2017.10.20-01.43.21:765][673]LogModuleManager: Shutting down and abandoning module CookedIterativeFile (8)
[2017.10.20-01.43.21:765][673]LogModuleManager: Shutting down and abandoning module StreamingFile (6)
[2017.10.20-01.43.21:765][673]LogModuleManager: Shutting down and abandoning module SandboxFile (4)
[2017.10.20-01.43.21:765][673]LogModuleManager: Shutting down and abandoning module PakFile (2)
[2017.10.20-01.43.21:766][673]LogExit: Exiting.
[2017.10.20-01.43.21:780][673]Log file closed, 10/19/17 20:43:21
