Log file open, 10/02/17 18:58:53
LogInit:Display: Running engine for game: MyProject
LogPlatformFile: Not using cached read wrapper
LogInit:Display: RandInit(814785869) SRandInit(814785869).
LogTaskGraph: Started task graph with 5 named threads and 6 total threads with 1 sets of task threads.
LogStats: Stats thread started at 0.105649
LogInit: Using libcurl 7.47.1
LogInit:  - built for x86_64-pc-win32
LogInit:  - supports SSL with OpenSSL/1.0.2g
LogInit:  - supports HTTP deflate (compression) using libz 1.2.8
LogInit:  - other features:
LogInit:      CURL_VERSION_SSL
LogInit:      CURL_VERSION_LIBZ
LogInit:      CURL_VERSION_IPV6
LogInit:      CURL_VERSION_ASYNCHDNS
LogInit:      CURL_VERSION_LARGEFILE
LogInit:      CURL_VERSION_IDN
LogInit:  CurlRequestOptions (configurable via config and command line):
LogInit:  - bVerifyPeer = false  - Libcurl will NOT verify peer certificate
LogInit:  - bUseHttpProxy = false  - Libcurl will NOT use HTTP proxy
LogInit:  - bDontReuseConnections = false  - Libcurl will reuse connections
LogInit:  - CertBundlePath = nullptr  - Libcurl will use whatever was configured at build time.
LogInit: Build: ++UE4+Release-4.16-CL-3466753
LogInit: Engine Version: 4.16.1-3466753+++UE4+Release-4.16
LogInit: Compatible Engine Version: 4.16.0-3452394+++UE4+Release-4.16
LogInit: Net CL: 3452394
LogDevObjectVersion: Number of dev versions registered: 16
LogDevObjectVersion:   Dev-Blueprints (B0D832E4-1F89-4F0D-ACCF-7EB736FD4AA2): 9
LogDevObjectVersion:   Dev-Build (E1C64328-A22C-4D53-A36C-8E866417BD8C): 0
LogDevObjectVersion:   Dev-Core (375EC13C-06E4-48FB-B500-84F0262A717E): 2
LogDevObjectVersion:   Dev-Editor (E4B068ED-F494-42E9-A231-DA0B2E46BB41): 17
LogDevObjectVersion:   Dev-Framework (CFFC743F-43B0-4480-9391-14DF171D2073): 23
LogDevObjectVersion:   Dev-Mobile (B02B49B5-BB20-44E9-A304-32B752E40360): 0
LogDevObjectVersion:   Dev-Networking (A4E4105C-59A1-49B5-A7C5-40C4547EDFEE): 0
LogDevObjectVersion:   Dev-Online (39C831C9-5AE6-47DC-9A44-9C173E1C8E7C): 0
LogDevObjectVersion:   Dev-Physics (78F01B33-EBEA-4F98-B9B4-84EACCB95AA2): 0
LogDevObjectVersion:   Dev-Platform (6631380F-2D4D-43E0-8009-CF276956A95A): 0
LogDevObjectVersion:   Dev-Rendering (12F88B9F-8875-4AFC-A67C-D90C383ABD29): 15
LogDevObjectVersion:   Dev-Sequencer (7B5AE74C-D270-4C10-A958-57980B212A5A): 4
LogDevObjectVersion:   Dev-VR (D7296918-1DD6-4BDD-9DE2-64A83CC13884): 0
LogDevObjectVersion:   Dev-LoadTimes (C2A15278-BFE7-4AFE-6C17-90FF531DF755): 1
LogDevObjectVersion:   Private-Geometry (6EACA3D4-40EC-4CC1-B786-8BED09428FC5): 1
LogDevObjectVersion:   Dev-AnimPhys (29E575DD-E0A3-4627-9D10-D276232CDCEA): 3
LogInit: Compiled (64-bit): May 31 2017 02:03:30
LogInit: Compiled with Visual C++: 19.00.24215.01
LogInit: Build Configuration: Development
LogInit: Branch Name: ++UE4+Release-4.16
LogInit: Command line:  
LogInit: Base directory: C:/Program Files/Epic Games/UE_4.16/Engine/Binaries/Win64/
LogInit: Installed Engine Build: 1
LogInit: Presizing for max 8388607 objects, including 0 objects not considered by GC, pre-allocating 0 bytes for permanent pool.
LogInit: Object subsystem initialized
[2017.10.02-22.58.55:138][  0]LogInit: Selected Device Profile: [Windows]
[2017.10.02-22.58.55:138][  0]LogInit: Applying CVar settings loaded from the selected device profile: [Windows]
[2017.10.02-22.58.55:159][  0]LogInit: Computer: DESKTOP-UJ1JGH9
[2017.10.02-22.58.55:159][  0]LogInit: User: Kareith
[2017.10.02-22.58.55:159][  0]LogInit: CPU Page size=4096, Cores=2
[2017.10.02-22.58.55:159][  0]LogInit: High frequency timer resolution =2.835941 MHz
[2017.10.02-22.58.55:159][  0]LogMemory: Memory total: Physical=11.9GB (12GB approx)
[2017.10.02-22.58.55:159][  0]LogMemory: Platform Memory Stats for Windows
[2017.10.02-22.58.55:159][  0]LogMemory: Process Physical Memory: 272.04 MB used, 272.04 MB peak
[2017.10.02-22.58.55:159][  0]LogMemory: Process Virtual Memory: 258.40 MB used, 258.40 MB peak
[2017.10.02-22.58.55:159][  0]LogMemory: Physical Memory: 9842.68 MB used,  2314.55 MB free, 12157.23 MB total
[2017.10.02-22.58.55:159][  0]LogMemory: Virtual Memory: 638.79 MB used,  2314.55 MB free, 134217728.00 MB total
[2017.10.02-22.58.55:390][  0]LogInit: Using OS detected language (en-US).
[2017.10.02-22.58.55:390][  0]LogInit: Using OS detected locale (en-US).
[2017.10.02-22.58.55:397][  0]LogTextLocalizationManager: No specific localization for 'en-US' exists, so the 'en' localization will be used.
[2017.10.02-22.58.56:814][  0]LogD3D11RHI: D3D11 adapters:
[2017.10.02-22.58.56:821][  0]LogD3D11RHI:    0. 'Intel(R) HD Graphics 620' (Feature Level 11_0)
[2017.10.02-22.58.56:821][  0]LogD3D11RHI:       128/0/6078 MB DedicatedVideo/DedicatedSystem/SharedSystem, Outputs:1, VendorId:0x8086
[2017.10.02-22.58.56:823][  0]LogD3D11RHI:    1. 'Microsoft Basic Render Driver' (Feature Level 11_0)
[2017.10.02-22.58.56:823][  0]LogD3D11RHI:       0/0/6078 MB DedicatedVideo/DedicatedSystem/SharedSystem, Outputs:0, VendorId:0x1414
[2017.10.02-22.58.56:823][  0]LogD3D11RHI: Chosen D3D11 Adapter: 0
[2017.10.02-22.58.56:834][  0]LogD3D11RHI: Creating new Direct3DDevice
[2017.10.02-22.58.56:834][  0]LogD3D11RHI:     GPU DeviceId: 0x5916 (for the marketing name, search the web for "GPU Device Id")
[2017.10.02-22.58.56:834][  0]LogWindows: EnumDisplayDevices:
[2017.10.02-22.58.56:834][  0]LogWindows:    0. 'Intel(R) HD Graphics 620' (P:1 D:1)
[2017.10.02-22.58.56:834][  0]LogWindows:    1. 'Intel(R) HD Graphics 620' (P:0 D:0)
[2017.10.02-22.58.56:835][  0]LogWindows:    2. 'Intel(R) HD Graphics 620' (P:0 D:0)
[2017.10.02-22.58.56:835][  0]LogWindows: DebugString: FoundDriverCount:3 
[2017.10.02-22.58.56:835][  0]LogD3D11RHI:     Adapter Name: Intel(R) HD Graphics 620
[2017.10.02-22.58.56:835][  0]LogD3D11RHI:   Driver Version: 21.20.16.4574 (internal:21.20.16.4574, unified:21.20.16.4574)
[2017.10.02-22.58.56:835][  0]LogD3D11RHI:      Driver Date: 12-23-2016
[2017.10.02-22.58.56:835][  0]LogRHI: Texture pool is 1361 MB (70% of 1945 MB)
[2017.10.02-22.58.56:840][  0]LogD3D11RHI: Async texture creation enabled
[2017.10.02-22.58.56:845][  0]LogD3D11RHI: GPU Timing Frequency: 12.000000 (Debug: 2 0)
[2017.10.02-22.58.56:847][  0]LogShaderCompilers: Guid format shader working directory is -19 characters bigger than the processId version (../../../../../../Users/Kareith/Documents/Unreal Projects/MyProject/Intermediate/Shaders/WorkingDirectory/5304/).
[2017.10.02-22.58.56:847][  0]LogShaderCompilers: Cleaned the shader compiler working directory 'C:/Users/Kareith/AppData/Local/Temp/UnrealShaderWorkingDir/AF182CA042F42697E8FD1F9EB207C141/'.
[2017.10.02-22.58.56:847][  0]LogShaderCompilers:Display: Using Local Shader Compiler.
[2017.10.02-22.58.58:407][  0]LogTemp:Display: Loaded TP AllDesktopTargetPlatform
[2017.10.02-22.58.58:526][  0]LogTemp:Display: Loaded TP MacClientTargetPlatform
[2017.10.02-22.58.58:640][  0]LogTemp:Display: Loaded TP MacNoEditorTargetPlatform
[2017.10.02-22.58.58:754][  0]LogTemp:Display: Loaded TP MacServerTargetPlatform
[2017.10.02-22.58.58:878][  0]LogTemp:Display: Loaded TP MacTargetPlatform
[2017.10.02-22.58.59:001][  0]LogTemp:Display: Loaded TP WindowsClientTargetPlatform
[2017.10.02-22.58.59:153][  0]LogTemp:Display: Loaded TP WindowsNoEditorTargetPlatform
[2017.10.02-22.58.59:296][  0]LogTemp:Display: Loaded TP WindowsServerTargetPlatform
[2017.10.02-22.58.59:420][  0]LogTemp:Display: Loaded TP WindowsTargetPlatform
[2017.10.02-22.58.59:557][  0]LogTemp:Display: Loaded TP AndroidTargetPlatform
[2017.10.02-22.58.59:701][  0]LogTemp:Display: Loaded TP Android_ASTCTargetPlatform
[2017.10.02-22.58.59:829][  0]LogTemp:Display: Loaded TP Android_ATCTargetPlatform
[2017.10.02-22.58.59:958][  0]LogTemp:Display: Loaded TP Android_DXTTargetPlatform
[2017.10.02-22.59.00:084][  0]LogTemp:Display: Loaded TP Android_ETC1TargetPlatform
[2017.10.02-22.59.00:213][  0]LogTemp:Display: Loaded TP Android_ETC2TargetPlatform
[2017.10.02-22.59.00:476][  0]LogTemp:Display: Loaded TP Android_MultiTargetPlatform
[2017.10.02-22.59.00:476][  0]LogTemp:Display: Loaded TP Android_PVRTCTargetPlatform
[2017.10.02-22.59.00:618][  0]LogTemp:Display: Loaded TP HTML5TargetPlatform
[2017.10.02-22.59.00:856][  0]LogTemp:Display: Loaded TP IOSTargetPlatform
[2017.10.02-22.59.00:937][  0]LogTemp:Display: Loaded TP TVOSTargetPlatform
[2017.10.02-22.59.01:073][  0]LogTemp:Display: Loaded TP LinuxClientTargetPlatform
[2017.10.02-22.59.01:213][  0]LogTemp:Display: Loaded TP LinuxNoEditorTargetPlatform
[2017.10.02-22.59.01:360][  0]LogTemp:Display: Loaded TP LinuxServerTargetPlatform
[2017.10.02-22.59.01:499][  0]LogTemp:Display: Loaded TP LinuxTargetPlatform
[2017.10.02-22.59.01:499][  0]LogTargetPlatformManager:Display: Building Assets For Windows
[2017.10.02-22.59.03:059][  0]LogDerivedDataCache:Display: Max Cache Size: 512 MB
[2017.10.02-22.59.03:197][  0]LogDerivedDataCache: Loaded boot cache 0.14s 90MB C:/Users/Kareith/AppData/Local/UnrealEngine/4.16/DerivedDataCache/Boot.ddc.
[2017.10.02-22.59.03:197][  0]LogDerivedDataCache:Display: Loaded Boot cache: C:/Users/Kareith/AppData/Local/UnrealEngine/4.16/DerivedDataCache/Boot.ddc
[2017.10.02-22.59.03:197][  0]LogDerivedDataCache: FDerivedDataBackendGraph:  Pak pak cache file ../../../../../../Users/Kareith/Documents/Unreal Projects/MyProject/DerivedDataCache/DDC.ddp not found, will not use a pak cache.
[2017.10.02-22.59.03:197][  0]LogDerivedDataCache: Unable to find inner node Pak for hierarchical cache Hierarchy.
[2017.10.02-22.59.03:197][  0]LogDerivedDataCache: FDerivedDataBackendGraph:  CompressedPak pak cache file ../../../../../../Users/Kareith/Documents/Unreal Projects/MyProject/DerivedDataCache/Compressed.ddp not found, will not use a pak cache.
[2017.10.02-22.59.03:197][  0]LogDerivedDataCache: Unable to find inner node CompressedPak for hierarchical cache Hierarchy.
[2017.10.02-22.59.03:220][  0]LogDerivedDataCache:Display: Pak cache opened for reading ../../../Engine/DerivedDataCache/Compressed.ddp.
[2017.10.02-22.59.03:234][  0]LogDerivedDataCache: Using Local data cache path C:/Users/Kareith/AppData/Local/UnrealEngine/Common/DerivedDataCache: Writable
[2017.10.02-22.59.03:251][  0]LogMaterial: Verifying Global Shaders for PCD3D_SM5
[2017.10.02-22.59.03:251][  0]LogSlate: Using Freetype 2.6.0
[2017.10.02-22.59.03:252][  0]LogSlate: SlateFontCache - WITH_FREETYPE: 1, WITH_HARFBUZZ: 1
[2017.10.02-22.59.03:252][  0]LogSlate: SlateFontCache - WITH_FREETYPE: 1, WITH_HARFBUZZ: 1
[2017.10.02-22.59.03:769][  0]LogInit: Selected Device Profile: [Windows]
[2017.10.02-22.59.03:890][  0]LogContentStreaming: Texture pool size is 0.00 MB
[2017.10.02-22.59.04:255][  0]LogMeshUtilities: Using QuadricMeshReduction for automatic static mesh reduction
[2017.10.02-22.59.04:401][  0]LogSimplygon: Simplygon DLL not present - disabling.
[2017.10.02-22.59.04:553][  0]LogMeshUtilities: Using SimplygonSwarm for distributed automatic mesh merging
[2017.10.02-22.59.04:553][  0]LogMeshUtilities: No automatic skeletal mesh reduction module available
[2017.10.02-22.59.04:553][  0]LogMeshUtilities: No automatic mesh merging module available
[2017.10.02-22.59.05:830][  0]LogNetVersion: MyProject , NetCL: 3452394, EngineNetVer: 2, GameNetVer: 0 (Checksum: 1111101373)
[2017.10.02-22.59.05:954][  0]LogAssetRegistry: FAssetRegistry took 0.0284 seconds to start up
[2017.10.02-22.59.06:092][  0]LogPackageLocalizationCache: Processed 4 localized package path(s) for 2 prioritized culture(s) in 0.068453 seconds
[2017.10.02-22.59.06:100][  0]LogUObjectArray: 34194 objects as part of root set at end of initial load.
[2017.10.02-22.59.06:100][  0]LogUObjectAllocator: 7260416 out of 0 bytes used by permanent object pool.
[2017.10.02-22.59.06:100][  0]LogUObjectArray: CloseDisregardForGC: 0/0 objects in disregard for GC pool
[2017.10.02-22.59.06:334][  0]LogInit: WinSock: version 1.1 (2.2), MaxSocks=32767, MaxUdp=65467
[2017.10.02-22.59.12:548][  0]LogTcpMessaging: Initializing TcpMessaging bridge
[2017.10.02-22.59.12:638][  0]LogUdpMessaging: Initializing bridge on interface 0.0.0.0:0 to multicast group 230.0.0.1:6666.
[2017.10.02-22.59.13:867][  0]LogMaterial: Uniform references updated for custom material expression Custom.
[2017.10.02-22.59.14:920][  0]SourceControl: Info Source control is disabled
[2017.10.02-22.59.14:983][  0]SourceControl: Info Source control is disabled
[2017.10.02-22.59.15:139][  0]SourceControl: Info Source control is disabled
[2017.10.02-22.59.15:308][  0]SourceControl: Info Source control is disabled
[2017.10.02-22.59.17:215][  0]LogAndroidPermission: UAndroidPermissionCallbackProxy::GetInstance
[2017.10.02-22.59.18:748][  0]LogEngine: Initializing Engine...
[2017.10.02-22.59.18:749][  0]LogHMD: Failed to initialize OpenVR with code 110
[2017.10.02-22.59.19:024][  0]LogStats: UGameplayTagsManager::ConstructGameplayTagTree: Construct from data asset -  0.000 s
[2017.10.02-22.59.19:024][  0]LogStats: UGameplayTagsManager::ConstructGameplayTagTree: GameplayTagTreeChangedEvent.Broadcast -  0.000 s
[2017.10.02-22.59.19:385][  0]LogAIModule: Creating AISystem for world Untitled
[2017.10.02-22.59.19:400][  0]LogInit: XAudio2 using 'Speakers / Headphones (Realtek Audio)' : 2 channels at 48 kHz using 32 bits per sample (channel mask 0x3)
[2017.10.02-22.59.19:492][  0]LogInit: FAudioDevice initialized.
[2017.10.02-22.59.19:547][  0]LogDerivedDataCache: Saved boot cache 0.06s 90MB C:/Users/Kareith/AppData/Local/UnrealEngine/4.16/DerivedDataCache/Boot.ddc.
[2017.10.02-22.59.19:559][  0]LogInit: Texture streaming: Enabled
[2017.10.02-22.59.19:830][  0]LogEngineSessionManager: EngineSessionManager initialized
[2017.10.02-22.59.20:428][  0]LogInit: Transaction tracking system initialized
[2017.10.02-22.59.21:370][  0]BlueprintLog: New page: Editor Load
[2017.10.02-22.59.24:359][  0]LocalizationService: Info Localization service is disabled
[2017.10.02-22.59.26:385][  0]LogConsoleResponse:Display: 
[2017.10.02-22.59.26:673][  0]LogCook:Display: Max memory allowance for cook 16384mb min free memory 0mb
[2017.10.02-22.59.26:673][  0]LogCook:Display: Mobile HDR setting 1
[2017.10.02-22.59.27:175][  0]LogFileCache: Scanning file cache for directory 'C:/Users/Kareith/Documents/Unreal Projects/MyProject/Content/' took 0.02s
[2017.10.02-22.59.29:742][  0]SourceControl: Info Source control is disabled
[2017.10.02-22.59.29:742][  0]Cmd: MAP LOAD FILE="../../../Engine/Content/Maps/Templates/Template_Default.umap" TEMPLATE=1 SHOWPROGRESS=1 FEATURELEVEL=3
[2017.10.02-22.59.29:743][  0]LightingResults: New page: Lighting Build
[2017.10.02-22.59.29:903][  0]MapCheck: New page: Map Check
[2017.10.02-22.59.29:903][  0]LightingResults: New page: Lighting Build
[2017.10.02-22.59.30:277][  0]LogAIModule: Creating AISystem for world Untitled_1
[2017.10.02-22.59.30:278][  0]LogActorComponent: RegisterComponentWithWorld: (/Temp/Untitled_1.Untitled_1:PersistentLevel.WorldSettings_1.StaticMeshComponent0) Trying to register component with IsPendingKill() == true. Aborting.
[2017.10.02-22.59.30:286][  0]LogEditorServer: Finished looking for orphan Actors (0.000 secs)
[2017.10.02-22.59.30:358][  0]Cmd: MAP CHECKDEP NOCLEARLOG
[2017.10.02-22.59.30:489][  0]MapCheck: Info Map check complete: 0 Error(s), 0 Warning(s), took 130.766ms to complete.
[2017.10.02-22.59.30:489][  0]LogFileHelpers: Loading map 'Template_Default' took 0.746
[2017.10.02-22.59.30:561][  0]LogWindowsTextInputMethodSystem:Display: IME system now deactivated.
[2017.10.02-22.59.30:561][  0]LogWindowsTextInputMethodSystem:Display: IME system now deactivated.
[2017.10.02-22.59.30:755][  0]LogCollectionManager: Loaded 0 collections in 0.002396 seconds
[2017.10.02-22.59.30:967][  0]LogFileCache: Scanning file cache for directory 'C:/Users/Kareith/Documents/Unreal Projects/MyProject/Saved/Collections/' took 0.01s
[2017.10.02-22.59.30:967][  0]LogFileCache: Scanning file cache for directory 'C:/Users/Kareith/Documents/Unreal Projects/MyProject/Content/Developers/Kareith/Collections/' took 0.01s
[2017.10.02-22.59.30:967][  0]LogFileCache: Scanning file cache for directory 'C:/Users/Kareith/Documents/Unreal Projects/MyProject/Content/Collections/' took 0.01s
[2017.10.02-22.59.30:967][  0]LogCollectionManager: Rebuilt the GUID cache for 0 collections in 0.000002 seconds
[2017.10.02-22.59.30:982][  0]LogContentBrowser: Native class hierarchy populated in 0.0150 seconds. Added 2329 classes and 491 folders.
[2017.10.02-22.59.31:245][  0]LogContentBrowser: Native class hierarchy updated for 'WidgetCarousel' in 0.0007 seconds. Added 0 classes and 0 folders.
[2017.10.02-22.59.31:319][  0]LogContentBrowser: Native class hierarchy updated for 'AddContentDialog' in 0.0015 seconds. Added 0 classes and 0 folders.
[2017.10.02-22.59.31:490][  0]LogCrashTracker: Crashtracker disabled due to settings.
[2017.10.02-22.59.33:037][  0]LogSlate: Only BGRA pngs, bmps or icos are supported in by External Image Picker
[2017.10.02-22.59.33:068][  0]LogSlate: Took 0.000250 seconds to synchronously load lazily loaded font '../../../Engine/Content/Slate/Fonts/Roboto-Regular.ttf' (155K)
[2017.10.02-22.59.33:071][  0]LogSlate: Took 0.000267 seconds to synchronously load lazily loaded font '../../../Engine/Content/Slate/Fonts/Roboto-Bold.ttf' (160K)
[2017.10.02-22.59.33:079][  0]LogSlate: Took 0.000217 seconds to synchronously load lazily loaded font '../../../Engine/Content/Editor/Slate/Fonts/FontAwesome.ttf' (139K)
[2017.10.02-22.59.33:251][  0]LogTemp: Executing iPhonePackager certificates Engine -bundlename com.YourCompany.MyProject
[2017.10.02-22.59.33:251][  0]LogTemp: CWD: C:\Program Files\Epic Games\UE_4.16\Engine\Binaries\DotNET\IOS
[2017.10.02-22.59.33:251][  0]LogTemp: Initial Dir: C:\Program Files\Epic Games\UE_4.16
[2017.10.02-22.59.33:251][  0]LogTemp: Env CWD: C:\Program Files\Epic Games\UE_4.16\Engine\Binaries\DotNET\IOS
[2017.10.02-22.59.33:251][  0]LogTemp: BranchPath = DESKTOP-UJ1JGH9/C/Program Files/Epic Games/UE_4.16/Engine/Binaries --- GameBranchPath = DESKTOP-UJ1JGH9/C/Program Files/Epic Games/UE_4.16/Engine/Binaries
[2017.10.02-22.59.33:251][  0]LogTemp: IPP ERROR: Could not find provision directory 'C:\Users\Kareith\AppData\Local/Apple Computer/MobileDevice/Provisioning Profiles/'.
[2017.10.02-22.59.33:251][  0]LogRenderer: Reallocating scene render targets to support 804x340 NumSamples 1 (Frame:1).
[2017.10.02-22.59.34:159][  0]LogUObjectGlobals:Warning: Failed to find object 'Class None.'
[2017.10.02-22.59.34:318][  0]LogContentBrowser: Native class hierarchy updated for 'HierarchicalLODOutliner' in 0.0007 seconds. Added 1 classes and 2 folders.
[2017.10.02-22.59.34:318][  0]LogLoad: (Engine Initialization) Total time: 42.81 seconds
[2017.10.02-22.59.34:318][  0]LogLoad: (Engine Initialization) Total Blueprint compile time: 0.22 seconds
[2017.10.02-22.59.34:318][  0]LogExternalProfiler: No external profilers were discovered.  External profiling features will not be available.
[2017.10.02-22.59.34:335][  0]LogOcInput: OculusInput pre-init called
[2017.10.02-22.59.34:335][  0]LogHMD: Starting GearVRController plugin
[2017.10.02-22.59.34:354][  0]LogContentStreaming: Texture pool size now 1000 MB
[2017.10.02-22.59.34:404][  0]LogSlate: Took 0.010063 seconds to synchronously load lazily loaded font '../../../Engine/Content/Slate/Fonts/Roboto-Light.ttf' (159K)
[2017.10.02-22.59.34:474][  1]LogAssetRegistry: Asset discovery search completed in 28.5411 seconds
[2017.10.02-22.59.34:476][  1]LogCollectionManager: Rebuilt the object cache for 0 collections in 0.000001 seconds (found 0 objects)
[2017.10.02-22.59.34:476][  1]LogCollectionManager: Fixed up redirectors for 0 collections in 0.000049 seconds (updated 0 objects)
[2017.10.02-22.59.56:330][774]LogTemp: Repeting last play command: Selected Viewport
[2017.10.02-22.59.56:474][774]LogPlayLevel: PlayLevel: No blueprints needed recompiling
[2017.10.02-22.59.56:478][774]PIE: New page: PIE session: Untitled_1 (Oct 2, 2017, 2:59:56 PM)
[2017.10.02-22.59.56:479][774]LogPlayLevel: Creating play world package: /Temp/UEDPIE_0_Untitled_1
[2017.10.02-22.59.56:492][774]LogPlayLevel: PIE: StaticDuplicateObject took: (0.012875s)
[2017.10.02-22.59.56:494][774]LogAIModule: Creating AISystem for world Untitled_1
[2017.10.02-22.59.56:494][774]LogPlayLevel: PIE: World Init took: (0.001592s)
[2017.10.02-22.59.56:496][774]LogPlayLevel: PIE: Created PIE world by copying editor world from /Temp/Untitled_1.Untitled_1 to /Temp/UEDPIE_0_Untitled_1.Untitled_1 (0.017090s)
[2017.10.02-22.59.56:548][774]LogInit: XAudio2 using 'Speakers / Headphones (Realtek Audio)' : 2 channels at 48 kHz using 32 bits per sample (channel mask 0x3)
[2017.10.02-22.59.56:650][774]LogInit: FAudioDevice initialized.
[2017.10.02-22.59.56:702][774]LogLoad: Game class is 'GameModeBase'
[2017.10.02-22.59.56:717][774]LogWorld: Bringing World /Temp/UEDPIE_0_Untitled_1.Untitled_1 up for play (max tick rate 0) at 2017.10.02-18.59.56
[2017.10.02-22.59.56:718][774]LogWorld: Bringing up level for play took: 0.003175
[2017.10.02-22.59.56:901][774]LogContentBrowser: Native class hierarchy updated for 'MovieSceneCapture' in 0.0008 seconds. Added 11 classes and 0 folders.
[2017.10.02-22.59.56:910][774]PIE: Info Play in editor start time for /Temp/UEDPIE_0_Untitled_1 -0.216
[2017.10.02-23.00.15:966][535]LogBlueprint:Warning: [Compiler Hamster_Bread] Warning InputAction Event references unknown Action 'Jump' for  InputAction Jump
[2017.10.02-23.00.15:967][535]LogBlueprint:Warning: [Compiler Hamster_Bread] Warning Input Axis Event references unknown Axis 'MoveRight' for  InputAxis MoveRight
[2017.10.02-23.00.15:972][535]LogBlueprint:Warning: [Compiler Hamster_Bread] Warning [0084.46] Compile of Hamster_Bread successful, but with 2 Warning(s) [in 16 ms] (/Game/Hamster_Bread/Hamster_Bread.Hamster_Bread)
[2017.10.02-23.00.15:972][535]LogBlueprint:Warning: [Compiler Hamster_Bread] Warning [0084.46] Compile of Hamster_Bread successful, but with 3 Warning(s) [in 0 ms] (/Game/Hamster_Bread/Hamster_Bread.Hamster_Bread)
[2017.10.02-23.00.15:972][535]LogBlueprint:Warning: [Compiler Hamster_Bread] Warning [0084.46] Compile of Hamster_Bread successful, but with 4 Warning(s) [in 0 ms] (/Game/Hamster_Bread/Hamster_Bread.Hamster_Bread)
[2017.10.02-23.00.15:986][535]LogBlueprint:Warning: [Compiler Hamster_Bread] Warning InputAction Event references unknown Action 'Jump' for  InputAction Jump
[2017.10.02-23.00.15:986][535]LogBlueprint:Warning: [Compiler Hamster_Bread] Warning Input Axis Event references unknown Axis 'MoveRight' for  InputAxis MoveRight
[2017.10.02-23.00.15:991][535]LogBlueprint:Warning: [Compiler Hamster_Bread] Warning [0084.48] Compile of Hamster_Bread successful, but with 2 Warning(s) [in 11 ms] (/Game/Hamster_Bread/Hamster_Bread.Hamster_Bread)
[2017.10.02-23.00.15:991][535]LogBlueprint:Warning: [Compiler Hamster_Bread] Warning [0084.48] Compile of Hamster_Bread successful, but with 3 Warning(s) [in 0 ms] (/Game/Hamster_Bread/Hamster_Bread.Hamster_Bread)
[2017.10.02-23.00.15:991][535]LogBlueprint:Warning: [Compiler Hamster_Bread] Warning [0084.48] Compile of Hamster_Bread successful, but with 4 Warning(s) [in 0 ms] (/Game/Hamster_Bread/Hamster_Bread.Hamster_Bread)
[2017.10.02-23.00.16:128][535]LogSlate: Took 0.000269 seconds to synchronously load lazily loaded font '../../../Engine/Content/Slate/Fonts/Roboto-Light.ttf' (159K)
[2017.10.02-23.00.16:672][535]LogSlate: Took 0.000245 seconds to synchronously load lazily loaded font '../../../Engine/Content/Slate/Fonts/Roboto-Regular.ttf' (155K)
[2017.10.02-23.00.17:020][535]LogContentBrowser: Native class hierarchy updated for 'BlueprintGraph' in 0.0010 seconds. Added 112 classes and 0 folders.
[2017.10.02-23.00.17:909][535]LogSlate: Took 0.005833 seconds to synchronously load lazily loaded font '../../../Engine/Content/Editor/Slate/Fonts/Roboto-BoldCondensed.ttf' (158K)
[2017.10.02-23.00.18:208][536]LogSlate: Took 0.004931 seconds to synchronously load lazily loaded font '../../../Engine/Content/Editor/Slate/Fonts/Roboto-Italic.ttf' (157K)
[2017.10.02-23.00.19:558][587]LogTemp: Repeting last play command: Selected Viewport
[2017.10.02-23.00.19:613][587]LogPlayLevel: PlayLevel: No blueprints needed recompiling
[2017.10.02-23.00.19:613][587]PIE: New page: PIE session: Untitled_1 (Oct 2, 2017, 3:00:19 PM)
[2017.10.02-23.00.19:613][587]LogPlayLevel: Creating play world package: /Temp/UEDPIE_0_Untitled_1
[2017.10.02-23.00.19:616][587]LogPlayLevel: PIE: StaticDuplicateObject took: (0.003119s)
[2017.10.02-23.00.19:617][587]LogAIModule: Creating AISystem for world Untitled_1
[2017.10.02-23.00.19:618][587]LogPlayLevel: PIE: World Init took: (0.001321s)
[2017.10.02-23.00.19:618][587]LogPlayLevel: PIE: Created PIE world by copying editor world from /Temp/Untitled_1.Untitled_1 to /Temp/UEDPIE_0_Untitled_1.Untitled_1 (0.004711s)
[2017.10.02-23.00.19:680][587]LogInit: XAudio2 using 'Speakers / Headphones (Realtek Audio)' : 2 channels at 48 kHz using 32 bits per sample (channel mask 0x3)
[2017.10.02-23.00.19:774][587]LogInit: FAudioDevice initialized.
[2017.10.02-23.00.19:815][587]LogLoad: Game class is 'GameModeBase'
[2017.10.02-23.00.19:817][587]LogWorld: Bringing World /Temp/UEDPIE_0_Untitled_1.Untitled_1 up for play (max tick rate 0) at 2017.10.02-19.00.19
[2017.10.02-23.00.19:817][587]LogWorld: Bringing up level for play took: 0.001454
[2017.10.02-23.00.19:819][587]PIE: Info Play in editor start time for /Temp/UEDPIE_0_Untitled_1 0.693
[2017.10.02-23.00.27:780][779]Cmd: SELECT NONE
[2017.10.02-23.00.28:644][811]Cmd: SELECT NONE
[2017.10.02-23.00.29:972][860]Cmd: SELECT NONE
[2017.10.02-23.00.41:333][137]LogTemp: Repeting last play command: Selected Viewport
[2017.10.02-23.00.41:407][137]LogPlayLevel: PlayLevel: No blueprints needed recompiling
[2017.10.02-23.00.41:407][137]PIE: New page: PIE session: Untitled_1 (Oct 2, 2017, 3:00:41 PM)
[2017.10.02-23.00.41:408][137]LogPlayLevel: Creating play world package: /Temp/UEDPIE_0_Untitled_1
[2017.10.02-23.00.41:411][137]LogPlayLevel: PIE: StaticDuplicateObject took: (0.003775s)
[2017.10.02-23.00.41:413][137]LogAIModule: Creating AISystem for world Untitled_1
[2017.10.02-23.00.41:414][137]LogPlayLevel: PIE: World Init took: (0.001992s)
[2017.10.02-23.00.41:414][137]LogPlayLevel: PIE: Created PIE world by copying editor world from /Temp/Untitled_1.Untitled_1 to /Temp/UEDPIE_0_Untitled_1.Untitled_1 (0.006200s)
[2017.10.02-23.00.41:485][137]LogInit: XAudio2 using 'Speakers / Headphones (Realtek Audio)' : 2 channels at 48 kHz using 32 bits per sample (channel mask 0x3)
[2017.10.02-23.00.41:593][137]LogInit: FAudioDevice initialized.
[2017.10.02-23.00.41:632][137]LogLoad: Game class is 'GameModeBase'
[2017.10.02-23.00.41:634][137]LogWorld: Bringing World /Temp/UEDPIE_0_Untitled_1.Untitled_1 up for play (max tick rate 0) at 2017.10.02-19.00.41
[2017.10.02-23.00.41:634][137]LogWorld: Bringing up level for play took: 0.001731
[2017.10.02-23.00.41:636][137]PIE: Info Play in editor start time for /Temp/UEDPIE_0_Untitled_1 0.51
[2017.10.02-23.00.48:500][412]LogAIModule: Creating AISystem for world Level_00
[2017.10.02-23.00.48:574][412]Cmd: MAP LOAD FILE="../../../../../../Users/Kareith/Documents/Unreal Projects/MyProject/Content/Hamster_Bread/Maps/Level_00.umap" TEMPLATE=0 SHOWPROGRESS=1 FEATURELEVEL=3
[2017.10.02-23.00.48:574][412]LightingResults: New page: Lighting Build
[2017.10.02-23.00.48:576][412]LoadErrors: New page: Loading map: Level_00.umap
[2017.10.02-23.00.48:576][412]MapCheck: New page: Map Check
[2017.10.02-23.00.48:576][412]LightingResults: New page: Lighting Build
[2017.10.02-23.00.48:753][412]LogEditorServer: Finished looking for orphan Actors (0.000 secs)
[2017.10.02-23.00.48:848][412]Cmd: MAP CHECKDEP NOCLEARLOG
[2017.10.02-23.00.49:021][412]MapCheck: Info Map check complete: 0 Error(s), 0 Warning(s), took 173.085ms to complete.
[2017.10.02-23.00.49:022][412]LogFileHelpers: Loading map 'Level_00' took 0.450
[2017.10.02-23.00.50:791][485]LogTemp: Repeting last play command: Selected Viewport
[2017.10.02-23.00.50:859][485]LogPlayLevel: PlayLevel: No blueprints needed recompiling
[2017.10.02-23.00.50:859][485]PIE: New page: PIE session: Level_00 (Oct 2, 2017, 3:00:50 PM)
[2017.10.02-23.00.50:859][485]LogPlayLevel: Creating play world package: /Game/Hamster_Bread/Maps/UEDPIE_0_Level_00
[2017.10.02-23.00.50:866][485]LogPlayLevel: PIE: StaticDuplicateObject took: (0.006904s)
[2017.10.02-23.00.50:867][485]LogAIModule: Creating AISystem for world Level_00
[2017.10.02-23.00.50:868][485]LogPlayLevel: PIE: World Init took: (0.001254s)
[2017.10.02-23.00.50:868][485]LogPlayLevel: PIE: Created PIE world by copying editor world from /Game/Hamster_Bread/Maps/Level_00.Level_00 to /Game/Hamster_Bread/Maps/UEDPIE_0_Level_00.Level_00 (0.008546s)
[2017.10.02-23.00.50:942][485]LogInit: XAudio2 using 'Speakers / Headphones (Realtek Audio)' : 2 channels at 48 kHz using 32 bits per sample (channel mask 0x3)
[2017.10.02-23.00.51:062][485]LogInit: FAudioDevice initialized.
[2017.10.02-23.00.51:099][485]LogLoad: Game class is '2DSideScrollerGameMode_C'
[2017.10.02-23.00.51:103][485]LogWorld: Bringing World /Game/Hamster_Bread/Maps/UEDPIE_0_Level_00.Level_00 up for play (max tick rate 0) at 2017.10.02-19.00.51
[2017.10.02-23.00.51:103][485]LogWorld: Bringing up level for play took: 0.002631
[2017.10.02-23.00.51:109][485]PIE: Info Play in editor start time for /Game/Hamster_Bread/Maps/UEDPIE_0_Level_00 -0.018
[2017.10.02-23.01.09:608][175]LogPlayLevel: PlayLevel: No blueprints needed recompiling
[2017.10.02-23.01.09:608][175]PIE: New page: PIE session: Level_00 (Oct 2, 2017, 3:01:09 PM)
[2017.10.02-23.01.09:608][175]LogPlayLevel: Creating play world package: /Game/Hamster_Bread/Maps/UEDPIE_0_Level_00
[2017.10.02-23.01.09:615][175]LogPlayLevel: PIE: StaticDuplicateObject took: (0.006756s)
[2017.10.02-23.01.09:616][175]LogAIModule: Creating AISystem for world Level_00
[2017.10.02-23.01.09:616][175]LogPlayLevel: PIE: World Init took: (0.001164s)
[2017.10.02-23.01.09:616][175]LogPlayLevel: PIE: Created PIE world by copying editor world from /Game/Hamster_Bread/Maps/Level_00.Level_00 to /Game/Hamster_Bread/Maps/UEDPIE_0_Level_00.Level_00 (0.008264s)
[2017.10.02-23.01.09:693][175]LogInit: XAudio2 using 'Speakers / Headphones (Realtek Audio)' : 2 channels at 48 kHz using 32 bits per sample (channel mask 0x3)
[2017.10.02-23.01.09:798][175]LogInit: FAudioDevice initialized.
[2017.10.02-23.01.09:840][175]LogLoad: Game class is '2DSideScrollerGameMode_C'
[2017.10.02-23.01.09:843][175]LogWorld: Bringing World /Game/Hamster_Bread/Maps/UEDPIE_0_Level_00.Level_00 up for play (max tick rate 0) at 2017.10.02-19.01.09
[2017.10.02-23.01.09:844][175]LogWorld: Bringing up level for play took: 0.002591
[2017.10.02-23.01.09:847][175]PIE: Info Play in editor start time for /Game/Hamster_Bread/Maps/UEDPIE_0_Level_00 0.721
[2017.10.02-23.01.18:876][419]LogRenderer: Reallocating scene render targets to support 804x424 NumSamples 1 (Frame:1).
[2017.10.02-23.01.22:761][519]LogTemp: Repeting last play command: Selected Viewport
[2017.10.02-23.01.22:811][519]LogPlayLevel: PlayLevel: No blueprints needed recompiling
[2017.10.02-23.01.22:812][519]PIE: New page: PIE session: Level_00 (Oct 2, 2017, 3:01:22 PM)
[2017.10.02-23.01.22:812][519]LogPlayLevel: Creating play world package: /Game/Hamster_Bread/Maps/UEDPIE_0_Level_00
[2017.10.02-23.01.22:816][519]LogPlayLevel: PIE: StaticDuplicateObject took: (0.004655s)
[2017.10.02-23.01.22:817][519]LogAIModule: Creating AISystem for world Level_00
[2017.10.02-23.01.22:818][519]LogPlayLevel: PIE: World Init took: (0.001425s)
[2017.10.02-23.01.22:818][519]LogPlayLevel: PIE: Created PIE world by copying editor world from /Game/Hamster_Bread/Maps/Level_00.Level_00 to /Game/Hamster_Bread/Maps/UEDPIE_0_Level_00.Level_00 (0.006492s)
[2017.10.02-23.01.22:888][519]LogInit: XAudio2 using 'Speakers / Headphones (Realtek Audio)' : 2 channels at 48 kHz using 32 bits per sample (channel mask 0x3)
[2017.10.02-23.01.22:993][519]LogInit: FAudioDevice initialized.
[2017.10.02-23.01.23:036][519]LogLoad: Game class is '2DSideScrollerGameMode_C'
[2017.10.02-23.01.23:039][519]LogWorld: Bringing World /Game/Hamster_Bread/Maps/UEDPIE_0_Level_00.Level_00 up for play (max tick rate 0) at 2017.10.02-19.01.23
[2017.10.02-23.01.23:040][519]LogWorld: Bringing up level for play took: 0.002838
[2017.10.02-23.01.23:042][519]PIE: Info Play in editor start time for /Game/Hamster_Bread/Maps/UEDPIE_0_Level_00 -0.084
[2017.10.02-23.01.40:347][ 27]LogTemp: Repeting last play command: Selected Viewport
[2017.10.02-23.01.40:387][ 27]LogPlayLevel: PlayLevel: No blueprints needed recompiling
[2017.10.02-23.01.40:387][ 27]PIE: New page: PIE session: Level_00 (Oct 2, 2017, 3:01:40 PM)
[2017.10.02-23.01.40:387][ 27]LogPlayLevel: Creating play world package: /Game/Hamster_Bread/Maps/UEDPIE_0_Level_00
[2017.10.02-23.01.40:391][ 27]LogPlayLevel: PIE: StaticDuplicateObject took: (0.003940s)
[2017.10.02-23.01.40:392][ 27]LogAIModule: Creating AISystem for world Level_00
[2017.10.02-23.01.40:392][ 27]LogPlayLevel: PIE: World Init took: (0.000958s)
[2017.10.02-23.01.40:392][ 27]LogPlayLevel: PIE: Created PIE world by copying editor world from /Game/Hamster_Bread/Maps/Level_00.Level_00 to /Game/Hamster_Bread/Maps/UEDPIE_0_Level_00.Level_00 (0.005253s)
[2017.10.02-23.01.40:442][ 27]LogInit: XAudio2 using 'Speakers / Headphones (Realtek Audio)' : 2 channels at 48 kHz using 32 bits per sample (channel mask 0x3)
[2017.10.02-23.01.40:529][ 27]LogInit: FAudioDevice initialized.
[2017.10.02-23.01.40:564][ 27]LogLoad: Game class is '2DSideScrollerGameMode_C'
[2017.10.02-23.01.40:566][ 27]LogWorld: Bringing World /Game/Hamster_Bread/Maps/UEDPIE_0_Level_00.Level_00 up for play (max tick rate 0) at 2017.10.02-19.01.40
[2017.10.02-23.01.40:567][ 27]LogWorld: Bringing up level for play took: 0.002588
[2017.10.02-23.01.40:568][ 27]PIE: Info Play in editor start time for /Game/Hamster_Bread/Maps/UEDPIE_0_Level_00 -0.558
[2017.10.02-23.01.48:018][356]LogTemp: Repeting last play command: Selected Viewport
[2017.10.02-23.01.48:106][356]LogPlayLevel: PlayLevel: No blueprints needed recompiling
[2017.10.02-23.01.48:106][356]PIE: New page: PIE session: Level_00 (Oct 2, 2017, 3:01:48 PM)
[2017.10.02-23.01.48:106][356]LogPlayLevel: Creating play world package: /Game/Hamster_Bread/Maps/UEDPIE_0_Level_00
[2017.10.02-23.01.48:112][356]LogPlayLevel: PIE: StaticDuplicateObject took: (0.005306s)
[2017.10.02-23.01.48:113][356]LogAIModule: Creating AISystem for world Level_00
[2017.10.02-23.01.48:113][356]LogPlayLevel: PIE: World Init took: (0.001162s)
[2017.10.02-23.01.48:113][356]LogPlayLevel: PIE: Created PIE world by copying editor world from /Game/Hamster_Bread/Maps/Level_00.Level_00 to /Game/Hamster_Bread/Maps/UEDPIE_0_Level_00.Level_00 (0.006854s)
[2017.10.02-23.01.48:184][356]LogInit: XAudio2 using 'Speakers / Headphones (Realtek Audio)' : 2 channels at 48 kHz using 32 bits per sample (channel mask 0x3)
[2017.10.02-23.01.48:302][356]LogInit: FAudioDevice initialized.
[2017.10.02-23.01.48:343][356]LogLoad: Game class is '2DSideScrollerGameMode_C'
[2017.10.02-23.01.48:346][356]LogWorld: Bringing World /Game/Hamster_Bread/Maps/UEDPIE_0_Level_00.Level_00 up for play (max tick rate 0) at 2017.10.02-19.01.48
[2017.10.02-23.01.48:346][356]LogWorld: Bringing up level for play took: 0.002565
[2017.10.02-23.01.48:349][356]PIE: Info Play in editor start time for /Game/Hamster_Bread/Maps/UEDPIE_0_Level_00 1.222
[2017.10.02-23.02.04:494][135]LogSlate: Took 0.000452 seconds to synchronously load lazily loaded font '../../../Engine/Content/Slate/Fonts/Roboto-Light.ttf' (159K)
[2017.10.02-23.03.37:622][689]LogWindowsTextInputMethodSystem:Display: IME system now deactivated.
[2017.10.02-23.03.37:622][689]LogWindowsTextInputMethodSystem:Display: IME system now deactivated.
[2017.10.02-23.03.37:898][690]Cmd: QUIT_EDITOR
[2017.10.02-23.03.38:387][690]LogExit: Preparing to exit.
[2017.10.02-23.03.38:990][690]LogDirectoryWatcher: A directory notification for 'C:/Users/Kareith/Documents/Unreal Projects/MyProject/Content/' was aborted.
[2017.10.02-23.03.39:038][690]LogExit: Editor shut down
[2017.10.02-23.03.39:042][690]LogExit: Transaction tracking system shut down
[2017.10.02-23.03.39:253][690]LogObj: Freed 0b from 0 cluster array pools.
[2017.10.02-23.03.39:253][690]LogExit: Object subsystem successfully closed.
[2017.10.02-23.03.39:288][690]LogD3D11RHI: Shutdown
[2017.10.02-23.03.39:288][690]LogD3D11RHI: CleanupD3DDevice
[2017.10.02-23.03.39:375][690]LogD3D11RHI: ~FD3D11DynamicRHI
[2017.10.02-23.03.39:432][690]LogModuleManager: Shutting down and abandoning module BlueprintGraph (530)
[2017.10.02-23.03.39:432][690]LogModuleManager: Shutting down and abandoning module BlueprintProfiler (528)
[2017.10.02-23.03.39:433][690]LogModuleManager: Shutting down and abandoning module MovieSceneCapture (526)
[2017.10.02-23.03.39:433][690]LogModuleManager: Shutting down and abandoning module HierarchicalLODOutliner (524)
[2017.10.02-23.03.39:433][690]LogModuleManager: Shutting down and abandoning module ExternalImagePicker (522)
[2017.10.02-23.03.39:433][690]LogModuleManager: Shutting down and abandoning module CrashTracker (520)
[2017.10.02-23.03.39:433][690]LogModuleManager: Shutting down and abandoning module AddContentDialog (518)
[2017.10.02-23.03.39:433][690]LogDirectoryWatcher: A directory notification for 'C:/Program Files/Epic Games/UE_4.16/FeaturePacks/' was aborted.
[2017.10.02-23.03.39:435][690]LogModuleManager: Shutting down and abandoning module WidgetCarousel (517)
[2017.10.02-23.03.39:435][690]LogModuleManager: Shutting down and abandoning module EditorWidgets (514)
[2017.10.02-23.03.39:435][690]LogModuleManager: Shutting down and abandoning module CollectionManager (512)
[2017.10.02-23.03.39:436][690]LogDirectoryWatcher: A directory notification for 'C:/Users/Kareith/Documents/Unreal Projects/MyProject/Content/Collections/' was aborted.
[2017.10.02-23.03.39:436][690]LogDirectoryWatcher: A directory notification for 'C:/Users/Kareith/Documents/Unreal Projects/MyProject/Content/Developers/Kareith/Collections/' was aborted.
[2017.10.02-23.03.39:436][690]LogDirectoryWatcher: A directory notification for 'C:/Users/Kareith/Documents/Unreal Projects/MyProject/Saved/Collections/' was aborted.
[2017.10.02-23.03.39:437][690]LogModuleManager: Shutting down and abandoning module StatsViewer (510)
[2017.10.02-23.03.39:437][690]LogModuleManager: Shutting down and abandoning module FoliageEdit (508)
[2017.10.02-23.03.39:437][690]LogModuleManager: Shutting down and abandoning module LandscapeEditor (506)
[2017.10.02-23.03.39:437][690]LogModuleManager: Shutting down and abandoning module MeshPaintMode (504)
[2017.10.02-23.03.39:437][690]LogModuleManager: Shutting down and abandoning module SceneDepthPickerMode (502)
[2017.10.02-23.03.39:437][690]LogModuleManager: Shutting down and abandoning module ActorPickerMode (500)
[2017.10.02-23.03.39:437][690]LogModuleManager: Shutting down and abandoning module GeometryMode (498)
[2017.10.02-23.03.39:437][690]LogModuleManager: Shutting down and abandoning module TextureAlignMode (496)
[2017.10.02-23.03.39:437][690]LogModuleManager: Shutting down and abandoning module BspMode (494)
[2017.10.02-23.03.39:437][690]LogModuleManager: Shutting down and abandoning module HardwareSurvey (492)
[2017.10.02-23.03.39:437][690]LogModuleManager: Shutting down and abandoning module SequenceRecorderSections (490)
[2017.10.02-23.03.39:437][690]LogModuleManager: Shutting down and abandoning module AutomationWorker (488)
[2017.10.02-23.03.39:437][690]LogModuleManager: Shutting down and abandoning module MatineeToLevelSequence (486)
[2017.10.02-23.03.39:437][690]LogModuleManager: Shutting down and abandoning module LevelSequenceEditor (484)
[2017.10.02-23.03.39:438][690]LogModuleManager: Shutting down and abandoning module PlacementMode (483)
[2017.10.02-23.03.39:438][690]LogModuleManager: Shutting down and abandoning module WmfMediaFactory (480)
[2017.10.02-23.03.39:438][690]LogModuleManager: Shutting down and abandoning module WmfMediaEditor (478)
[2017.10.02-23.03.39:438][690]LogModuleManager: Shutting down and abandoning module AvfMediaFactory (476)
[2017.10.02-23.03.39:438][690]LogModuleManager: Shutting down and abandoning module AvfMediaEditor (474)
[2017.10.02-23.03.39:438][690]LogModuleManager: Shutting down and abandoning module AndroidMediaFactory (472)
[2017.10.02-23.03.39:438][690]LogModuleManager: Shutting down and abandoning module Media (471)
[2017.10.02-23.03.39:438][690]LogModuleManager: Shutting down and abandoning module AndroidMediaEditor (468)
[2017.10.02-23.03.39:438][690]LogModuleManager: Shutting down and abandoning module CharacterAI (466)
[2017.10.02-23.03.39:438][690]LogModuleManager: Shutting down and abandoning module AudioCapture (464)
[2017.10.02-23.03.39:439][690]LogModuleManager: Shutting down and abandoning module SequenceRecorder (463)
[2017.10.02-23.03.39:439][690]LogModuleManager: Shutting down and abandoning module SmartSnapping (460)
[2017.10.02-23.03.39:439][690]LogModuleManager: Shutting down and abandoning module SessionServices (458)
[2017.10.02-23.03.39:439][690]LogModuleManager: Shutting down and abandoning module ViewportSnapping (456)
[2017.10.02-23.03.39:439][690]LogModuleManager: Shutting down and abandoning module ViewportInteraction (454)
[2017.10.02-23.03.39:439][690]LogModuleManager: Shutting down and abandoning module ClothPainter (452)
[2017.10.02-23.03.39:439][690]LogModuleManager: Shutting down and abandoning module LogVisualizer (450)
[2017.10.02-23.03.39:439][690]LogModuleManager: Shutting down and abandoning module IntroTutorials (448)
[2017.10.02-23.03.39:440][690]LogModuleManager: Shutting down and abandoning module GameProjectGeneration (447)
[2017.10.02-23.03.39:441][690]LogModuleManager: Shutting down and abandoning module EditorLiveStreaming (444)
[2017.10.02-23.03.39:441][690]LogModuleManager: Shutting down and abandoning module IOSPlatformEditor (442)
[2017.10.02-23.03.39:441][690]LogModuleManager: Shutting down and abandoning module HTML5PlatformEditor (440)
[2017.10.02-23.03.39:441][690]LogModuleManager: Shutting down and abandoning module AndroidPlatformEditor (438)
[2017.10.02-23.03.39:441][690]LogModuleManager: Shutting down and abandoning module AndroidDeviceDetection (437)
[2017.10.02-23.03.39:598][690]LogModuleManager: Shutting down and abandoning module IOSRuntimeSettings (434)
[2017.10.02-23.03.39:598][690]LogModuleManager: Shutting down and abandoning module AndroidRuntimeSettings (432)
[2017.10.02-23.03.39:599][690]LogModuleManager: Shutting down and abandoning module InputBindingEditor (430)
[2017.10.02-23.03.39:599][690]LogModuleManager: Shutting down and abandoning module MergeActors (428)
[2017.10.02-23.03.39:599][690]LogModuleManager: Shutting down and abandoning module SizeMap (426)
[2017.10.02-23.03.39:599][690]LogModuleManager: Shutting down and abandoning module TreeMap (424)
[2017.10.02-23.03.39:599][690]LogModuleManager: Shutting down and abandoning module ReferenceViewer (422)
[2017.10.02-23.03.39:599][690]LogModuleManager: Shutting down and abandoning module LocalizationDashboard (420)
[2017.10.02-23.03.39:599][690]LogModuleManager: Shutting down and abandoning module LocalizationService (419)
[2017.10.02-23.03.39:599][690]LogModuleManager: Shutting down and abandoning module HardwareTargeting (416)
[2017.10.02-23.03.39:599][690]LogModuleManager: Shutting down and abandoning module DeviceProfileEditor (414)
[2017.10.02-23.03.39:599][690]LogModuleManager: Shutting down and abandoning module UndoHistory (412)
[2017.10.02-23.03.39:599][690]LogModuleManager: Shutting down and abandoning module UserFeedback (410)
[2017.10.02-23.03.39:599][690]LogModuleManager: Shutting down and abandoning module XmlParser (408)
[2017.10.02-23.03.39:599][690]LogModuleManager: Shutting down and abandoning module Blutility (406)
[2017.10.02-23.03.39:599][690]LogModuleManager: Shutting down and abandoning module ProjectSettingsViewer (404)
[2017.10.02-23.03.39:599][690]LogModuleManager: Shutting down and abandoning module ProjectTargetPlatformEditor (403)
[2017.10.02-23.03.39:599][690]LogModuleManager: Shutting down and abandoning module EditorSettingsViewer (400)
[2017.10.02-23.03.39:599][690]LogModuleManager: Shutting down and abandoning module SettingsEditor (398)
[2017.10.02-23.03.39:599][690]LogModuleManager: Shutting down and abandoning module ProjectLauncher (396)
[2017.10.02-23.03.39:599][690]LogModuleManager: Shutting down and abandoning module SessionFrontend (394)
[2017.10.02-23.03.39:599][690]LogModuleManager: Shutting down and abandoning module ProfilerClient (392)
[2017.10.02-23.03.39:599][690]LogModuleManager: Shutting down and abandoning module DeviceManager (390)
[2017.10.02-23.03.39:599][690]LogModuleManager: Shutting down and abandoning module TargetDeviceServices (389)
[2017.10.02-23.03.39:652][690]LogModuleManager: Shutting down and abandoning module AutomationController (386)
[2017.10.02-23.03.39:652][690]LogModuleManager: Shutting down and abandoning module AutomationWindow (384)
[2017.10.02-23.03.39:652][690]LogModuleManager: Shutting down and abandoning module Layers (382)
[2017.10.02-23.03.39:652][690]LogModuleManager: Shutting down and abandoning module ComponentVisualizers (380)
[2017.10.02-23.03.39:652][690]LogModuleManager: Shutting down and abandoning module DetailCustomizations (378)
[2017.10.02-23.03.39:652][690]LogModuleManager: Shutting down and abandoning module PackagesDialog (376)
[2017.10.02-23.03.39:652][690]LogModuleManager: Shutting down and abandoning module Persona (374)
[2017.10.02-23.03.39:653][690]LogModuleManager: Shutting down and abandoning module AdvancedPreviewScene (373)
[2017.10.02-23.03.39:653][690]LogModuleManager: Shutting down and abandoning module AnimGraph (371)
[2017.10.02-23.03.39:653][690]LogModuleManager: Shutting down and abandoning module Kismet (368)
[2017.10.02-23.03.39:661][690]LogModuleManager: Shutting down and abandoning module ClassViewer (366)
[2017.10.02-23.03.39:661][690]LogModuleManager: Shutting down and abandoning module Toolbox (364)
[2017.10.02-23.03.39:661][690]LogModuleManager: Shutting down and abandoning module ModuleUI (362)
[2017.10.02-23.03.39:661][690]LogModuleManager: Shutting down and abandoning module MovieSceneTools (360)
[2017.10.02-23.03.39:663][690]LogModuleManager: Shutting down and abandoning module OutputLog (358)
[2017.10.02-23.03.39:663][690]LogModuleManager: Shutting down and abandoning module GammaUI (356)
[2017.10.02-23.03.39:663][690]LogModuleManager: Shutting down and abandoning module Documentation (354)
[2017.10.02-23.03.39:663][690]LogModuleManager: Shutting down and abandoning module MovieSceneTracks (352)
[2017.10.02-23.03.39:663][690]LogModuleManager: Shutting down and abandoning module MovieScene (350)
[2017.10.02-23.03.39:663][690]LogModuleManager: Shutting down and abandoning module Niagara (348)
[2017.10.02-23.03.39:663][690]LogModuleManager: Shutting down and abandoning module NiagaraEditor (347)
[2017.10.02-23.03.39:663][690]LogModuleManager: Shutting down and abandoning module StreamingPauseRendering (344)
[2017.10.02-23.03.39:663][690]LogModuleManager: Shutting down and abandoning module AnalyticsET (342)
[2017.10.02-23.03.39:663][690]LogModuleManager: Shutting down and abandoning module PortalServices (340)
[2017.10.02-23.03.39:663][690]LogModuleManager: Shutting down and abandoning module PortalRpc (338)
[2017.10.02-23.03.39:663][690]LogModuleManager: Shutting down and abandoning module MessagingRpc (336)
[2017.10.02-23.03.39:663][690]LogModuleManager: Shutting down and abandoning module AIModule (334)
[2017.10.02-23.03.39:664][690]LogModuleManager: Shutting down and abandoning module GameplayDebugger (333)
[2017.10.02-23.03.39:664][690]LogModuleManager: Shutting down and abandoning module AITestSuite (331)
[2017.10.02-23.03.39:664][690]LogModuleManager: Shutting down and abandoning module ProfilerService (328)
[2017.10.02-23.03.39:913][690]LogModuleManager: Shutting down and abandoning module TaskGraph (326)
[2017.10.02-23.03.39:913][690]LogModuleManager: Shutting down and abandoning module SteamVRController (324)
[2017.10.02-23.03.39:913][690]LogModuleManager: Shutting down and abandoning module SteamVR (322)
[2017.10.02-23.03.39:913][690]LogModuleManager: Shutting down and abandoning module ProceduralMeshComponentEditor (320)
[2017.10.02-23.03.39:913][690]LogModuleManager: Shutting down and abandoning module ProceduralMeshComponent (318)
[2017.10.02-23.03.39:913][690]LogModuleManager: Shutting down and abandoning module OculusLibrary (316)
[2017.10.02-23.03.39:913][690]LogModuleManager: Shutting down and abandoning module OculusInput (314)
[2017.10.02-23.03.39:913][690]LogModuleManager: Shutting down and abandoning module MobilePatchingUtils (312)
[2017.10.02-23.03.39:913][690]LogModuleManager: Shutting down and abandoning module CustomMeshComponent (310)
[2017.10.02-23.03.39:913][690]LogModuleManager: Shutting down and abandoning module CableComponent (308)
[2017.10.02-23.03.39:913][690]LogModuleManager: Shutting down and abandoning module ArchVisCharacter (306)
[2017.10.02-23.03.39:913][690]LogModuleManager: Shutting down and abandoning module AndroidPermission (304)
[2017.10.02-23.03.39:913][690]LogModuleManager: Shutting down and abandoning module MediaPlayerEditor (300)
[2017.10.02-23.03.39:913][690]LogModuleManager: Shutting down and abandoning module HTML5Networking (298)
[2017.10.02-23.03.39:913][690]LogModuleManager: Shutting down and abandoning module AlembicImporter (296)
[2017.10.02-23.03.39:913][690]LogModuleManager: Shutting down and abandoning module AlembicLibrary (295)
[2017.10.02-23.03.39:913][690]LogModuleManager: Shutting down and abandoning module GeometryCache (294)
[2017.10.02-23.03.39:913][690]LogModuleManager: Shutting down and abandoning module GeometryCacheEd (293)
[2017.10.02-23.03.39:913][690]LogModuleManager: Shutting down and abandoning module SuperSearchEditor (288)
[2017.10.02-23.03.39:913][690]LogModuleManager: Shutting down and abandoning module SuperSearch (287)
[2017.10.02-23.03.39:913][690]LogModuleManager: Shutting down and abandoning module SpeedTreeImporter (284)
[2017.10.02-23.03.39:913][690]LogModuleManager: Shutting down and abandoning module PluginBrowser (282)
[2017.10.02-23.03.39:913][690]LogModuleManager: Shutting down and abandoning module MobileLauncherProfileWizard (280)
[2017.10.02-23.03.39:913][690]LogModuleManager: Shutting down and abandoning module VisualStudioSourceCodeAccess (278)
[2017.10.02-23.03.39:913][690]LogModuleManager: Shutting down and abandoning module DesktopPlatform (277)
[2017.10.02-23.03.39:913][690]LogModuleManager: Shutting down and abandoning module UObjectPlugin (274)
[2017.10.02-23.03.39:913][690]LogModuleManager: Shutting down and abandoning module SubversionSourceControl (272)
[2017.10.02-23.03.39:913][690]LogModuleManager: Shutting down and abandoning module PerforceSourceControl (270)
[2017.10.02-23.03.39:913][690]LogModuleManager: Shutting down and abandoning module GitSourceControl (268)
[2017.10.02-23.03.39:913][690]LogModuleManager: Shutting down and abandoning module SourceControl (267)
[2017.10.02-23.03.39:915][690]LogModuleManager: Shutting down and abandoning module LightPropagationVolumeEditor (264)
[2017.10.02-23.03.39:915][690]LogModuleManager: Shutting down and abandoning module PaperTiledImporter (262)
[2017.10.02-23.03.39:915][690]LogModuleManager: Shutting down and abandoning module PaperSpriteSheetImporter (260)
[2017.10.02-23.03.39:915][690]LogModuleManager: Shutting down and abandoning module Paper2DEditor (258)
[2017.10.02-23.03.39:917][690]LogModuleManager: Shutting down and abandoning module MeshPaint (257)
[2017.10.02-23.03.39:917][690]LogModuleManager: Shutting down and abandoning module LevelEditor (255)
[2017.10.02-23.03.39:918][690]LogModuleManager: Shutting down and abandoning module PixelInspectorModule (254)
[2017.10.02-23.03.39:919][690]LogModuleManager: Shutting down and abandoning module MainFrame (252)
[2017.10.02-23.03.39:920][690]LogModuleManager: Shutting down and abandoning module HotReload (251)
[2017.10.02-23.03.39:922][690]LogModuleManager: Shutting down and abandoning module PhysXVehiclesEditor (246)
[2017.10.02-23.03.39:922][690]LogModuleManager: Shutting down and abandoning module PhysXVehicles (244)
[2017.10.02-23.03.39:922][690]LogModuleManager: Shutting down and abandoning module LocationServicesBPLibrary (242)
[2017.10.02-23.03.39:922][690]LogModuleManager: Shutting down and abandoning module ImmediatePhysicsEditor (240)
[2017.10.02-23.03.39:922][690]LogModuleManager: Shutting down and abandoning module ImmediatePhysics (238)
[2017.10.02-23.03.39:923][690]LogModuleManager: Shutting down and abandoning module UdpMessaging (236)
[2017.10.02-23.03.40:023][690]LogModuleManager: Shutting down and abandoning module TcpMessaging (234)
[2017.10.02-23.03.40:125][690]LogModuleManager: Shutting down and abandoning module GameplayTagsEditor (232)
[2017.10.02-23.03.40:129][690]LogModuleManager: Shutting down and abandoning module FacialAnimationEditor (230)
[2017.10.02-23.03.40:130][690]LogModuleManager: Shutting down and abandoning module FacialAnimation (228)
[2017.10.02-23.03.40:130][690]LogModuleManager: Shutting down and abandoning module AssetManagerEditor (226)
[2017.10.02-23.03.40:132][690]LogModuleManager: Shutting down and abandoning module GraphEditor (225)
[2017.10.02-23.03.40:132][690]LogModuleManager: Shutting down and abandoning module ContentBrowser (223)
[2017.10.02-23.03.40:134][690]LogModuleManager: Shutting down and abandoning module LightPropagationVolumeRuntime (220)
[2017.10.02-23.03.40:134][690]LogModuleManager: Shutting down and abandoning module Paper2D (218)
[2017.10.02-23.03.40:134][690]LogModuleManager: Shutting down and abandoning module WindowsMoviePlayer (216)
[2017.10.02-23.03.40:134][690]LogModuleManager: Shutting down and abandoning module WmfMedia (214)
[2017.10.02-23.03.40:135][690]LogModuleManager: Shutting down and abandoning module ClothingSystemEditor (212)
[2017.10.02-23.03.40:135][690]LogModuleManager: Shutting down and abandoning module ClothingSystemRuntime (210)
[2017.10.02-23.03.40:136][690]LogModuleManager: Shutting down and abandoning module MediaAssets (208)
[2017.10.02-23.03.40:136][690]LogModuleManager: Shutting down and abandoning module GameLiveStreaming (206)
[2017.10.02-23.03.40:136][690]LogModuleManager: Shutting down and abandoning module VREditor (204)
[2017.10.02-23.03.40:137][690]LogModuleManager: Shutting down and abandoning module StringTableEditor (202)
[2017.10.02-23.03.40:138][690]LogModuleManager: Shutting down and abandoning module GameplayTasksEditor (200)
[2017.10.02-23.03.40:138][690]LogModuleManager: Shutting down and abandoning module BehaviorTreeEditor (198)
[2017.10.02-23.03.40:140][690]LogModuleManager: Shutting down and abandoning module FunctionalTesting (196)
[2017.10.02-23.03.40:140][690]LogModuleManager: Shutting down and abandoning module CollisionAnalyzer (194)
[2017.10.02-23.03.40:141][690]LogModuleManager: Shutting down and abandoning module UMG (192)
[2017.10.02-23.03.40:141][690]LogModuleManager: Shutting down and abandoning module UMGEditor (191)
[2017.10.02-23.03.40:143][690]LogModuleManager: Shutting down and abandoning module Sequencer (190)
[2017.10.02-23.03.40:145][690]LogModuleManager: Shutting down and abandoning module AssetTools (188)
[2017.10.02-23.03.40:149][690]LogModuleManager: Shutting down and abandoning module MessageLog (187)
[2017.10.02-23.03.40:149][690]LogModuleManager: Shutting down and abandoning module WorkspaceMenuStructure (186)
[2017.10.02-23.03.40:149][690]LogModuleManager: Shutting down and abandoning module SlateReflector (180)
[2017.10.02-23.03.40:152][690]LogModuleManager: Shutting down and abandoning module Slate (178)
[2017.10.02-23.03.40:152][690]LogModuleManager: Shutting down and abandoning module EditorStyle (176)
[2017.10.02-23.03.40:158][690]LogModuleManager: Shutting down and abandoning module SourceCodeAccess (174)
[2017.10.02-23.03.40:158][690]LogModuleManager: Shutting down and abandoning module HeadMountedDisplay (172)
[2017.10.02-23.03.40:158][690]LogModuleManager: Shutting down and abandoning module XAudio2 (170)
[2017.10.02-23.03.40:158][690]LogModuleManager: Shutting down and abandoning module Networking (168)
[2017.10.02-23.03.40:158][690]LogModuleManager: Shutting down and abandoning module Core (164)
[2017.10.02-23.03.40:158][690]LogModuleManager: Shutting down and abandoning module AssetRegistry (162)
[2017.10.02-23.03.40:439][690]LogDirectoryWatcher: A directory notification for '../../../Engine/Content/' was aborted.
[2017.10.02-23.03.40:440][690]LogDirectoryWatcher: A directory notification for '../../../../../../Users/Kareith/Documents/Unreal Projects/MyProject/Content/' was aborted.
[2017.10.02-23.03.40:440][690]LogDirectoryWatcher: A directory notification for '../../../Engine/Plugins/2D/Paper2D/Content/' was aborted.
[2017.10.02-23.03.40:440][690]LogDirectoryWatcher: A directory notification for '../../../Engine/Plugins/Runtime/GearVR/Content/' was aborted.
[2017.10.02-23.03.40:443][690]LogModuleManager: Shutting down and abandoning module DirectoryWatcher (161)
[2017.10.02-23.03.40:444][690]LogModuleManager: Shutting down and abandoning module KismetCompiler (158)
[2017.10.02-23.03.40:444][690]LogModuleManager: Shutting down and abandoning module LevelSequence (156)
[2017.10.02-23.03.40:444][690]LogModuleManager: Shutting down and abandoning module PhysXFormats (154)
[2017.10.02-23.03.40:444][690]LogModuleManager: Shutting down and abandoning module MeshUtilities (152)
[2017.10.02-23.03.40:448][690]LogModuleManager: Shutting down and abandoning module SimplygonSwarm (151)
[2017.10.02-23.03.40:448][690]LogModuleManager: Shutting down and abandoning module SimplygonMeshReduction (149)
[2017.10.02-23.03.40:448][690]LogModuleManager: Shutting down and abandoning module QuadricMeshReduction (147)
[2017.10.02-23.03.40:449][690]LogModuleManager: Shutting down and abandoning module DerivedDataCache (144)
[2017.10.02-23.03.40:497][690]LogDerivedDataCache: Shutdown
[2017.10.02-23.03.40:497][690]LogModuleManager: Shutting down and abandoning module TargetPlatform (142)
[2017.10.02-23.03.40:497][690]LogModuleManager: Shutting down and abandoning module VulkanShaderFormat (141)
[2017.10.02-23.03.40:499][690]LogModuleManager: Shutting down and abandoning module ShaderFormatVectorVM (139)
[2017.10.02-23.03.40:499][690]LogModuleManager: Shutting down and abandoning module ShaderFormatOpenGL (137)
[2017.10.02-23.03.40:500][690]LogModuleManager: Shutting down and abandoning module ShaderFormatD3D (135)
[2017.10.02-23.03.40:500][690]LogModuleManager: Shutting down and abandoning module MetalShaderFormat (133)
[2017.10.02-23.03.40:501][690]LogModuleManager: Shutting down and abandoning module TextureFormatUncompressed (131)
[2017.10.02-23.03.40:501][690]LogModuleManager: Shutting down and abandoning module TextureFormatPVR (129)
[2017.10.02-23.03.40:501][690]LogModuleManager: Shutting down and abandoning module TextureFormatDXT (127)
[2017.10.02-23.03.40:501][690]LogModuleManager: Shutting down and abandoning module TextureFormatIntelISPCTexComp (125)
[2017.10.02-23.03.40:502][690]LogModuleManager: Shutting down and abandoning module TextureFormatASTC (123)
[2017.10.02-23.03.40:502][690]LogModuleManager: Shutting down and abandoning module ImageWrapper (122)
[2017.10.02-23.03.40:502][690]LogModuleManager: Shutting down and abandoning module TextureFormatAndroid (119)
[2017.10.02-23.03.40:502][690]LogModuleManager: Shutting down and abandoning module AudioFormatOpus (117)
[2017.10.02-23.03.40:502][690]LogModuleManager: Shutting down and abandoning module AudioFormatOgg (115)
[2017.10.02-23.03.40:502][690]LogModuleManager: Shutting down and abandoning module AudioFormatADPCM (113)
[2017.10.02-23.03.40:502][690]LogModuleManager: Shutting down and abandoning module LinuxTargetPlatform (111)
[2017.10.02-23.03.40:502][690]LogModuleManager: Shutting down and abandoning module LinuxServerTargetPlatform (109)
[2017.10.02-23.03.40:502][690]LogModuleManager: Shutting down and abandoning module LinuxNoEditorTargetPlatform (107)
[2017.10.02-23.03.40:502][690]LogModuleManager: Shutting down and abandoning module LinuxClientTargetPlatform (105)
[2017.10.02-23.03.40:502][690]LogModuleManager: Shutting down and abandoning module TVOSTargetPlatform (103)
[2017.10.02-23.03.40:502][690]LogModuleManager: Shutting down and abandoning module Messaging (101)
[2017.10.02-23.03.40:502][690]LogModuleManager: Shutting down and abandoning module IOSTargetPlatform (99)
[2017.10.02-23.03.40:502][690]LogModuleManager: Shutting down and abandoning module HTML5TargetPlatform (97)
[2017.10.02-23.03.40:502][690]LogModuleManager: Shutting down and abandoning module Android_PVRTCTargetPlatform (95)
[2017.10.02-23.03.40:502][690]LogModuleManager: Shutting down and abandoning module Android_MultiTargetPlatform (93)
[2017.10.02-23.03.40:502][690]LogModuleManager: Shutting down and abandoning module Android_ETC2TargetPlatform (91)
[2017.10.02-23.03.40:503][690]LogModuleManager: Shutting down and abandoning module Android_ETC1TargetPlatform (89)
[2017.10.02-23.03.40:503][690]LogModuleManager: Shutting down and abandoning module Android_DXTTargetPlatform (87)
[2017.10.02-23.03.40:503][690]LogModuleManager: Shutting down and abandoning module Android_ATCTargetPlatform (85)
[2017.10.02-23.03.40:504][690]LogModuleManager: Shutting down and abandoning module Android_ASTCTargetPlatform (83)
[2017.10.02-23.03.40:504][690]LogModuleManager: Shutting down and abandoning module AndroidTargetPlatform (81)
[2017.10.02-23.03.40:504][690]LogModuleManager: Shutting down and abandoning module WindowsTargetPlatform (79)
[2017.10.02-23.03.40:504][690]LogModuleManager: Shutting down and abandoning module WindowsServerTargetPlatform (77)
[2017.10.02-23.03.40:504][690]LogModuleManager: Shutting down and abandoning module WindowsNoEditorTargetPlatform (75)
[2017.10.02-23.03.40:504][690]LogModuleManager: Shutting down and abandoning module WindowsClientTargetPlatform (73)
[2017.10.02-23.03.40:504][690]LogModuleManager: Shutting down and abandoning module MacTargetPlatform (71)
[2017.10.02-23.03.40:504][690]LogModuleManager: Shutting down and abandoning module MacServerTargetPlatform (69)
[2017.10.02-23.03.40:504][690]LogModuleManager: Shutting down and abandoning module MacNoEditorTargetPlatform (67)
[2017.10.02-23.03.40:504][690]LogModuleManager: Shutting down and abandoning module MacClientTargetPlatform (65)
[2017.10.02-23.03.40:504][690]LogModuleManager: Shutting down and abandoning module AllDesktopTargetPlatform (63)
[2017.10.02-23.03.40:504][690]LogModuleManager: Shutting down and abandoning module InputCore (60)
[2017.10.02-23.03.40:504][690]LogModuleManager: Shutting down and abandoning module Settings (58)
[2017.10.02-23.03.40:504][690]LogModuleManager: Shutting down and abandoning module OculusRift (56)
[2017.10.02-23.03.40:504][690]LogModuleManager: Shutting down and abandoning module GearVRController (54)
[2017.10.02-23.03.40:504][690]LogModuleManager: Shutting down and abandoning module GearVR (52)
[2017.10.02-23.03.40:505][690]LogModuleManager: Shutting down and abandoning module ExampleDeviceProfileSelector (50)
[2017.10.02-23.03.40:505][690]LogModuleManager: Shutting down and abandoning module OnlineBlueprintSupport (48)
[2017.10.02-23.03.40:505][690]LogModuleManager: Shutting down and abandoning module OnlineSubsystem (44)
[2017.10.02-23.03.40:505][690]LogOnline:Display: Unloading online subsystem: NULL
[2017.10.02-23.03.40:505][690]LogModuleManager: Shutting down and abandoning module XMPP (43)
[2017.10.02-23.03.40:507][690]LogModuleManager: Shutting down and abandoning module HTTP (41)
[2017.10.02-23.03.40:507][690]LogHttp:Display: Http module shutting down, but needs to wait on 1 outstanding Http requests:
[2017.10.02-23.03.40:507][690]LogHttp:Display: 	verb=[POST] url=[https://datarouter.ol.epicgames.com/datarouter/api/v1/public/data?SessionID=%7BD6579259-424B-9D68-16D7-50B7E8D5DD78%7D&AppID=UEEditor.Rocket.Release&AppVersion=4.16.1-3466753%2B%2B%2BUE4%2BRelease-4.16&UserID=96ce0a5d40005eaa82a29885b3edfbb3%7C417d7a39926e438086d0d891ce86dcc8%7Cdaac4de8-8bec-471c-b840-517f8d95a2ea&AppEnvironment=datacollector-binary&UploadType=eteventstream] status=Processing
[2017.10.02-23.03.40:522][690]LogModuleManager: Shutting down and abandoning module SSL (40)
[2017.10.02-23.03.40:525][690]LogModuleManager: Shutting down and abandoning module HTTPChunkInstaller (36)
[2017.10.02-23.03.40:526][690]LogModuleManager: Shutting down and abandoning module AnimationModifiers (34)
[2017.10.02-23.03.40:527][690]LogModuleManager: Shutting down and abandoning module PropertyEditor (33)
[2017.10.02-23.03.40:527][690]LogModuleManager: Shutting down and abandoning module AudioEditor (30)
[2017.10.02-23.03.40:528][690]LogModuleManager: Shutting down and abandoning module TextureCompressor (28)
[2017.10.02-23.03.40:529][690]LogModuleManager: Shutting down and abandoning module ShaderCore (26)
[2017.10.02-23.03.40:529][690]LogModuleManager: Shutting down and abandoning module Landscape (24)
[2017.10.02-23.03.40:529][690]LogModuleManager: Shutting down and abandoning module SlateRHIRenderer (22)
[2017.10.02-23.03.40:531][690]LogModuleManager: Shutting down and abandoning module OpenGLDrv (20)
[2017.10.02-23.03.40:533][690]LogModuleManager: Shutting down and abandoning module D3D11RHI (18)
[2017.10.02-23.03.40:533][690]LogModuleManager: Shutting down and abandoning module AnimGraphRuntime (16)
[2017.10.02-23.03.40:533][690]LogModuleManager: Shutting down and abandoning module Renderer (14)
[2017.10.02-23.03.40:533][690]LogModuleManager: Shutting down and abandoning module Engine (12)
[2017.10.02-23.03.40:533][690]LogModuleManager: Shutting down and abandoning module CoreUObject (10)
[2017.10.02-23.03.40:533][690]LogModuleManager: Shutting down and abandoning module NetworkFile (8)
[2017.10.02-23.03.40:534][690]LogModuleManager: Shutting down and abandoning module StreamingFile (6)
[2017.10.02-23.03.40:534][690]LogModuleManager: Shutting down and abandoning module SandboxFile (4)
[2017.10.02-23.03.40:534][690]LogModuleManager: Shutting down and abandoning module PakFile (2)
[2017.10.02-23.03.40:536][690]LogExit: Exiting.
[2017.10.02-23.03.40:551][690]Log file closed, 10/02/17 19:03:40
